---------------------------------------------------------------
[ 2018-11-15T00:33:30+08:00 ] 127.0.0.1 GET /protocol/admin_index/verify/id/2.html
[ info ] signonline.net/protocol/admin_index/verify/id/2.html [运行时间：0.531480s][吞吐率：1.88req/s] [内存消耗：523.47kb] [文件加载：68]
[ info ] [ CACHE ] INIT File
[ info ] [ BEHAVIOR ] Run cmf\behavior\InitHookBehavior @app_init [ RunTime:0.025086s ]
[ info ] [ LANG ] /var/www/sign_online/admin/simplewind/thinkphp/lang/zh-cn.php
[ info ] [ ROUTE ] array (
  'type' => 'module',
  'module' => 
  array (
    0 => 'protocol',
    1 => 'admin_index',
    2 => 'verify',
  ),
)
[ info ] [ HEADER ] array (
  'host' => 'signonline.net',
  'connection' => 'keep-alive',
  'cache-control' => 'max-age=0',
  'upgrade-insecure-requests' => '1',
  'user-agent' => 'Mozilla/5.0 (X11; Linux x86_64) AppleWebKit/537.36 (KHTML, like Gecko) snap Chromium/70.0.3538.77 Chrome/70.0.3538.77 Safari/537.36',
  'accept' => 'text/html,application/xhtml+xml,application/xml;q=0.9,image/webp,image/apng,*/*;q=0.8',
  'referer' => 'http://signonline.net/protocol/admin_index/verify/id/2.html',
  'accept-encoding' => 'gzip, deflate',
  'accept-language' => 'zh-CN,zh;q=0.9,en;q=0.8,en-US;q=0.7',
  'cookie' => 'thinkphp_show_page_trace=0|0; thinkphp_show_page_trace=0|0; refersh_time=0; admin_username=admin; PHPSESSID=u6o7ppu5kbqubs0oh5fa5jknvi',
)
[ info ] [ PARAM ] array (
  'id' => '2',
)
[ info ] [ LANG ] /var/www/sign_online/admin/public/../simplewind/cmf/lang/zh-cn.php
[ info ] [ LANG ] /var/www/sign_online/admin/public/../app/admin/lang/zh-cn/common.php
[ info ] [ LANG ] /var/www/sign_online/admin/public/../app/frame/lang/zh-cn/common.php
[ info ] [ LANG ] /var/www/sign_online/admin/public/../app/identity/lang/zh-cn/common.php
[ info ] [ LANG ] /var/www/sign_online/admin/public/../app/portal/lang/zh-cn/common.php
[ info ] [ LANG ] /var/www/sign_online/admin/public/../app/protocol/lang/zh-cn/common.php
[ info ] [ LANG ] /var/www/sign_online/admin/public/../app/role/lang/zh-cn/common.php
[ info ] [ LANG ] /var/www/sign_online/admin/public/../app/seal/lang/zh-cn/common.php
[ info ] [ LANG ] /var/www/sign_online/admin/public/../app/vague/lang/zh-cn/common.php
[ info ] [ BEHAVIOR ] Run cmf\behavior\LangBehavior @app_begin [ RunTime:0.078473s ]
[ info ] [ LANG ] /var/www/sign_online/admin/public/../app/protocol/lang/zh-cn.php
[ info ] [ BEHAVIOR ] Run cmf\behavior\InitAppHookBehavior @module_init [ RunTime:0.010579s ]
[ info ] [ LANG ] /var/www/sign_online/admin/public/../app/admin/lang/zh-cn/admin_menu.php
[ info ] [ LANG ] /var/www/sign_online/admin/public/../app/admin/lang/zh-cn/admin.php
[ info ] [ LANG ] /var/www/sign_online/admin/public/../app/user/lang/zh-cn/admin_menu.php
[ info ] [ LANG ] /var/www/sign_online/admin/public/../data/lang/zh-cn/admin_menu.php
[ info ] [ BEHAVIOR ] Run cmf\behavior\AdminLangBehavior @admin_init [ RunTime:0.043946s ]
[ info ] [ SESSION ] INIT array (
  'id' => '',
  'var_session_id' => '',
  'prefix' => 'think',
  'type' => '',
  'auto_start' => true,
)
[ info ] [ LOG ] INIT File
---------------------------------------------------------------
[ 2018-11-15T00:33:30+08:00 ] 127.0.0.1 GET /admin/public/login.html
[ info ] signonline.net/admin/public/login.html [运行时间：0.061043s][吞吐率：16.38req/s] [内存消耗：364.33kb] [文件加载：65]
[ info ] [ CACHE ] INIT File
[ info ] [ BEHAVIOR ] Run cmf\behavior\InitHookBehavior @app_init [ RunTime:0.000367s ]
[ info ] [ LANG ] /var/www/sign_online/admin/simplewind/thinkphp/lang/zh-cn.php
[ info ] [ ROUTE ] array (
  'type' => 'module',
  'module' => 
  array (
    0 => 'admin',
    1 => 'public',
    2 => 'login',
  ),
)
[ info ] [ HEADER ] array (
  'host' => 'signonline.net',
  'connection' => 'keep-alive',
  'cache-control' => 'max-age=0',
  'upgrade-insecure-requests' => '1',
  'user-agent' => 'Mozilla/5.0 (X11; Linux x86_64) AppleWebKit/537.36 (KHTML, like Gecko) snap Chromium/70.0.3538.77 Chrome/70.0.3538.77 Safari/537.36',
  'accept' => 'text/html,application/xhtml+xml,application/xml;q=0.9,image/webp,image/apng,*/*;q=0.8',
  'referer' => 'http://signonline.net/protocol/admin_index/verify/id/2.html',
  'accept-encoding' => 'gzip, deflate',
  'accept-language' => 'zh-CN,zh;q=0.9,en;q=0.8,en-US;q=0.7',
  'cookie' => 'thinkphp_show_page_trace=0|0; admin_username=admin; PHPSESSID=u6o7ppu5kbqubs0oh5fa5jknvi',
)
[ info ] [ PARAM ] array (
)
[ info ] [ LANG ] /var/www/sign_online/admin/public/../simplewind/cmf/lang/zh-cn.php
[ info ] [ LANG ] /var/www/sign_online/admin/public/../app/admin/lang/zh-cn/common.php
[ info ] [ LANG ] /var/www/sign_online/admin/public/../app/frame/lang/zh-cn/common.php
[ info ] [ LANG ] /var/www/sign_online/admin/public/../app/identity/lang/zh-cn/common.php
[ info ] [ LANG ] /var/www/sign_online/admin/public/../app/portal/lang/zh-cn/common.php
[ info ] [ LANG ] /var/www/sign_online/admin/public/../app/protocol/lang/zh-cn/common.php
[ info ] [ LANG ] /var/www/sign_online/admin/public/../app/role/lang/zh-cn/common.php
[ info ] [ LANG ] /var/www/sign_online/admin/public/../app/seal/lang/zh-cn/common.php
[ info ] [ LANG ] /var/www/sign_online/admin/public/../app/vague/lang/zh-cn/common.php
[ info ] [ BEHAVIOR ] Run cmf\behavior\LangBehavior @app_begin [ RunTime:0.000657s ]
[ info ] [ LANG ] /var/www/sign_online/admin/public/../app/admin/lang/zh-cn.php
[ info ] [ BEHAVIOR ] Run cmf\behavior\InitAppHookBehavior @module_init [ RunTime:0.017503s ]
[ info ] [ RUN ] app\admin\controller\PublicController->login[ /var/www/sign_online/admin/app/admin/controller/PublicController.php ]
[ info ] [ SESSION ] INIT array (
  'id' => '',
  'var_session_id' => '',
  'prefix' => 'think',
  'type' => '',
  'auto_start' => true,
)
[ info ] [ LOG ] INIT File
---------------------------------------------------------------
[ 2018-11-15T00:33:30+08:00 ] 127.0.0.1 GET /
[ info ] signonline.net/ [运行时间：0.019667s][吞吐率：50.85req/s] [内存消耗：397.98kb] [文件加载：68]
[ info ] [ CACHE ] INIT File
[ info ] [ BEHAVIOR ] Run cmf\behavior\InitHookBehavior @app_init [ RunTime:0.000516s ]
[ info ] [ LANG ] /var/www/sign_online/admin/simplewind/thinkphp/lang/zh-cn.php
[ info ] [ ROUTE ] array (
  'type' => 'module',
  'module' => 
  array (
    0 => '',
    1 => NULL,
    2 => NULL,
  ),
)
[ info ] [ HEADER ] array (
  'host' => 'signonline.net',
  'connection' => 'keep-alive',
  'cache-control' => 'max-age=0',
  'upgrade-insecure-requests' => '1',
  'user-agent' => 'Mozilla/5.0 (X11; Linux x86_64) AppleWebKit/537.36 (KHTML, like Gecko) snap Chromium/70.0.3538.77 Chrome/70.0.3538.77 Safari/537.36',
  'accept' => 'text/html,application/xhtml+xml,application/xml;q=0.9,image/webp,image/apng,*/*;q=0.8',
  'referer' => 'http://signonline.net/protocol/admin_index/verify/id/2.html',
  'accept-encoding' => 'gzip, deflate',
  'accept-language' => 'zh-CN,zh;q=0.9,en;q=0.8,en-US;q=0.7',
  'cookie' => 'admin_username=admin; PHPSESSID=u6o7ppu5kbqubs0oh5fa5jknvi',
)
[ info ] [ PARAM ] array (
)
[ info ] [ LANG ] /var/www/sign_online/admin/public/../simplewind/cmf/lang/zh-cn.php
[ info ] [ LANG ] /var/www/sign_online/admin/public/../app/admin/lang/zh-cn/common.php
[ info ] [ LANG ] /var/www/sign_online/admin/public/../app/frame/lang/zh-cn/common.php
[ info ] [ LANG ] /var/www/sign_online/admin/public/../app/identity/lang/zh-cn/common.php
[ info ] [ LANG ] /var/www/sign_online/admin/public/../app/portal/lang/zh-cn/common.php
[ info ] [ LANG ] /var/www/sign_online/admin/public/../app/protocol/lang/zh-cn/common.php
[ info ] [ LANG ] /var/www/sign_online/admin/public/../app/role/lang/zh-cn/common.php
[ info ] [ LANG ] /var/www/sign_online/admin/public/../app/seal/lang/zh-cn/common.php
[ info ] [ LANG ] /var/www/sign_online/admin/public/../app/vague/lang/zh-cn/common.php
[ info ] [ BEHAVIOR ] Run cmf\behavior\LangBehavior @app_begin [ RunTime:0.000430s ]
[ info ] [ LANG ] /var/www/sign_online/admin/public/../app/admin/lang/zh-cn.php
[ info ] [ BEHAVIOR ] Run cmf\behavior\InitAppHookBehavior @module_init [ RunTime:0.000131s ]
[ info ] [ SESSION ] INIT array (
  'id' => '',
  'var_session_id' => '',
  'prefix' => 'think',
  'type' => '',
  'auto_start' => true,
)
[ info ] [ LANG ] /var/www/sign_online/admin/public/../app/admin/lang/zh-cn/admin_menu.php
[ info ] [ LANG ] /var/www/sign_online/admin/public/../app/admin/lang/zh-cn/admin.php
[ info ] [ LANG ] /var/www/sign_online/admin/public/../app/user/lang/zh-cn/admin_menu.php
[ info ] [ LANG ] /var/www/sign_online/admin/public/../data/lang/zh-cn/admin_menu.php
[ info ] [ BEHAVIOR ] Run cmf\behavior\AdminLangBehavior @admin_init [ RunTime:0.000629s ]
[ info ] [ LOG ] INIT File
---------------------------------------------------------------
[ 2018-11-15T00:33:30+08:00 ] 127.0.0.1 GET /admin/public/login.html
[ info ] signonline.net/admin/public/login.html [运行时间：0.061524s][吞吐率：16.25req/s] [内存消耗：399.47kb] [文件加载：71]
[ info ] [ CACHE ] INIT File
[ info ] [ BEHAVIOR ] Run cmf\behavior\InitHookBehavior @app_init [ RunTime:0.000485s ]
[ info ] [ LANG ] /var/www/sign_online/admin/simplewind/thinkphp/lang/zh-cn.php
[ info ] [ ROUTE ] array (
  'type' => 'module',
  'module' => 
  array (
    0 => 'admin',
    1 => 'public',
    2 => 'login',
  ),
)
[ info ] [ HEADER ] array (
  'host' => 'signonline.net',
  'connection' => 'keep-alive',
  'cache-control' => 'max-age=0',
  'upgrade-insecure-requests' => '1',
  'user-agent' => 'Mozilla/5.0 (X11; Linux x86_64) AppleWebKit/537.36 (KHTML, like Gecko) snap Chromium/70.0.3538.77 Chrome/70.0.3538.77 Safari/537.36',
  'accept' => 'text/html,application/xhtml+xml,application/xml;q=0.9,image/webp,image/apng,*/*;q=0.8',
  'referer' => 'http://signonline.net/protocol/admin_index/verify/id/2.html',
  'accept-encoding' => 'gzip, deflate',
  'accept-language' => 'zh-CN,zh;q=0.9,en;q=0.8,en-US;q=0.7',
  'cookie' => 'thinkphp_show_page_trace=0|0; admin_username=admin; PHPSESSID=u6o7ppu5kbqubs0oh5fa5jknvi',
)
[ info ] [ PARAM ] array (
)
[ info ] [ LANG ] /var/www/sign_online/admin/public/../simplewind/cmf/lang/zh-cn.php
[ info ] [ LANG ] /var/www/sign_online/admin/public/../app/admin/lang/zh-cn/common.php
[ info ] [ LANG ] /var/www/sign_online/admin/public/../app/frame/lang/zh-cn/common.php
[ info ] [ LANG ] /var/www/sign_online/admin/public/../app/identity/lang/zh-cn/common.php
[ info ] [ LANG ] /var/www/sign_online/admin/public/../app/portal/lang/zh-cn/common.php
[ info ] [ LANG ] /var/www/sign_online/admin/public/../app/protocol/lang/zh-cn/common.php
[ info ] [ LANG ] /var/www/sign_online/admin/public/../app/role/lang/zh-cn/common.php
[ info ] [ LANG ] /var/www/sign_online/admin/public/../app/seal/lang/zh-cn/common.php
[ info ] [ LANG ] /var/www/sign_online/admin/public/../app/vague/lang/zh-cn/common.php
[ info ] [ BEHAVIOR ] Run cmf\behavior\LangBehavior @app_begin [ RunTime:0.000693s ]
[ info ] [ LANG ] /var/www/sign_online/admin/public/../app/admin/lang/zh-cn.php
[ info ] [ BEHAVIOR ] Run cmf\behavior\InitAppHookBehavior @module_init [ RunTime:0.000233s ]
[ info ] [ RUN ] app\admin\controller\PublicController->login[ /var/www/sign_online/admin/app/admin/controller/PublicController.php ]
[ info ] [ SESSION ] INIT array (
  'id' => '',
  'var_session_id' => '',
  'prefix' => 'think',
  'type' => '',
  'auto_start' => true,
)
[ info ] [ VIEW ] themes/admin_simpleboot3/admin/login.html [ array (
) ]
[ info ] [ LOG ] INIT File
---------------------------------------------------------------
[ 2018-11-15T00:33:30+08:00 ] 127.0.0.1 GET /captcha/new.html?height=32&width=150&font_size=18
[ info ] signonline.net/captcha/new.html?height=32&width=150&font_size=18 [运行时间：0.073179s][吞吐率：13.67req/s] [内存消耗：263.58kb] [文件加载：54]
[ info ] [ CACHE ] INIT File
[ info ] [ BEHAVIOR ] Run cmf\behavior\InitHookBehavior @app_init [ RunTime:0.000647s ]
[ info ] [ LANG ] /var/www/sign_online/admin/simplewind/thinkphp/lang/zh-cn.php
[ info ] [ ROUTE ] array (
  'type' => 'method',
  'method' => 
  array (
    0 => '\\cmf\\controller\\CaptchaController',
    1 => 'index',
  ),
  'var' => 
  array (
  ),
)
[ info ] [ HEADER ] array (
  'host' => 'signonline.net',
  'connection' => 'keep-alive',
  'user-agent' => 'Mozilla/5.0 (X11; Linux x86_64) AppleWebKit/537.36 (KHTML, like Gecko) snap Chromium/70.0.3538.77 Chrome/70.0.3538.77 Safari/537.36',
  'accept' => 'image/webp,image/apng,image/*,*/*;q=0.8',
  'referer' => 'http://signonline.net/admin/public/login.html',
  'accept-encoding' => 'gzip, deflate',
  'accept-language' => 'zh-CN,zh;q=0.9,en;q=0.8,en-US;q=0.7',
  'cookie' => 'admin_username=admin; PHPSESSID=u6o7ppu5kbqubs0oh5fa5jknvi',
)
[ info ] [ PARAM ] array (
  'height' => '32',
  'width' => '150',
  'font_size' => '18',
)
[ info ] [ LANG ] /var/www/sign_online/admin/public/../simplewind/cmf/lang/zh-cn.php
[ info ] [ LANG ] /var/www/sign_online/admin/public/../app/admin/lang/zh-cn/common.php
[ info ] [ LANG ] /var/www/sign_online/admin/public/../app/frame/lang/zh-cn/common.php
[ info ] [ LANG ] /var/www/sign_online/admin/public/../app/identity/lang/zh-cn/common.php
[ info ] [ LANG ] /var/www/sign_online/admin/public/../app/portal/lang/zh-cn/common.php
[ info ] [ LANG ] /var/www/sign_online/admin/public/../app/protocol/lang/zh-cn/common.php
[ info ] [ LANG ] /var/www/sign_online/admin/public/../app/role/lang/zh-cn/common.php
[ info ] [ LANG ] /var/www/sign_online/admin/public/../app/seal/lang/zh-cn/common.php
[ info ] [ LANG ] /var/www/sign_online/admin/public/../app/vague/lang/zh-cn/common.php
[ info ] [ BEHAVIOR ] Run cmf\behavior\LangBehavior @app_begin [ RunTime:0.000819s ]
[ info ] [ RUN ] cmf\controller\CaptchaController->index[ /var/www/sign_online/admin/simplewind/cmf/controller/CaptchaController.php ]
[ info ] [ SESSION ] INIT array (
  'id' => '',
  'var_session_id' => '',
  'prefix' => 'think',
  'type' => '',
  'auto_start' => true,
)
[ info ] [ LOG ] INIT File
---------------------------------------------------------------
[ 2018-11-15T00:33:31+08:00 ] 127.0.0.1 GET /admin/public/login.html
[ info ] signonline.net/admin/public/login.html [运行时间：0.019090s][吞吐率：52.38req/s] [内存消耗：398.99kb] [文件加载：71]
[ info ] [ CACHE ] INIT File
[ info ] [ BEHAVIOR ] Run cmf\behavior\InitHookBehavior @app_init [ RunTime:0.000463s ]
[ info ] [ LANG ] /var/www/sign_online/admin/simplewind/thinkphp/lang/zh-cn.php
[ info ] [ ROUTE ] array (
  'type' => 'module',
  'module' => 
  array (
    0 => 'admin',
    1 => 'public',
    2 => 'login',
  ),
)
[ info ] [ HEADER ] array (
  'host' => 'signonline.net',
  'connection' => 'keep-alive',
  'upgrade-insecure-requests' => '1',
  'user-agent' => 'Mozilla/5.0 (X11; Linux x86_64) AppleWebKit/537.36 (KHTML, like Gecko) snap Chromium/70.0.3538.77 Chrome/70.0.3538.77 Safari/537.36',
  'accept' => 'text/html,application/xhtml+xml,application/xml;q=0.9,image/webp,image/apng,*/*;q=0.8',
  'referer' => 'http://signonline.net/admin/public/login.html',
  'accept-encoding' => 'gzip, deflate',
  'accept-language' => 'zh-CN,zh;q=0.9,en;q=0.8,en-US;q=0.7',
  'cookie' => 'thinkphp_show_page_trace=0|0; admin_username=admin; PHPSESSID=u6o7ppu5kbqubs0oh5fa5jknvi',
)
[ info ] [ PARAM ] array (
)
[ info ] [ LANG ] /var/www/sign_online/admin/public/../simplewind/cmf/lang/zh-cn.php
[ info ] [ LANG ] /var/www/sign_online/admin/public/../app/admin/lang/zh-cn/common.php
[ info ] [ LANG ] /var/www/sign_online/admin/public/../app/frame/lang/zh-cn/common.php
[ info ] [ LANG ] /var/www/sign_online/admin/public/../app/identity/lang/zh-cn/common.php
[ info ] [ LANG ] /var/www/sign_online/admin/public/../app/portal/lang/zh-cn/common.php
[ info ] [ LANG ] /var/www/sign_online/admin/public/../app/protocol/lang/zh-cn/common.php
[ info ] [ LANG ] /var/www/sign_online/admin/public/../app/role/lang/zh-cn/common.php
[ info ] [ LANG ] /var/www/sign_online/admin/public/../app/seal/lang/zh-cn/common.php
[ info ] [ LANG ] /var/www/sign_online/admin/public/../app/vague/lang/zh-cn/common.php
[ info ] [ BEHAVIOR ] Run cmf\behavior\LangBehavior @app_begin [ RunTime:0.000736s ]
[ info ] [ LANG ] /var/www/sign_online/admin/public/../app/admin/lang/zh-cn.php
[ info ] [ BEHAVIOR ] Run cmf\behavior\InitAppHookBehavior @module_init [ RunTime:0.000188s ]
[ info ] [ RUN ] app\admin\controller\PublicController->login[ /var/www/sign_online/admin/app/admin/controller/PublicController.php ]
[ info ] [ SESSION ] INIT array (
  'id' => '',
  'var_session_id' => '',
  'prefix' => 'think',
  'type' => '',
  'auto_start' => true,
)
[ info ] [ VIEW ] themes/admin_simpleboot3/admin/login.html [ array (
) ]
[ info ] [ LOG ] INIT File
---------------------------------------------------------------
[ 2018-11-15T00:33:31+08:00 ] 127.0.0.1 GET /captcha/new.html?height=32&width=150&font_size=18
[ info ] signonline.net/captcha/new.html?height=32&width=150&font_size=18 [运行时间：0.024100s][吞吐率：41.49req/s] [内存消耗：262.48kb] [文件加载：54]
[ info ] [ CACHE ] INIT File
[ info ] [ BEHAVIOR ] Run cmf\behavior\InitHookBehavior @app_init [ RunTime:0.000483s ]
[ info ] [ LANG ] /var/www/sign_online/admin/simplewind/thinkphp/lang/zh-cn.php
[ info ] [ ROUTE ] array (
  'type' => 'method',
  'method' => 
  array (
    0 => '\\cmf\\controller\\CaptchaController',
    1 => 'index',
  ),
  'var' => 
  array (
  ),
)
[ info ] [ HEADER ] array (
  'host' => 'signonline.net',
  'connection' => 'keep-alive',
  'user-agent' => 'Mozilla/5.0 (X11; Linux x86_64) AppleWebKit/537.36 (KHTML, like Gecko) snap Chromium/70.0.3538.77 Chrome/70.0.3538.77 Safari/537.36',
  'accept' => 'image/webp,image/apng,image/*,*/*;q=0.8',
  'referer' => 'http://signonline.net/admin/public/login.html',
  'accept-encoding' => 'gzip, deflate',
  'accept-language' => 'zh-CN,zh;q=0.9,en;q=0.8,en-US;q=0.7',
  'cookie' => 'admin_username=admin; PHPSESSID=u6o7ppu5kbqubs0oh5fa5jknvi',
)
[ info ] [ PARAM ] array (
  'height' => '32',
  'width' => '150',
  'font_size' => '18',
)
[ info ] [ LANG ] /var/www/sign_online/admin/public/../simplewind/cmf/lang/zh-cn.php
[ info ] [ LANG ] /var/www/sign_online/admin/public/../app/admin/lang/zh-cn/common.php
[ info ] [ LANG ] /var/www/sign_online/admin/public/../app/frame/lang/zh-cn/common.php
[ info ] [ LANG ] /var/www/sign_online/admin/public/../app/identity/lang/zh-cn/common.php
[ info ] [ LANG ] /var/www/sign_online/admin/public/../app/portal/lang/zh-cn/common.php
[ info ] [ LANG ] /var/www/sign_online/admin/public/../app/protocol/lang/zh-cn/common.php
[ info ] [ LANG ] /var/www/sign_online/admin/public/../app/role/lang/zh-cn/common.php
[ info ] [ LANG ] /var/www/sign_online/admin/public/../app/seal/lang/zh-cn/common.php
[ info ] [ LANG ] /var/www/sign_online/admin/public/../app/vague/lang/zh-cn/common.php
[ info ] [ BEHAVIOR ] Run cmf\behavior\LangBehavior @app_begin [ RunTime:0.000835s ]
[ info ] [ RUN ] cmf\controller\CaptchaController->index[ /var/www/sign_online/admin/simplewind/cmf/controller/CaptchaController.php ]
[ info ] [ SESSION ] INIT array (
  'id' => '',
  'var_session_id' => '',
  'prefix' => 'think',
  'type' => '',
  'auto_start' => true,
)
[ info ] [ LOG ] INIT File
---------------------------------------------------------------
[ 2018-11-15T00:43:38+08:00 ] 127.0.0.1 GET /Scripts/jQuery%E7%BB%8F%E5%85%B8%E5%85%A5%E9%97%A8%E6%95%99%E7%A8%8B(%E7%BB%9D%E5%AF%B9%E8%AF%A6%E7%BB%86).pdf
[ info ] signonline.net/Scripts/jQuery%E7%BB%8F%E5%85%B8%E5%85%A5%E9%97%A8%E6%95%99%E7%A8%8B(%E7%BB%9D%E5%AF%B9%E8%AF%A6%E7%BB%86).pdf [运行时间：0.038905s][吞吐率：25.70req/s] [内存消耗：243.58kb] [文件加载：57]
[ info ] [ CACHE ] INIT File
[ info ] [ BEHAVIOR ] Run cmf\behavior\InitHookBehavior @app_init [ RunTime:0.000658s ]
[ info ] [ LANG ] /var/www/sign_online/admin/simplewind/thinkphp/lang/zh-cn.php
[ info ] [ ROUTE ] array (
  'type' => 'module',
  'module' => 
  array (
    0 => 'Scripts',
    1 => 'jQuery经典入门教程(绝对详细).pdf',
    2 => NULL,
  ),
)
[ info ] [ HEADER ] array (
  'host' => 'signonline.net',
  'connection' => 'keep-alive',
  'upgrade-insecure-requests' => '1',
  'user-agent' => 'Mozilla/5.0 (X11; Linux x86_64) AppleWebKit/537.36 (KHTML, like Gecko) snap Chromium/70.0.3538.77 Chrome/70.0.3538.77 Safari/537.36',
  'accept' => 'text/html,application/xhtml+xml,application/xml;q=0.9,image/webp,image/apng,*/*;q=0.8',
  'referer' => 'http://signonline.net/pdf.html',
  'accept-encoding' => 'gzip, deflate',
  'accept-language' => 'zh-CN,zh;q=0.9,en;q=0.8,en-US;q=0.7',
  'cookie' => 'admin_username=admin; PHPSESSID=u6o7ppu5kbqubs0oh5fa5jknvi',
)
[ info ] [ PARAM ] array (
)
[ info ] [ LANG ] /var/www/sign_online/admin/public/../simplewind/cmf/lang/zh-cn.php
[ info ] [ LANG ] /var/www/sign_online/admin/public/../app/admin/lang/zh-cn/common.php
[ info ] [ LANG ] /var/www/sign_online/admin/public/../app/frame/lang/zh-cn/common.php
[ info ] [ LANG ] /var/www/sign_online/admin/public/../app/identity/lang/zh-cn/common.php
[ info ] [ LANG ] /var/www/sign_online/admin/public/../app/portal/lang/zh-cn/common.php
[ info ] [ LANG ] /var/www/sign_online/admin/public/../app/protocol/lang/zh-cn/common.php
[ info ] [ LANG ] /var/www/sign_online/admin/public/../app/role/lang/zh-cn/common.php
[ info ] [ LANG ] /var/www/sign_online/admin/public/../app/seal/lang/zh-cn/common.php
[ info ] [ LANG ] /var/www/sign_online/admin/public/../app/vague/lang/zh-cn/common.php
[ info ] [ BEHAVIOR ] Run cmf\behavior\LangBehavior @app_begin [ RunTime:0.000854s ]
[ info ] [ LOG ] INIT File
---------------------------------------------------------------
[ 2018-11-15T01:06:46+08:00 ] 127.0.0.1 GET /web/1.pdf
[ info ] signonline.net/web/1.pdf [运行时间：0.226135s][吞吐率：4.42req/s] [内存消耗：241.62kb] [文件加载：57]
[ info ] [ CACHE ] INIT File
[ info ] [ BEHAVIOR ] Run cmf\behavior\InitHookBehavior @app_init [ RunTime:0.033405s ]
[ info ] [ LANG ] /var/www/sign_online/admin/simplewind/thinkphp/lang/zh-cn.php
[ info ] [ ROUTE ] array (
  'type' => 'module',
  'module' => 
  array (
    0 => 'web',
    1 => '1.pdf',
    2 => NULL,
  ),
)
[ info ] [ HEADER ] array (
  'host' => 'signonline.net',
  'connection' => 'keep-alive',
  'user-agent' => 'Mozilla/5.0 (iPhone; CPU iPhone OS 11_0 like Mac OS X) AppleWebKit/604.1.38 (KHTML, like Gecko) Version/11.0 Mobile/15A372 Safari/604.1',
  'accept' => '*/*',
  'referer' => 'http://signonline.net/web/viewer.html?file=1.pdf',
  'accept-encoding' => 'gzip, deflate',
  'accept-language' => 'zh-CN,zh;q=0.9,en;q=0.8,en-US;q=0.7',
  'cookie' => 'admin_username=admin; PHPSESSID=u6o7ppu5kbqubs0oh5fa5jknvi',
)
[ info ] [ PARAM ] array (
)
[ info ] [ LANG ] /var/www/sign_online/admin/public/../simplewind/cmf/lang/zh-cn.php
[ info ] [ LANG ] /var/www/sign_online/admin/public/../app/admin/lang/zh-cn/common.php
[ info ] [ LANG ] /var/www/sign_online/admin/public/../app/frame/lang/zh-cn/common.php
[ info ] [ LANG ] /var/www/sign_online/admin/public/../app/identity/lang/zh-cn/common.php
[ info ] [ LANG ] /var/www/sign_online/admin/public/../app/portal/lang/zh-cn/common.php
[ info ] [ LANG ] /var/www/sign_online/admin/public/../app/protocol/lang/zh-cn/common.php
[ info ] [ LANG ] /var/www/sign_online/admin/public/../app/role/lang/zh-cn/common.php
[ info ] [ LANG ] /var/www/sign_online/admin/public/../app/seal/lang/zh-cn/common.php
[ info ] [ LANG ] /var/www/sign_online/admin/public/../app/vague/lang/zh-cn/common.php
[ info ] [ BEHAVIOR ] Run cmf\behavior\LangBehavior @app_begin [ RunTime:0.024514s ]
[ info ] [ LOG ] INIT File
