---------------------------------------------------------------
[ 2018-11-22T01:17:11+08:00 ] 127.0.0.1 POST signonline.net/admin/public/dologin.html
[ sql ] [ DB ] CONNECT:[ UseTime:0.045129s ] mysql:host=127.0.0.1;port=3306;dbname=sign_online;charset=utf8mb4
[ sql ] [ SQL ] SHOW COLUMNS FROM `so_user` [ RunTime:0.151066s ]
[ sql ] [ SQL ] SELECT * FROM `so_user` WHERE  `user_login` = 'admin' LIMIT 1 [ RunTime:0.024987s ]
[ sql ] [ SQL ] SHOW COLUMNS FROM `so_role_user` [ RunTime:0.044237s ]
[ sql ] [ SQL ] SELECT `role_id` FROM `so_role_user` `a` INNER JOIN `so_role` `b` ON `a`.`role_id`=`b`.`id` WHERE  `user_id` = 1  AND `status` = 1 LIMIT 1 [ RunTime:0.037288s ]
[ sql ] [ SQL ] SHOW COLUMNS FROM `so_user_token` [ RunTime:0.011104s ]
[ sql ] [ SQL ] SELECT * FROM `so_user_token` WHERE  `user_id` = 1  AND `device_type` = 'web' LIMIT 1 [ RunTime:0.000287s ]
[ sql ] [ SQL ] UPDATE `so_user`  SET `user_type`=1,`sex`=0,`birthday`=0,`last_login_time`=1542820631,`score`=0,`coin`=0,`balance`=0,`create_time`=1540706924,`user_status`=1,`user_login`='admin',`user_pass`='###278971b3bc08b5c9d9547eee4c277a04',`user_nickname`='admin',`user_email`='admin@admin.com',`user_url`='',`avatar`='',`signature`='',`last_login_ip`='127.0.0.1',`user_activation_key`='',`mobile`='',`more`=NULL,`department`=0,`vague`=0,`identity`=0,`role`=0,`user_content`=''  WHERE  `id` = 1 [ RunTime:0.045035s ]
---------------------------------------------------------------
[ 2018-11-22T01:17:13+08:00 ] 127.0.0.1 GET signonline.net/admin/index/index.html
[ sql ] [ DB ] CONNECT:[ UseTime:0.000644s ] mysql:host=127.0.0.1;port=3306;dbname=sign_online;charset=utf8mb4
[ sql ] [ SQL ] SHOW COLUMNS FROM `so_user` [ RunTime:0.000902s ]
[ sql ] [ SQL ] SELECT * FROM `so_user` WHERE  `id` = 1 LIMIT 1 [ RunTime:0.000608s ]
[ sql ] [ SQL ] SHOW COLUMNS FROM `so_admin_menu` [ RunTime:0.063626s ]
[ sql ] [ SQL ] SELECT * FROM `so_admin_menu` ORDER BY `app` ASC,`controller` ASC,`action` ASC [ RunTime:0.001643s ]
---------------------------------------------------------------
[ 2018-11-22T01:17:13+08:00 ] 127.0.0.1 GET signonline.net/protocol/admin_index/index.html
[ sql ] [ DB ] CONNECT:[ UseTime:0.000465s ] mysql:host=127.0.0.1;port=3306;dbname=sign_online;charset=utf8mb4
[ sql ] [ SQL ] SHOW COLUMNS FROM `so_user` [ RunTime:0.001058s ]
[ sql ] [ SQL ] SELECT * FROM `so_user` WHERE  `id` = 1 LIMIT 1 [ RunTime:0.000611s ]
[ sql ] [ SQL ] SHOW COLUMNS FROM `so_protocol_post` [ RunTime:0.014488s ]
[ sql ] [ SQL ] SELECT COUNT(*) AS tp_count FROM `so_protocol_post` `a` INNER JOIN `so_user` `u` ON `a`.`user_id`=`u`.`id` WHERE  `a`.`create_time` >= 0  AND `a`.`delete_time` = 0  AND `a`.`post_type` = 1 LIMIT 1 [ RunTime:0.000596s ]
[ sql ] [ SQL ] SELECT `a`.*,`u`.`user_login`,`u`.`user_nickname`,`u`.`user_email` FROM `so_protocol_post` `a` INNER JOIN `so_user` `u` ON `a`.`user_id`=`u`.`id` WHERE  `a`.`create_time` >= 0  AND `a`.`delete_time` = 0  AND `a`.`post_type` = 1 ORDER BY `update_time` DESC LIMIT 0,10 [ RunTime:0.010668s ]
[ sql ] [ SQL ] SHOW COLUMNS FROM `so_protocol_category` [ RunTime:0.012081s ]
[ sql ] [ SQL ] SELECT * FROM `so_protocol_category` WHERE  `delete_time` = 0 ORDER BY `list_order` ASC [ RunTime:0.000546s ]
[ sql ] [ SQL ] SHOW COLUMNS FROM `so_option` [ RunTime:0.034113s ]
[ sql ] [ SQL ] SELECT `option_value` FROM `so_option` WHERE  `option_name` = 'storage' LIMIT 1 [ RunTime:0.013848s ]
[ sql ] [ SQL ] SHOW COLUMNS FROM `so_protocol_category_user_post` [ RunTime:0.017722s ]
[ sql ] [ SQL ] SELECT COUNT(*) AS tp_count FROM `so_protocol_category_user_post` WHERE  `post_id` = 11  AND `sign_status` <> 2 LIMIT 1 [ RunTime:0.000515s ]
[ sql ] [ SQL ] SHOW COLUMNS FROM `so_protocol_category_post` [ RunTime:0.010947s ]
[ sql ] [ SQL ] SELECT `so_protocol_category`.*,pivot.id AS pivot__id,pivot.post_id AS pivot__post_id,pivot.category_id AS pivot__category_id,pivot.list_order AS pivot__list_order,pivot.status AS pivot__status FROM `so_protocol_category` INNER JOIN `so_protocol_category_post` `pivot` ON `pivot`.`category_id`=`so_protocol_category`.`id` WHERE  `pivot`.`post_id` = 11 [ RunTime:0.000460s ]
---------------------------------------------------------------
[ 2018-11-22T01:17:15+08:00 ] 127.0.0.1 GET signonline.net/seal/admin_index/index.html
[ sql ] [ DB ] CONNECT:[ UseTime:0.000421s ] mysql:host=127.0.0.1;port=3306;dbname=sign_online;charset=utf8mb4
[ sql ] [ SQL ] SHOW COLUMNS FROM `so_user` [ RunTime:0.000680s ]
[ sql ] [ SQL ] SELECT * FROM `so_user` WHERE  `id` = 1 LIMIT 1 [ RunTime:0.000472s ]
[ sql ] [ SQL ] SHOW COLUMNS FROM `so_seal_category` [ RunTime:0.049710s ]
[ sql ] [ SQL ] SELECT * FROM `so_seal_category` WHERE  `delete_time` = 0 ORDER BY `list_order` ASC [ RunTime:0.000567s ]
---------------------------------------------------------------
[ 2018-11-22T23:05:36+08:00 ] 127.0.0.1 POST signonline.net/admin/public/dologin.html
[ sql ] [ DB ] CONNECT:[ UseTime:0.000523s ] mysql:host=127.0.0.1;port=3306;dbname=sign_online;charset=utf8mb4
[ sql ] [ SQL ] SHOW COLUMNS FROM `so_user` [ RunTime:0.000719s ]
[ sql ] [ SQL ] SELECT * FROM `so_user` WHERE  `user_login` = 'admin' LIMIT 1 [ RunTime:0.000448s ]
[ sql ] [ SQL ] SHOW COLUMNS FROM `so_role_user` [ RunTime:0.000479s ]
[ sql ] [ SQL ] SELECT `role_id` FROM `so_role_user` `a` INNER JOIN `so_role` `b` ON `a`.`role_id`=`b`.`id` WHERE  `user_id` = 1  AND `status` = 1 LIMIT 1 [ RunTime:0.000312s ]
[ sql ] [ SQL ] SHOW COLUMNS FROM `so_user_token` [ RunTime:0.000395s ]
[ sql ] [ SQL ] SELECT * FROM `so_user_token` WHERE  `user_id` = 1  AND `device_type` = 'web' LIMIT 1 [ RunTime:0.000214s ]
[ sql ] [ SQL ] UPDATE `so_user`  SET `user_type`=1,`sex`=0,`birthday`=0,`last_login_time`=1542899136,`score`=0,`coin`=0,`balance`=0,`create_time`=1540706924,`user_status`=1,`user_login`='admin',`user_pass`='###278971b3bc08b5c9d9547eee4c277a04',`user_nickname`='admin',`user_email`='admin@admin.com',`user_url`='',`avatar`='',`signature`='',`last_login_ip`='127.0.0.1',`user_activation_key`='',`mobile`='',`more`=NULL,`department`=0,`vague`=0,`identity`=0,`role`=0,`user_content`=''  WHERE  `id` = 1 [ RunTime:0.129214s ]
---------------------------------------------------------------
[ 2018-11-22T23:05:38+08:00 ] 127.0.0.1 GET signonline.net/admin/index/index.html
[ sql ] [ DB ] CONNECT:[ UseTime:0.000869s ] mysql:host=127.0.0.1;port=3306;dbname=sign_online;charset=utf8mb4
[ sql ] [ SQL ] SHOW COLUMNS FROM `so_user` [ RunTime:0.000709s ]
[ sql ] [ SQL ] SELECT * FROM `so_user` WHERE  `id` = 1 LIMIT 1 [ RunTime:0.000846s ]
[ sql ] [ SQL ] SHOW COLUMNS FROM `so_admin_menu` [ RunTime:0.000708s ]
[ sql ] [ SQL ] SELECT * FROM `so_admin_menu` ORDER BY `app` ASC,`controller` ASC,`action` ASC [ RunTime:0.001581s ]
---------------------------------------------------------------
[ 2018-11-22T23:05:38+08:00 ] 127.0.0.1 GET signonline.net/protocol/admin_index/index.html
[ sql ] [ DB ] CONNECT:[ UseTime:0.000525s ] mysql:host=127.0.0.1;port=3306;dbname=sign_online;charset=utf8mb4
[ sql ] [ SQL ] SHOW COLUMNS FROM `so_user` [ RunTime:0.000751s ]
[ sql ] [ SQL ] SELECT * FROM `so_user` WHERE  `id` = 1 LIMIT 1 [ RunTime:0.000874s ]
[ sql ] [ SQL ] SHOW COLUMNS FROM `so_protocol_post` [ RunTime:0.001145s ]
[ sql ] [ SQL ] SELECT COUNT(*) AS tp_count FROM `so_protocol_post` `a` INNER JOIN `so_user` `u` ON `a`.`user_id`=`u`.`id` WHERE  `a`.`create_time` >= 0  AND `a`.`delete_time` = 0  AND `a`.`post_type` = 1 LIMIT 1 [ RunTime:0.000648s ]
[ sql ] [ SQL ] SELECT `a`.*,`u`.`user_login`,`u`.`user_nickname`,`u`.`user_email` FROM `so_protocol_post` `a` INNER JOIN `so_user` `u` ON `a`.`user_id`=`u`.`id` WHERE  `a`.`create_time` >= 0  AND `a`.`delete_time` = 0  AND `a`.`post_type` = 1 ORDER BY `update_time` DESC LIMIT 0,10 [ RunTime:0.001215s ]
[ sql ] [ SQL ] SHOW COLUMNS FROM `so_protocol_category` [ RunTime:0.000987s ]
[ sql ] [ SQL ] SELECT * FROM `so_protocol_category` WHERE  `delete_time` = 0 ORDER BY `list_order` ASC [ RunTime:0.000496s ]
[ sql ] [ SQL ] SHOW COLUMNS FROM `so_option` [ RunTime:0.000837s ]
[ sql ] [ SQL ] SELECT `option_value` FROM `so_option` WHERE  `option_name` = 'storage' LIMIT 1 [ RunTime:0.000262s ]
[ sql ] [ SQL ] SHOW COLUMNS FROM `so_protocol_category_user_post` [ RunTime:0.000850s ]
[ sql ] [ SQL ] SELECT COUNT(*) AS tp_count FROM `so_protocol_category_user_post` WHERE  `post_id` = 11  AND `sign_status` <> 2 LIMIT 1 [ RunTime:0.000428s ]
[ sql ] [ SQL ] SHOW COLUMNS FROM `so_protocol_category_post` [ RunTime:0.000747s ]
[ sql ] [ SQL ] SELECT `so_protocol_category`.*,pivot.id AS pivot__id,pivot.post_id AS pivot__post_id,pivot.category_id AS pivot__category_id,pivot.list_order AS pivot__list_order,pivot.status AS pivot__status FROM `so_protocol_category` INNER JOIN `so_protocol_category_post` `pivot` ON `pivot`.`category_id`=`so_protocol_category`.`id` WHERE  `pivot`.`post_id` = 11 [ RunTime:0.000753s ]
---------------------------------------------------------------
[ 2018-11-22T23:05:42+08:00 ] 127.0.0.1 GET signonline.net/protocol/admin_index/edit/id/11.html
[ sql ] [ DB ] CONNECT:[ UseTime:0.000734s ] mysql:host=127.0.0.1;port=3306;dbname=sign_online;charset=utf8mb4
[ sql ] [ SQL ] SHOW COLUMNS FROM `so_user` [ RunTime:0.001310s ]
[ sql ] [ SQL ] SELECT * FROM `so_user` WHERE  `id` = 1 LIMIT 1 [ RunTime:0.000731s ]
[ sql ] [ SQL ] SHOW COLUMNS FROM `so_protocol_post` [ RunTime:0.001152s ]
[ sql ] [ SQL ] SELECT * FROM `so_protocol_post` WHERE  `id` = 11 LIMIT 1 [ RunTime:0.000601s ]
[ sql ] [ SQL ] SHOW COLUMNS FROM `so_protocol_category` [ RunTime:0.001187s ]
[ sql ] [ SQL ] SELECT `a`.`id`,`a`.`name` FROM `so_protocol_category` `a` INNER JOIN `so_protocol_category_post` `pivot` ON `pivot`.`category_id`=`a`.`id` WHERE  `pivot`.`post_id` = 11 [ RunTime:0.000550s ]
[ sql ] [ SQL ] SELECT `id`,`name` FROM `so_protocol_category` WHERE  `delete_time` = 0 [ RunTime:0.000482s ]
[ sql ] [ SQL ] SHOW COLUMNS FROM `so_seal_category` [ RunTime:0.001629s ]
[ sql ] [ SQL ] SELECT `a`.`id`,`a`.`name` FROM `so_seal_category` `a` INNER JOIN `so_protocol_category_seal_post` `pivot` ON `pivot`.`category_id`=`a`.`id` WHERE  `pivot`.`post_id` = 11 [ RunTime:0.027904s ]
[ sql ] [ SQL ] SELECT `a`.`id`,`pivot`.`place` FROM `so_seal_category` `a` INNER JOIN `so_protocol_category_seal_post` `pivot` ON `pivot`.`category_id`=`a`.`id` WHERE  `pivot`.`post_id` = 11 [ RunTime:0.000352s ]
[ sql ] [ SQL ] SELECT `a`.`id`,`a`.`user_login` FROM `so_user` `a` INNER JOIN `so_protocol_category_user_post` `pivot` ON `pivot`.`category_id`=`a`.`id` WHERE  `pivot`.`post_id` = 11 [ RunTime:0.000818s ]
[ sql ] [ SQL ] SELECT `a`.`id`,`pivot`.`place` FROM `so_user` `a` INNER JOIN `so_protocol_category_user_post` `pivot` ON `pivot`.`category_id`=`a`.`id` WHERE  `pivot`.`post_id` = 11 [ RunTime:0.000447s ]
[ sql ] [ SQL ] SHOW COLUMNS FROM `so_theme_file` [ RunTime:0.029029s ]
[ sql ] [ SQL ] SELECT * FROM `so_theme_file` WHERE  `theme` = 'simpleboot3'  AND `action` = 'protocol/Article/index' [ RunTime:0.000538s ]
[ sql ] [ SQL ] SHOW COLUMNS FROM `so_option` [ RunTime:0.001377s ]
[ sql ] [ SQL ] SELECT `option_value` FROM `so_option` WHERE  `option_name` = 'storage' LIMIT 1 [ RunTime:0.000645s ]
---------------------------------------------------------------
[ 2018-11-22T23:05:43+08:00 ] 127.0.0.1 GET signonline.net/protocol/admin_category/select_seal.html?ids=3&places=%E5%85%AC%E7%AB%A0%E5%8D%A0%E4%BD%8D%E7%AC%A61
[ sql ] [ DB ] CONNECT:[ UseTime:0.000534s ] mysql:host=127.0.0.1;port=3306;dbname=sign_online;charset=utf8mb4
[ sql ] [ SQL ] SHOW COLUMNS FROM `so_user` [ RunTime:0.000856s ]
[ sql ] [ SQL ] SELECT * FROM `so_user` WHERE  `id` = 1 LIMIT 1 [ RunTime:0.000437s ]
[ sql ] [ SQL ] SHOW COLUMNS FROM `so_seal_category` [ RunTime:0.000706s ]
[ sql ] [ SQL ] SELECT * FROM `so_seal_category` WHERE  `delete_time` = 0 ORDER BY `list_order` ASC [ RunTime:0.000391s ]
[ sql ] [ SQL ] SELECT * FROM `so_seal_category` WHERE  `delete_time` = 0 [ RunTime:0.000924s ]
---------------------------------------------------------------
[ 2018-11-22T23:05:46+08:00 ] 127.0.0.1 GET signonline.net/protocol/admin_category/index.html
[ sql ] [ DB ] CONNECT:[ UseTime:0.000584s ] mysql:host=127.0.0.1;port=3306;dbname=sign_online;charset=utf8mb4
[ sql ] [ SQL ] SHOW COLUMNS FROM `so_user` [ RunTime:0.001357s ]
[ sql ] [ SQL ] SELECT * FROM `so_user` WHERE  `id` = 1 LIMIT 1 [ RunTime:0.000731s ]
[ sql ] [ SQL ] SHOW COLUMNS FROM `so_protocol_category` [ RunTime:0.000978s ]
[ sql ] [ SQL ] SELECT * FROM `so_protocol_category` WHERE  `delete_time` = 0 ORDER BY `list_order` ASC [ RunTime:0.000489s ]
[ sql ] [ SQL ] SHOW COLUMNS FROM `so_option` [ RunTime:0.001020s ]
[ sql ] [ SQL ] SELECT `option_value` FROM `so_option` WHERE  `option_name` = 'storage' LIMIT 1 [ RunTime:0.000455s ]
---------------------------------------------------------------
[ 2018-11-22T23:05:48+08:00 ] 127.0.0.1 GET signonline.net/protocol/admin_category/add.html
[ sql ] [ DB ] CONNECT:[ UseTime:0.000494s ] mysql:host=127.0.0.1;port=3306;dbname=sign_online;charset=utf8mb4
[ sql ] [ SQL ] SHOW COLUMNS FROM `so_user` [ RunTime:0.000650s ]
[ sql ] [ SQL ] SELECT * FROM `so_user` WHERE  `id` = 1 LIMIT 1 [ RunTime:0.000326s ]
[ sql ] [ SQL ] SHOW COLUMNS FROM `so_protocol_category` [ RunTime:0.000478s ]
[ sql ] [ SQL ] SELECT * FROM `so_protocol_category` WHERE  `delete_time` = 0 ORDER BY `list_order` ASC [ RunTime:0.000394s ]
[ sql ] [ SQL ] SHOW COLUMNS FROM `so_option` [ RunTime:0.000507s ]
[ sql ] [ SQL ] SELECT `option_value` FROM `so_option` WHERE  `option_name` = 'storage' LIMIT 1 [ RunTime:0.000258s ]
[ sql ] [ SQL ] SHOW COLUMNS FROM `so_theme_file` [ RunTime:0.000536s ]
[ sql ] [ SQL ] SELECT * FROM `so_theme_file` WHERE  `theme` = 'simpleboot3'  AND `action` = 'protocol/List/index' [ RunTime:0.000344s ]
[ sql ] [ SQL ] SELECT * FROM `so_theme_file` WHERE  `theme` = 'simpleboot3'  AND `action` = 'protocol/Article/index' [ RunTime:0.000255s ]
---------------------------------------------------------------
[ 2018-11-22T23:05:57+08:00 ] 127.0.0.1 GET signonline.net/protocol/admin_category/index.html
[ sql ] [ DB ] CONNECT:[ UseTime:0.000720s ] mysql:host=127.0.0.1;port=3306;dbname=sign_online;charset=utf8mb4
[ sql ] [ SQL ] SHOW COLUMNS FROM `so_user` [ RunTime:0.000718s ]
[ sql ] [ SQL ] SELECT * FROM `so_user` WHERE  `id` = 1 LIMIT 1 [ RunTime:0.000442s ]
[ sql ] [ SQL ] SHOW COLUMNS FROM `so_protocol_category` [ RunTime:0.000503s ]
[ sql ] [ SQL ] SELECT * FROM `so_protocol_category` WHERE  `delete_time` = 0 ORDER BY `list_order` ASC [ RunTime:0.000340s ]
[ sql ] [ SQL ] SHOW COLUMNS FROM `so_option` [ RunTime:0.000609s ]
[ sql ] [ SQL ] SELECT `option_value` FROM `so_option` WHERE  `option_name` = 'storage' LIMIT 1 [ RunTime:0.000286s ]
---------------------------------------------------------------
[ 2018-11-22T23:05:59+08:00 ] 127.0.0.1 GET signonline.net/protocol/admin_index/index.html
[ sql ] [ DB ] CONNECT:[ UseTime:0.000568s ] mysql:host=127.0.0.1;port=3306;dbname=sign_online;charset=utf8mb4
[ sql ] [ SQL ] SHOW COLUMNS FROM `so_user` [ RunTime:0.001447s ]
[ sql ] [ SQL ] SELECT * FROM `so_user` WHERE  `id` = 1 LIMIT 1 [ RunTime:0.000723s ]
[ sql ] [ SQL ] SHOW COLUMNS FROM `so_protocol_post` [ RunTime:0.001442s ]
[ sql ] [ SQL ] SELECT COUNT(*) AS tp_count FROM `so_protocol_post` `a` INNER JOIN `so_user` `u` ON `a`.`user_id`=`u`.`id` WHERE  `a`.`create_time` >= 0  AND `a`.`delete_time` = 0  AND `a`.`post_type` = 1 LIMIT 1 [ RunTime:0.000645s ]
[ sql ] [ SQL ] SELECT `a`.*,`u`.`user_login`,`u`.`user_nickname`,`u`.`user_email` FROM `so_protocol_post` `a` INNER JOIN `so_user` `u` ON `a`.`user_id`=`u`.`id` WHERE  `a`.`create_time` >= 0  AND `a`.`delete_time` = 0  AND `a`.`post_type` = 1 ORDER BY `update_time` DESC LIMIT 0,10 [ RunTime:0.000712s ]
[ sql ] [ SQL ] SHOW COLUMNS FROM `so_protocol_category` [ RunTime:0.000809s ]
[ sql ] [ SQL ] SELECT * FROM `so_protocol_category` WHERE  `delete_time` = 0 ORDER BY `list_order` ASC [ RunTime:0.000396s ]
[ sql ] [ SQL ] SHOW COLUMNS FROM `so_option` [ RunTime:0.000823s ]
[ sql ] [ SQL ] SELECT `option_value` FROM `so_option` WHERE  `option_name` = 'storage' LIMIT 1 [ RunTime:0.000396s ]
[ sql ] [ SQL ] SHOW COLUMNS FROM `so_protocol_category_user_post` [ RunTime:0.000808s ]
[ sql ] [ SQL ] SELECT COUNT(*) AS tp_count FROM `so_protocol_category_user_post` WHERE  `post_id` = 11  AND `sign_status` <> 2 LIMIT 1 [ RunTime:0.000357s ]
[ sql ] [ SQL ] SHOW COLUMNS FROM `so_protocol_category_post` [ RunTime:0.000652s ]
[ sql ] [ SQL ] SELECT `so_protocol_category`.*,pivot.id AS pivot__id,pivot.post_id AS pivot__post_id,pivot.category_id AS pivot__category_id,pivot.list_order AS pivot__list_order,pivot.status AS pivot__status FROM `so_protocol_category` INNER JOIN `so_protocol_category_post` `pivot` ON `pivot`.`category_id`=`so_protocol_category`.`id` WHERE  `pivot`.`post_id` = 11 [ RunTime:0.000416s ]
---------------------------------------------------------------
[ 2018-11-22T23:20:10+08:00 ] 127.0.0.1 GET signonline.net/protocol/admin_category/index.html
[ sql ] [ DB ] CONNECT:[ UseTime:0.000438s ] mysql:host=127.0.0.1;port=3306;dbname=sign_online;charset=utf8mb4
[ sql ] [ SQL ] SHOW COLUMNS FROM `so_user` [ RunTime:0.000681s ]
[ sql ] [ SQL ] SELECT * FROM `so_user` WHERE  `id` = 1 LIMIT 1 [ RunTime:0.000388s ]
[ sql ] [ SQL ] SHOW COLUMNS FROM `so_protocol_category` [ RunTime:0.000544s ]
[ sql ] [ SQL ] SELECT * FROM `so_protocol_category` WHERE  `delete_time` = 0 ORDER BY `list_order` ASC [ RunTime:0.000442s ]
[ sql ] [ SQL ] SHOW COLUMNS FROM `so_option` [ RunTime:0.000636s ]
[ sql ] [ SQL ] SELECT `option_value` FROM `so_option` WHERE  `option_name` = 'storage' LIMIT 1 [ RunTime:0.000260s ]
