---------------------------------------------------------------
[ 2018-11-05T22:38:24+08:00 ] 127.0.0.1 POST /api/user/upload/one
[ info ] signonline.net/api/user/upload/one [运行时间：0.398936s][吞吐率：2.51req/s] [内存消耗：633.80kb] [文件加载：62]
[ info ] [ CACHE ] INIT File
[ info ] [ BEHAVIOR ] Run cmf\behavior\InitHookBehavior @app_init [ RunTime:0.000667s ]
[ info ] [ LANG ] /var/www/sign_online/admin/simplewind/thinkphp/lang/zh-cn.php
[ info ] [ ROUTE ] array (
  'type' => 'module',
  'module' => 
  array (
    0 => 'user',
    1 => 'upload',
    2 => 'one',
  ),
)
[ info ] [ HEADER ] array (
  'content-type' => 'multipart/form-data; boundary=--------------------------948556242404823040288537',
  'xx-token' => '830e189c911c50459bd22ac3613e6eb93d9efe66cbe917acf9e1454acbc335d7',
  'xx-device-type' => 'wxapp',
  'xx-api-version' => '1.1.0',
  'referer' => 'https://servicewechat.com/wx6cc7078c98091722/devtools/page-frame.html',
  'user-agent' => 'Mozilla/5.0 (iPhone; CPU iPhone OS 9_1 like Mac OS X) AppleWebKit/601.1.46 (KHTML, like Gecko) Version/9.0 Mobile/13B143 Safari/601.1 wechatdevtools/1.02.1809110 MicroMessenger/6.5.7 Language/zh_CN webview/',
  'host' => 'signonline.net',
  'content-length' => '12320',
  'connection' => 'close',
)
[ info ] [ PARAM ] array (
)
[ info ] [ LANG ] /var/www/sign_online/admin/public/api/../../simplewind/cmf/lang/zh-cn.php
[ info ] [ BEHAVIOR ] Run cmf\behavior\LangBehavior @app_begin [ RunTime:0.000208s ]
[ info ] [ DB ] INIT mysql
[ info ] [ RUN ] api\user\controller\UploadController->one[ /var/www/sign_online/admin/api/user/controller/UploadController.php ]
[ info ] [ LOG ] INIT File
[ sql ] [ DB ] CONNECT:[ UseTime:0.000874s ] mysql:host=127.0.0.1;port=3306;dbname=sign_online;charset=utf8mb4
[ sql ] [ SQL ] SHOW COLUMNS FROM `so_user_token` [ RunTime:0.001223s ]
[ sql ] [ SQL ] SELECT `b`.* FROM `so_user_token` `a` INNER JOIN `so_user` `b` ON `a`.`user_id`=`b`.`id` WHERE  `token` = '830e189c911c50459bd22ac3613e6eb93d9efe66cbe917acf9e1454acbc335d7'  AND `device_type` = 'wxapp' LIMIT 1 [ RunTime:0.000981s ]
[ error ] [0]致命错误: Call to a member function validate() on null[/var/www/sign_online/admin/api/user/controller/UploadController.php:21]
---------------------------------------------------------------
[ 2018-11-05T22:39:57+08:00 ] 127.0.0.1 POST /api/user/upload/one
[ info ] signonline.net/api/user/upload/one [运行时间：0.079121s][吞吐率：12.64req/s] [内存消耗：609.85kb] [文件加载：59]
[ info ] [ CACHE ] INIT File
[ info ] [ BEHAVIOR ] Run cmf\behavior\InitHookBehavior @app_init [ RunTime:0.000512s ]
[ info ] [ LANG ] /var/www/sign_online/admin/simplewind/thinkphp/lang/zh-cn.php
[ info ] [ ROUTE ] array (
  'type' => 'module',
  'module' => 
  array (
    0 => 'user',
    1 => 'upload',
    2 => 'one',
  ),
)
[ info ] [ HEADER ] array (
  'content-type' => 'multipart/form-data; boundary=--------------------------923138584702116182676698',
  'xx-token' => '830e189c911c50459bd22ac3613e6eb93d9efe66cbe917acf9e1454acbc335d7',
  'xx-device-type' => 'wxapp',
  'xx-api-version' => '1.1.0',
  'referer' => 'https://servicewechat.com/wx6cc7078c98091722/devtools/page-frame.html',
  'user-agent' => 'Mozilla/5.0 (iPhone; CPU iPhone OS 9_1 like Mac OS X) AppleWebKit/601.1.46 (KHTML, like Gecko) Version/9.0 Mobile/13B143 Safari/601.1 wechatdevtools/1.02.1809110 MicroMessenger/6.5.7 Language/zh_CN webview/',
  'host' => 'signonline.net',
  'content-length' => '11113',
  'connection' => 'close',
)
[ info ] [ PARAM ] array (
)
[ info ] [ LANG ] /var/www/sign_online/admin/public/api/../../simplewind/cmf/lang/zh-cn.php
[ info ] [ BEHAVIOR ] Run cmf\behavior\LangBehavior @app_begin [ RunTime:0.000164s ]
[ info ] [ DB ] INIT mysql
[ info ] [ RUN ] api\user\controller\UploadController->one[ /var/www/sign_online/admin/api/user/controller/UploadController.php ]
[ info ] [ LOG ] INIT File
[ sql ] [ DB ] CONNECT:[ UseTime:0.000505s ] mysql:host=127.0.0.1;port=3306;dbname=sign_online;charset=utf8mb4
[ sql ] [ SQL ] SHOW COLUMNS FROM `so_user_token` [ RunTime:0.001137s ]
[ sql ] [ SQL ] SELECT `b`.* FROM `so_user_token` `a` INNER JOIN `so_user` `b` ON `a`.`user_id`=`b`.`id` WHERE  `token` = '830e189c911c50459bd22ac3613e6eb93d9efe66cbe917acf9e1454acbc335d7'  AND `device_type` = 'wxapp' LIMIT 1 [ RunTime:0.000998s ]
[ sql ] [ SQL ] SHOW COLUMNS FROM `so_asset` [ RunTime:0.009740s ]
[ sql ] [ SQL ] SELECT * FROM `so_asset` WHERE  `file_md5` = '96b8a467bf95536f907ea18b7c9c002e'  AND `file_sha1` = '3f0cd6a903cb08cfc4468212102671a48ab4ff1d' LIMIT 1 [ RunTime:0.000589s ]
[ sql ] [ SQL ] INSERT INTO `so_asset` (`user_id` , `file_key` , `filename` , `file_size` , `file_path` , `file_md5` , `file_sha1` , `create_time` , `suffix`) VALUES (2 , '96b8a467bf95536f907ea18b7c9c002e0281724cf5515958901392a387d1a3cb' , 'wx6cc7078c98091722.o6zAJs4kI3fcaKXURof0-lSRVgEE.uNQKGdVu1O20f02648811470c1795511b41bfc90d5ca.png' , 10820 , '20181105/9cfd7cb3bde6d45ad141c595ea7916ec.png' , '96b8a467bf95536f907ea18b7c9c002e' , '3f0cd6a903cb08cfc4468212102671a48ab4ff1d' , 1541428797 , 'png') [ RunTime:0.056654s ]
---------------------------------------------------------------
[ 2018-11-05T22:40:50+08:00 ] 127.0.0.1 POST /api/user/upload/one
[ info ] signonline.net/api/user/upload/one [运行时间：0.043852s][吞吐率：22.80req/s] [内存消耗：610.95kb] [文件加载：59]
[ info ] [ CACHE ] INIT File
[ info ] [ BEHAVIOR ] Run cmf\behavior\InitHookBehavior @app_init [ RunTime:0.000287s ]
[ info ] [ LANG ] /var/www/sign_online/admin/simplewind/thinkphp/lang/zh-cn.php
[ info ] [ ROUTE ] array (
  'type' => 'module',
  'module' => 
  array (
    0 => 'user',
    1 => 'upload',
    2 => 'one',
  ),
)
[ info ] [ HEADER ] array (
  'content-type' => 'multipart/form-data; boundary=--------------------------844202378027873265882786',
  'xx-token' => '830e189c911c50459bd22ac3613e6eb93d9efe66cbe917acf9e1454acbc335d7',
  'xx-device-type' => 'wxapp',
  'xx-api-version' => '1.1.0',
  'referer' => 'https://servicewechat.com/wx6cc7078c98091722/devtools/page-frame.html',
  'user-agent' => 'Mozilla/5.0 (iPhone; CPU iPhone OS 9_1 like Mac OS X) AppleWebKit/601.1.46 (KHTML, like Gecko) Version/9.0 Mobile/13B143 Safari/601.1 wechatdevtools/1.02.1809110 MicroMessenger/6.5.7 Language/zh_CN webview/',
  'host' => 'signonline.net',
  'content-length' => '25885',
  'connection' => 'close',
)
[ info ] [ PARAM ] array (
)
[ info ] [ LANG ] /var/www/sign_online/admin/public/api/../../simplewind/cmf/lang/zh-cn.php
[ info ] [ BEHAVIOR ] Run cmf\behavior\LangBehavior @app_begin [ RunTime:0.000110s ]
[ info ] [ DB ] INIT mysql
[ info ] [ RUN ] api\user\controller\UploadController->one[ /var/www/sign_online/admin/api/user/controller/UploadController.php ]
[ info ] [ LOG ] INIT File
[ sql ] [ DB ] CONNECT:[ UseTime:0.000469s ] mysql:host=127.0.0.1;port=3306;dbname=sign_online;charset=utf8mb4
[ sql ] [ SQL ] SHOW COLUMNS FROM `so_user_token` [ RunTime:0.000550s ]
[ sql ] [ SQL ] SELECT `b`.* FROM `so_user_token` `a` INNER JOIN `so_user` `b` ON `a`.`user_id`=`b`.`id` WHERE  `token` = '830e189c911c50459bd22ac3613e6eb93d9efe66cbe917acf9e1454acbc335d7'  AND `device_type` = 'wxapp' LIMIT 1 [ RunTime:0.000523s ]
[ sql ] [ SQL ] SHOW COLUMNS FROM `so_asset` [ RunTime:0.000557s ]
[ sql ] [ SQL ] SELECT * FROM `so_asset` WHERE  `file_md5` = '147db958c3f4ec7cde4627829189b3eb'  AND `file_sha1` = '2f69daae29e723ba3104215caf6966372142eb79' LIMIT 1 [ RunTime:0.000313s ]
[ sql ] [ SQL ] INSERT INTO `so_asset` (`user_id` , `file_key` , `filename` , `file_size` , `file_path` , `file_md5` , `file_sha1` , `create_time` , `suffix`) VALUES (2 , '147db958c3f4ec7cde4627829189b3eba6e9b57a42350ad14b519e5dcf9ab24e' , 'wx6cc7078c98091722.o6zAJs4kI3fcaKXURof0-lSRVgEE.gSn9AW5tXsyz3f333148d4cd6743b6c83a5736c99bf5.png' , 25592 , '20181105/77752c18a610e6c03c6e0de58f5c258d.png' , '147db958c3f4ec7cde4627829189b3eb' , '2f69daae29e723ba3104215caf6966372142eb79' , 1541428850 , 'png') [ RunTime:0.034822s ]
---------------------------------------------------------------
[ 2018-11-05T22:42:00+08:00 ] 127.0.0.1 POST /api/user/upload/one
[ info ] signonline.net/api/user/upload/one [运行时间：0.050163s][吞吐率：19.93req/s] [内存消耗：609.85kb] [文件加载：59]
[ info ] [ CACHE ] INIT File
[ info ] [ BEHAVIOR ] Run cmf\behavior\InitHookBehavior @app_init [ RunTime:0.000572s ]
[ info ] [ LANG ] /var/www/sign_online/admin/simplewind/thinkphp/lang/zh-cn.php
[ info ] [ ROUTE ] array (
  'type' => 'module',
  'module' => 
  array (
    0 => 'user',
    1 => 'upload',
    2 => 'one',
  ),
)
[ info ] [ HEADER ] array (
  'content-type' => 'multipart/form-data; boundary=--------------------------056614616464630612332439',
  'xx-token' => '830e189c911c50459bd22ac3613e6eb93d9efe66cbe917acf9e1454acbc335d7',
  'xx-device-type' => 'wxapp',
  'xx-api-version' => '1.1.0',
  'referer' => 'https://servicewechat.com/wx6cc7078c98091722/devtools/page-frame.html',
  'user-agent' => 'Mozilla/5.0 (iPhone; CPU iPhone OS 9_1 like Mac OS X) AppleWebKit/601.1.46 (KHTML, like Gecko) Version/9.0 Mobile/13B143 Safari/601.1 wechatdevtools/1.02.1809110 MicroMessenger/6.5.7 Language/zh_CN webview/',
  'host' => 'signonline.net',
  'content-length' => '15160',
  'connection' => 'close',
)
[ info ] [ PARAM ] array (
)
[ info ] [ LANG ] /var/www/sign_online/admin/public/api/../../simplewind/cmf/lang/zh-cn.php
[ info ] [ BEHAVIOR ] Run cmf\behavior\LangBehavior @app_begin [ RunTime:0.000110s ]
[ info ] [ DB ] INIT mysql
[ info ] [ RUN ] api\user\controller\UploadController->one[ /var/www/sign_online/admin/api/user/controller/UploadController.php ]
[ info ] [ LOG ] INIT File
[ sql ] [ DB ] CONNECT:[ UseTime:0.000507s ] mysql:host=127.0.0.1;port=3306;dbname=sign_online;charset=utf8mb4
[ sql ] [ SQL ] SHOW COLUMNS FROM `so_user_token` [ RunTime:0.000547s ]
[ sql ] [ SQL ] SELECT `b`.* FROM `so_user_token` `a` INNER JOIN `so_user` `b` ON `a`.`user_id`=`b`.`id` WHERE  `token` = '830e189c911c50459bd22ac3613e6eb93d9efe66cbe917acf9e1454acbc335d7'  AND `device_type` = 'wxapp' LIMIT 1 [ RunTime:0.000527s ]
[ sql ] [ SQL ] SHOW COLUMNS FROM `so_asset` [ RunTime:0.000578s ]
[ sql ] [ SQL ] SELECT * FROM `so_asset` WHERE  `file_md5` = 'e3253c568ec4c03999036f73b9b09562'  AND `file_sha1` = 'b54b5338ac1a16a7fb67839b3e1bf664274278d1' LIMIT 1 [ RunTime:0.000286s ]
[ sql ] [ SQL ] INSERT INTO `so_asset` (`user_id` , `file_key` , `filename` , `file_size` , `file_path` , `file_md5` , `file_sha1` , `create_time` , `suffix`) VALUES (2 , 'e3253c568ec4c03999036f73b9b095624acd676c1bbadf83abc0aeb248044220' , 'wx6cc7078c98091722.o6zAJs4kI3fcaKXURof0-lSRVgEE.uBrh3EHsxYwf3ad986903c3ea827f4016622a67f8652.jpg' , 14866 , '20181105/234bcbe79430d962c16c77b26c97f05a.jpg' , 'e3253c568ec4c03999036f73b9b09562' , 'b54b5338ac1a16a7fb67839b3e1bf664274278d1' , 1541428920 , 'jpg') [ RunTime:0.039274s ]
---------------------------------------------------------------
[ 2018-11-05T22:43:50+08:00 ] 127.0.0.1 POST /api/user/upload/one
[ info ] signonline.net/api/user/upload/one [运行时间：0.046280s][吞吐率：21.61req/s] [内存消耗：609.85kb] [文件加载：59]
[ info ] [ CACHE ] INIT File
[ info ] [ BEHAVIOR ] Run cmf\behavior\InitHookBehavior @app_init [ RunTime:0.000371s ]
[ info ] [ LANG ] /var/www/sign_online/admin/simplewind/thinkphp/lang/zh-cn.php
[ info ] [ ROUTE ] array (
  'type' => 'module',
  'module' => 
  array (
    0 => 'user',
    1 => 'upload',
    2 => 'one',
  ),
)
[ info ] [ HEADER ] array (
  'content-type' => 'multipart/form-data; boundary=--------------------------884162451636498189895170',
  'xx-token' => '830e189c911c50459bd22ac3613e6eb93d9efe66cbe917acf9e1454acbc335d7',
  'xx-device-type' => 'wxapp',
  'xx-api-version' => '1.1.0',
  'referer' => 'https://servicewechat.com/wx6cc7078c98091722/devtools/page-frame.html',
  'user-agent' => 'Mozilla/5.0 (iPhone; CPU iPhone OS 9_1 like Mac OS X) AppleWebKit/601.1.46 (KHTML, like Gecko) Version/9.0 Mobile/13B143 Safari/601.1 wechatdevtools/1.02.1809110 MicroMessenger/6.5.7 Language/zh_CN webview/',
  'host' => 'signonline.net',
  'content-length' => '8884',
  'connection' => 'close',
)
[ info ] [ PARAM ] array (
)
[ info ] [ LANG ] /var/www/sign_online/admin/public/api/../../simplewind/cmf/lang/zh-cn.php
[ info ] [ BEHAVIOR ] Run cmf\behavior\LangBehavior @app_begin [ RunTime:0.000175s ]
[ info ] [ DB ] INIT mysql
[ info ] [ RUN ] api\user\controller\UploadController->one[ /var/www/sign_online/admin/api/user/controller/UploadController.php ]
[ info ] [ LOG ] INIT File
[ sql ] [ DB ] CONNECT:[ UseTime:0.000621s ] mysql:host=127.0.0.1;port=3306;dbname=sign_online;charset=utf8mb4
[ sql ] [ SQL ] SHOW COLUMNS FROM `so_user_token` [ RunTime:0.000640s ]
[ sql ] [ SQL ] SELECT `b`.* FROM `so_user_token` `a` INNER JOIN `so_user` `b` ON `a`.`user_id`=`b`.`id` WHERE  `token` = '830e189c911c50459bd22ac3613e6eb93d9efe66cbe917acf9e1454acbc335d7'  AND `device_type` = 'wxapp' LIMIT 1 [ RunTime:0.000602s ]
[ sql ] [ SQL ] SHOW COLUMNS FROM `so_asset` [ RunTime:0.000606s ]
[ sql ] [ SQL ] SELECT * FROM `so_asset` WHERE  `file_md5` = '2ebbfc932210d4fbae8b13ecb94cf0db'  AND `file_sha1` = 'fbd24ea5c60e28ad8df099392d0b10dd1579533a' LIMIT 1 [ RunTime:0.000326s ]
[ sql ] [ SQL ] INSERT INTO `so_asset` (`user_id` , `file_key` , `filename` , `file_size` , `file_path` , `file_md5` , `file_sha1` , `create_time` , `suffix`) VALUES (2 , '2ebbfc932210d4fbae8b13ecb94cf0dbda6fc49fe0b716c6c20d7959b6810979' , 'wx6cc7078c98091722.o6zAJs4kI3fcaKXURof0-lSRVgEE.VCL0Gevo92s50e3280795afab46eabe76d9e147d4053.png' , 8591 , '20181105/1319f5ffc3c682d25a2a5e9fec824ed3.png' , '2ebbfc932210d4fbae8b13ecb94cf0db' , 'fbd24ea5c60e28ad8df099392d0b10dd1579533a' , 1541429030 , 'png') [ RunTime:0.036045s ]
---------------------------------------------------------------
[ 2018-11-05T22:44:23+08:00 ] 127.0.0.1 POST /api/user/upload/one
[ info ] signonline.net/api/user/upload/one [运行时间：0.045414s][吞吐率：22.02req/s] [内存消耗：609.85kb] [文件加载：59]
[ info ] [ CACHE ] INIT File
[ info ] [ BEHAVIOR ] Run cmf\behavior\InitHookBehavior @app_init [ RunTime:0.000400s ]
[ info ] [ LANG ] /var/www/sign_online/admin/simplewind/thinkphp/lang/zh-cn.php
[ info ] [ ROUTE ] array (
  'type' => 'module',
  'module' => 
  array (
    0 => 'user',
    1 => 'upload',
    2 => 'one',
  ),
)
[ info ] [ HEADER ] array (
  'content-type' => 'multipart/form-data; boundary=--------------------------625492658734141272166716',
  'xx-token' => '830e189c911c50459bd22ac3613e6eb93d9efe66cbe917acf9e1454acbc335d7',
  'xx-device-type' => 'wxapp',
  'xx-api-version' => '1.1.0',
  'referer' => 'https://servicewechat.com/wx6cc7078c98091722/devtools/page-frame.html',
  'user-agent' => 'Mozilla/5.0 (iPhone; CPU iPhone OS 9_1 like Mac OS X) AppleWebKit/601.1.46 (KHTML, like Gecko) Version/9.0 Mobile/13B143 Safari/601.1 wechatdevtools/1.02.1809110 MicroMessenger/6.5.7 Language/zh_CN webview/',
  'host' => 'signonline.net',
  'content-length' => '18369',
  'connection' => 'close',
)
[ info ] [ PARAM ] array (
)
[ info ] [ LANG ] /var/www/sign_online/admin/public/api/../../simplewind/cmf/lang/zh-cn.php
[ info ] [ BEHAVIOR ] Run cmf\behavior\LangBehavior @app_begin [ RunTime:0.000172s ]
[ info ] [ DB ] INIT mysql
[ info ] [ RUN ] api\user\controller\UploadController->one[ /var/www/sign_online/admin/api/user/controller/UploadController.php ]
[ info ] [ LOG ] INIT File
[ sql ] [ DB ] CONNECT:[ UseTime:0.000543s ] mysql:host=127.0.0.1;port=3306;dbname=sign_online;charset=utf8mb4
[ sql ] [ SQL ] SHOW COLUMNS FROM `so_user_token` [ RunTime:0.000666s ]
[ sql ] [ SQL ] SELECT `b`.* FROM `so_user_token` `a` INNER JOIN `so_user` `b` ON `a`.`user_id`=`b`.`id` WHERE  `token` = '830e189c911c50459bd22ac3613e6eb93d9efe66cbe917acf9e1454acbc335d7'  AND `device_type` = 'wxapp' LIMIT 1 [ RunTime:0.000586s ]
[ sql ] [ SQL ] SHOW COLUMNS FROM `so_asset` [ RunTime:0.000667s ]
[ sql ] [ SQL ] SELECT * FROM `so_asset` WHERE  `file_md5` = '53bc1f4703c4d2b6501a2d182c633f41'  AND `file_sha1` = 'dbae804897ea2663ff5d33c3b35098bb5968c1ea' LIMIT 1 [ RunTime:0.000332s ]
[ sql ] [ SQL ] INSERT INTO `so_asset` (`user_id` , `file_key` , `filename` , `file_size` , `file_path` , `file_md5` , `file_sha1` , `create_time` , `suffix`) VALUES (2 , '53bc1f4703c4d2b6501a2d182c633f41f721416100364d04bc3f1068770b7dab' , 'wx6cc7078c98091722.o6zAJs4kI3fcaKXURof0-lSRVgEE.Kvmz2DsHC58Y29fe3ccee913ae37e9dba0b38566437d.png' , 18076 , '20181105/b239873b151aa02aad622955122e71d0.png' , '53bc1f4703c4d2b6501a2d182c633f41' , 'dbae804897ea2663ff5d33c3b35098bb5968c1ea' , 1541429063 , 'png') [ RunTime:0.034242s ]
---------------------------------------------------------------
[ 2018-11-05T22:46:02+08:00 ] 127.0.0.1 POST /api/user/upload/one
[ info ] signonline.net/api/user/upload/one [运行时间：0.002294s][吞吐率：435.95req/s] [内存消耗：407.68kb] [文件加载：52]
[ info ] [ CACHE ] INIT File
[ info ] [ BEHAVIOR ] Run cmf\behavior\InitHookBehavior @app_init [ RunTime:0.000220s ]
[ info ] [ LANG ] /var/www/sign_online/admin/simplewind/thinkphp/lang/zh-cn.php
[ info ] [ ROUTE ] array (
  'type' => 'module',
  'module' => 
  array (
    0 => 'user',
    1 => 'upload',
    2 => 'one',
  ),
)
[ info ] [ HEADER ] array (
  'content-type' => 'multipart/form-data; boundary=--------------------------993341233867555492560234',
  'xx-token' => '',
  'xx-device-type' => 'wxapp',
  'xx-api-version' => '1.1.0',
  'referer' => 'https://servicewechat.com/wx6cc7078c98091722/devtools/page-frame.html',
  'user-agent' => 'Mozilla/5.0 (iPhone; CPU iPhone OS 9_1 like Mac OS X) AppleWebKit/601.1.46 (KHTML, like Gecko) Version/9.0 Mobile/13B143 Safari/601.1 wechatdevtools/1.02.1809110 MicroMessenger/6.5.7 Language/zh_CN webview/',
  'host' => 'signonline.net',
  'content-length' => '13057',
  'connection' => 'close',
)
[ info ] [ PARAM ] array (
)
[ info ] [ LANG ] /var/www/sign_online/admin/public/api/../../simplewind/cmf/lang/zh-cn.php
[ info ] [ BEHAVIOR ] Run cmf\behavior\LangBehavior @app_begin [ RunTime:0.000135s ]
[ info ] [ LOG ] INIT File
---------------------------------------------------------------
[ 2018-11-05T22:47:11+08:00 ] 127.0.0.1 POST /api/user/public/login
[ info ] signonline.net/api/user/public/login [运行时间：0.065001s][吞吐率：15.38req/s] [内存消耗：534.62kb] [文件加载：57]
[ info ] [ CACHE ] INIT File
[ info ] [ BEHAVIOR ] Run cmf\behavior\InitHookBehavior @app_init [ RunTime:0.000483s ]
[ info ] [ LANG ] /var/www/sign_online/admin/simplewind/thinkphp/lang/zh-cn.php
[ info ] [ ROUTE ] array (
  'type' => 'module',
  'module' => 
  array (
    0 => 'user',
    1 => 'public',
    2 => 'login',
  ),
)
[ info ] [ HEADER ] array (
  'host' => 'signonline.net',
  'connection' => 'keep-alive',
  'content-length' => '54',
  'pragma' => 'no-cache',
  'cache-control' => 'no-cache',
  'origin' => 'http://127.0.0.1:57703',
  'xx-device-type' => 'wxapp',
  'user-agent' => 'Mozilla/5.0 (iPhone; CPU iPhone OS 9_1 like Mac OS X) AppleWebKit/601.1.46 (KHTML, like Gecko) Version/9.0 Mobile/13B143 Safari/601.1 wechatdevtools/1.02.1809110 MicroMessenger/6.5.7 Language/zh_CN webview/ token/003dc6f36ea562785bc0a05e17ce5698',
  'content-type' => 'application/x-www-form-urlencoded',
  'xx-api-version' => '1.1.0',
  'xx-token' => '',
  'accept' => '*/*',
  'referer' => 'https://servicewechat.com/wx6cc7078c98091722/devtools/page-frame.html',
  'accept-encoding' => 'gzip, deflate',
)
[ info ] [ PARAM ] array (
  'username' => '13726041226',
  'password' => '123456',
  'device_type' => 'wxapp',
)
[ info ] [ LANG ] /var/www/sign_online/admin/public/api/../../simplewind/cmf/lang/zh-cn.php
[ info ] [ BEHAVIOR ] Run cmf\behavior\LangBehavior @app_begin [ RunTime:0.000251s ]
[ info ] [ RUN ] api\user\controller\PublicController->login[ /var/www/sign_online/admin/api/user/controller/PublicController.php ]
[ info ] [ DB ] INIT mysql
[ info ] [ LOG ] INIT File
[ sql ] [ DB ] CONNECT:[ UseTime:0.000679s ] mysql:host=127.0.0.1;port=3306;dbname=sign_online;charset=utf8mb4
[ sql ] [ SQL ] SHOW COLUMNS FROM `so_user` [ RunTime:0.001096s ]
[ sql ] [ SQL ] SELECT * FROM `so_user` WHERE  `mobile` = '13726041226' LIMIT 1 [ RunTime:0.000636s ]
[ sql ] [ SQL ] SHOW COLUMNS FROM `so_user_token` [ RunTime:0.000772s ]
[ sql ] [ SQL ] SELECT * FROM `so_user_token` WHERE  `user_id` = 2  AND `device_type` = 'wxapp' LIMIT 1 [ RunTime:0.000415s ]
[ sql ] [ SQL ] UPDATE `so_user_token`  SET `token`='3ac1ce70e5938283761f9bc9543934bacaa82888a605698a397c7347ff953865',`expire_time`=1556981231,`create_time`=1541429231  WHERE  `user_id` = 2  AND `device_type` = 'wxapp' [ RunTime:0.042489s ]
---------------------------------------------------------------
[ 2018-11-05T22:47:22+08:00 ] 127.0.0.1 POST /api/user/upload/one
[ info ] signonline.net/api/user/upload/one [运行时间：0.051028s][吞吐率：19.60req/s] [内存消耗：609.85kb] [文件加载：59]
[ info ] [ CACHE ] INIT File
[ info ] [ BEHAVIOR ] Run cmf\behavior\InitHookBehavior @app_init [ RunTime:0.000822s ]
[ info ] [ LANG ] /var/www/sign_online/admin/simplewind/thinkphp/lang/zh-cn.php
[ info ] [ ROUTE ] array (
  'type' => 'module',
  'module' => 
  array (
    0 => 'user',
    1 => 'upload',
    2 => 'one',
  ),
)
[ info ] [ HEADER ] array (
  'content-type' => 'multipart/form-data; boundary=--------------------------358856293317804712275672',
  'xx-token' => '3ac1ce70e5938283761f9bc9543934bacaa82888a605698a397c7347ff953865',
  'xx-device-type' => 'wxapp',
  'xx-api-version' => '1.1.0',
  'referer' => 'https://servicewechat.com/wx6cc7078c98091722/devtools/page-frame.html',
  'user-agent' => 'Mozilla/5.0 (iPhone; CPU iPhone OS 9_1 like Mac OS X) AppleWebKit/601.1.46 (KHTML, like Gecko) Version/9.0 Mobile/13B143 Safari/601.1 wechatdevtools/1.02.1809110 MicroMessenger/6.5.7 Language/zh_CN webview/',
  'host' => 'signonline.net',
  'content-length' => '12592',
  'connection' => 'close',
)
[ info ] [ PARAM ] array (
)
[ info ] [ LANG ] /var/www/sign_online/admin/public/api/../../simplewind/cmf/lang/zh-cn.php
[ info ] [ BEHAVIOR ] Run cmf\behavior\LangBehavior @app_begin [ RunTime:0.000173s ]
[ info ] [ DB ] INIT mysql
[ info ] [ RUN ] api\user\controller\UploadController->one[ /var/www/sign_online/admin/api/user/controller/UploadController.php ]
[ info ] [ LOG ] INIT File
[ sql ] [ DB ] CONNECT:[ UseTime:0.000521s ] mysql:host=127.0.0.1;port=3306;dbname=sign_online;charset=utf8mb4
[ sql ] [ SQL ] SHOW COLUMNS FROM `so_user_token` [ RunTime:0.000928s ]
[ sql ] [ SQL ] SELECT `b`.* FROM `so_user_token` `a` INNER JOIN `so_user` `b` ON `a`.`user_id`=`b`.`id` WHERE  `token` = '3ac1ce70e5938283761f9bc9543934bacaa82888a605698a397c7347ff953865'  AND `device_type` = 'wxapp' LIMIT 1 [ RunTime:0.000512s ]
[ sql ] [ SQL ] SHOW COLUMNS FROM `so_asset` [ RunTime:0.000520s ]
[ sql ] [ SQL ] SELECT * FROM `so_asset` WHERE  `file_md5` = 'dee8f78c5f054966eeae56fd00182af0'  AND `file_sha1` = '7bedcde8f25a12f43b68a38c4b76dbe827b97fe4' LIMIT 1 [ RunTime:0.000264s ]
[ sql ] [ SQL ] INSERT INTO `so_asset` (`user_id` , `file_key` , `filename` , `file_size` , `file_path` , `file_md5` , `file_sha1` , `create_time` , `suffix`) VALUES (2 , 'dee8f78c5f054966eeae56fd00182af080eeb009d30403554b25e9154a1bbda9' , 'wx6cc7078c98091722.o6zAJs4kI3fcaKXURof0-lSRVgEE.xOSkAvsHdrUOe27688356a66bad5271b46dfa46ee425.png' , 12299 , '20181105/f95be37fd1867b811b2d47e879ce0a5d.png' , 'dee8f78c5f054966eeae56fd00182af0' , '7bedcde8f25a12f43b68a38c4b76dbe827b97fe4' , 1541429242 , 'png') [ RunTime:0.041108s ]
---------------------------------------------------------------
[ 2018-11-05T23:22:56+08:00 ] 127.0.0.1 GET /api/protocol/lists?page=1&order=-published_time&token=3ac1ce70e5938283761f9bc9543934bacaa82888a605698a397c7347ff953865
[ info ] signonline.net/api/protocol/lists?page=1&order=-published_time&token=3ac1ce70e5938283761f9bc9543934bacaa82888a605698a397c7347ff953865 [运行时间：0.150369s][吞吐率：6.65req/s] [内存消耗：952.37kb] [文件加载：71]
[ info ] [ CACHE ] INIT File
[ info ] [ BEHAVIOR ] Run cmf\behavior\InitHookBehavior @app_init [ RunTime:0.000498s ]
[ info ] [ LANG ] /var/www/sign_online/admin/simplewind/thinkphp/lang/zh-cn.php
[ info ] [ ROUTE ] array (
  'type' => 'module',
  'module' => 
  array (
    0 => 'protocol',
    1 => 'lists',
    2 => NULL,
  ),
)
[ info ] [ HEADER ] array (
  'host' => 'signonline.net',
  'connection' => 'keep-alive',
  'pragma' => 'no-cache',
  'cache-control' => 'no-cache',
  'xx-device-type' => 'wxapp',
  'user-agent' => 'Mozilla/5.0 (iPhone; CPU iPhone OS 9_1 like Mac OS X) AppleWebKit/601.1.46 (KHTML, like Gecko) Version/9.0 Mobile/13B143 Safari/601.1 wechatdevtools/1.02.1809110 MicroMessenger/6.5.7 Language/zh_CN webview/ token/003dc6f36ea562785bc0a05e17ce5698',
  'content-type' => 'application/x-www-form-urlencoded',
  'xx-api-version' => '1.1.0',
  'xx-token' => '3ac1ce70e5938283761f9bc9543934bacaa82888a605698a397c7347ff953865',
  'accept' => '*/*',
  'referer' => 'https://servicewechat.com/wx6cc7078c98091722/devtools/page-frame.html',
  'accept-encoding' => 'gzip, deflate',
)
[ info ] [ PARAM ] array (
  'page' => '1',
  'order' => '-published_time',
  'token' => '3ac1ce70e5938283761f9bc9543934bacaa82888a605698a397c7347ff953865',
)
[ info ] [ LANG ] /var/www/sign_online/admin/public/api/../../simplewind/cmf/lang/zh-cn.php
[ info ] [ BEHAVIOR ] Run cmf\behavior\LangBehavior @app_begin [ RunTime:0.000214s ]
[ info ] [ DB ] INIT mysql
[ info ] [ RUN ] api\protocol\controller\ListsController->index[ /var/www/sign_online/admin/api/protocol/controller/ListsController.php ]
[ info ] [ LOG ] INIT File
[ sql ] [ DB ] CONNECT:[ UseTime:0.000463s ] mysql:host=127.0.0.1;port=3306;dbname=sign_online;charset=utf8mb4
[ sql ] [ SQL ] SHOW COLUMNS FROM `so_user_token` [ RunTime:0.000932s ]
[ sql ] [ SQL ] SELECT `b`.* FROM `so_user_token` `a` INNER JOIN `so_user` `b` ON `a`.`user_id`=`b`.`id` WHERE  `token` = '3ac1ce70e5938283761f9bc9543934bacaa82888a605698a397c7347ff953865'  AND `device_type` = 'wxapp' LIMIT 1 [ RunTime:0.000713s ]
[ sql ] [ SQL ] SHOW COLUMNS FROM `so_protocol_post` [ RunTime:0.011227s ]
[ sql ] [ SQL ] SELECT * FROM `so_protocol_post` WHERE  ( `delete_time` = 0 AND `delete_time` = 0 AND `delete_time` = 0 AND `delete_time` = 0 )  AND ( `post_status` = 1 AND `post_status` = 1 AND `post_status` = 1 AND `post_status` = 1 )  AND ( `published_time` BETWEEN 1 AND 1541431375 AND `published_time` BETWEEN 1 AND 1541431375 AND `published_time` BETWEEN 1 AND 1541431375 AND `published_time` BETWEEN 1 AND 1541431375 )  AND `post_type` = 1 ORDER BY `published_time` DESC LIMIT 0,20 [ RunTime:0.015153s ]
[ sql ] [ SQL ] SHOW COLUMNS FROM `so_option` [ RunTime:0.000905s ]
[ sql ] [ SQL ] SELECT `option_value` FROM `so_option` WHERE  `option_name` = 'storage' LIMIT 1 [ RunTime:0.000942s ]
---------------------------------------------------------------
[ 2018-11-05T23:23:31+08:00 ] 127.0.0.1 GET /api/protocol/lists?page=1&order=-published_time&token=3ac1ce70e5938283761f9bc9543934bacaa82888a605698a397c7347ff953865
[ info ] signonline.net/api/protocol/lists?page=1&order=-published_time&token=3ac1ce70e5938283761f9bc9543934bacaa82888a605698a397c7347ff953865 [运行时间：0.015966s][吞吐率：62.63req/s] [内存消耗：885.54kb] [文件加载：71]
[ info ] [ CACHE ] INIT File
[ info ] [ BEHAVIOR ] Run cmf\behavior\InitHookBehavior @app_init [ RunTime:0.000261s ]
[ info ] [ LANG ] /var/www/sign_online/admin/simplewind/thinkphp/lang/zh-cn.php
[ info ] [ ROUTE ] array (
  'type' => 'module',
  'module' => 
  array (
    0 => 'protocol',
    1 => 'lists',
    2 => NULL,
  ),
)
[ info ] [ HEADER ] array (
  'host' => 'signonline.net',
  'connection' => 'keep-alive',
  'pragma' => 'no-cache',
  'cache-control' => 'no-cache',
  'xx-device-type' => 'wxapp',
  'user-agent' => 'Mozilla/5.0 (iPhone; CPU iPhone OS 9_1 like Mac OS X) AppleWebKit/601.1.46 (KHTML, like Gecko) Version/9.0 Mobile/13B143 Safari/601.1 wechatdevtools/1.02.1809110 MicroMessenger/6.5.7 Language/zh_CN webview/ token/003dc6f36ea562785bc0a05e17ce5698',
  'content-type' => 'application/x-www-form-urlencoded',
  'xx-api-version' => '1.1.0',
  'xx-token' => '3ac1ce70e5938283761f9bc9543934bacaa82888a605698a397c7347ff953865',
  'accept' => '*/*',
  'referer' => 'https://servicewechat.com/wx6cc7078c98091722/devtools/page-frame.html',
  'accept-encoding' => 'gzip, deflate',
)
[ info ] [ PARAM ] array (
  'page' => '1',
  'order' => '-published_time',
  'token' => '3ac1ce70e5938283761f9bc9543934bacaa82888a605698a397c7347ff953865',
)
[ info ] [ LANG ] /var/www/sign_online/admin/public/api/../../simplewind/cmf/lang/zh-cn.php
[ info ] [ BEHAVIOR ] Run cmf\behavior\LangBehavior @app_begin [ RunTime:0.000207s ]
[ info ] [ DB ] INIT mysql
[ info ] [ RUN ] api\protocol\controller\ListsController->index[ /var/www/sign_online/admin/api/protocol/controller/ListsController.php ]
[ info ] [ LOG ] INIT File
[ sql ] [ DB ] CONNECT:[ UseTime:0.000487s ] mysql:host=127.0.0.1;port=3306;dbname=sign_online;charset=utf8mb4
[ sql ] [ SQL ] SHOW COLUMNS FROM `so_user_token` [ RunTime:0.000763s ]
[ sql ] [ SQL ] SELECT `b`.* FROM `so_user_token` `a` INNER JOIN `so_user` `b` ON `a`.`user_id`=`b`.`id` WHERE  `token` = '3ac1ce70e5938283761f9bc9543934bacaa82888a605698a397c7347ff953865'  AND `device_type` = 'wxapp' LIMIT 1 [ RunTime:0.000707s ]
[ sql ] [ SQL ] SHOW COLUMNS FROM `so_protocol_post` [ RunTime:0.000965s ]
[ sql ] [ SQL ] SELECT * FROM `so_protocol_post` WHERE  ( `delete_time` = 0 AND `delete_time` = 0 AND `delete_time` = 0 AND `delete_time` = 0 )  AND ( `post_status` = 1 AND `post_status` = 1 AND `post_status` = 1 AND `post_status` = 1 )  AND ( `published_time` BETWEEN 1 AND 1541431411 AND `published_time` BETWEEN 1 AND 1541431411 AND `published_time` BETWEEN 1 AND 1541431411 AND `published_time` BETWEEN 1 AND 1541431411 )  AND `post_type` = 1 ORDER BY `published_time` DESC LIMIT 0,20 [ RunTime:0.000866s ]
[ sql ] [ SQL ] SHOW COLUMNS FROM `so_option` [ RunTime:0.000883s ]
[ sql ] [ SQL ] SELECT `option_value` FROM `so_option` WHERE  `option_name` = 'storage' LIMIT 1 [ RunTime:0.001736s ]
---------------------------------------------------------------
[ 2018-11-05T23:25:41+08:00 ] 127.0.0.1 GET /api/protocol/lists?order=-published_time&token=3ac1ce70e5938283761f9bc9543934bacaa82888a605698a397c7347ff953865
[ info ] signonline.net/api/protocol/lists?order=-published_time&token=3ac1ce70e5938283761f9bc9543934bacaa82888a605698a397c7347ff953865 [运行时间：0.011991s][吞吐率：83.40req/s] [内存消耗：891.05kb] [文件加载：71]
[ info ] [ CACHE ] INIT File
[ info ] [ BEHAVIOR ] Run cmf\behavior\InitHookBehavior @app_init [ RunTime:0.000191s ]
[ info ] [ LANG ] /var/www/sign_online/admin/simplewind/thinkphp/lang/zh-cn.php
[ info ] [ ROUTE ] array (
  'type' => 'module',
  'module' => 
  array (
    0 => 'protocol',
    1 => 'lists',
    2 => NULL,
  ),
)
[ info ] [ HEADER ] array (
  'host' => 'signonline.net',
  'connection' => 'keep-alive',
  'pragma' => 'no-cache',
  'cache-control' => 'no-cache',
  'xx-device-type' => 'wxapp',
  'user-agent' => 'Mozilla/5.0 (iPhone; CPU iPhone OS 9_1 like Mac OS X) AppleWebKit/601.1.46 (KHTML, like Gecko) Version/9.0 Mobile/13B143 Safari/601.1 wechatdevtools/1.02.1809110 MicroMessenger/6.5.7 Language/zh_CN webview/ token/003dc6f36ea562785bc0a05e17ce5698',
  'content-type' => 'application/x-www-form-urlencoded',
  'xx-api-version' => '1.1.0',
  'xx-token' => '3ac1ce70e5938283761f9bc9543934bacaa82888a605698a397c7347ff953865',
  'accept' => '*/*',
  'referer' => 'https://servicewechat.com/wx6cc7078c98091722/devtools/page-frame.html',
  'accept-encoding' => 'gzip, deflate',
)
[ info ] [ PARAM ] array (
  'order' => '-published_time',
  'token' => '3ac1ce70e5938283761f9bc9543934bacaa82888a605698a397c7347ff953865',
)
[ info ] [ LANG ] /var/www/sign_online/admin/public/api/../../simplewind/cmf/lang/zh-cn.php
[ info ] [ BEHAVIOR ] Run cmf\behavior\LangBehavior @app_begin [ RunTime:0.000111s ]
[ info ] [ DB ] INIT mysql
[ info ] [ RUN ] api\protocol\controller\ListsController->index[ /var/www/sign_online/admin/api/protocol/controller/ListsController.php ]
[ info ] [ LOG ] INIT File
[ sql ] [ DB ] CONNECT:[ UseTime:0.000871s ] mysql:host=127.0.0.1;port=3306;dbname=sign_online;charset=utf8mb4
[ sql ] [ SQL ] SHOW COLUMNS FROM `so_user_token` [ RunTime:0.000811s ]
[ sql ] [ SQL ] SELECT `b`.* FROM `so_user_token` `a` INNER JOIN `so_user` `b` ON `a`.`user_id`=`b`.`id` WHERE  `token` = '3ac1ce70e5938283761f9bc9543934bacaa82888a605698a397c7347ff953865'  AND `device_type` = 'wxapp' LIMIT 1 [ RunTime:0.000648s ]
[ sql ] [ SQL ] SHOW COLUMNS FROM `so_protocol_post` [ RunTime:0.001184s ]
[ sql ] [ SQL ] SELECT * FROM `so_protocol_post` WHERE  ( `delete_time` = 0 AND `delete_time` = 0 AND `delete_time` = 0 AND `delete_time` = 0 )  AND ( `post_status` = 1 AND `post_status` = 1 AND `post_status` = 1 AND `post_status` = 1 )  AND ( `published_time` BETWEEN 1 AND 1541431541 AND `published_time` BETWEEN 1 AND 1541431541 AND `published_time` BETWEEN 1 AND 1541431541 AND `published_time` BETWEEN 1 AND 1541431541 )  AND `post_type` = 1 ORDER BY `published_time` DESC LIMIT 10 [ RunTime:0.000616s ]
[ sql ] [ SQL ] SHOW COLUMNS FROM `so_option` [ RunTime:0.000533s ]
[ sql ] [ SQL ] SELECT `option_value` FROM `so_option` WHERE  `option_name` = 'storage' LIMIT 1 [ RunTime:0.000218s ]
---------------------------------------------------------------
[ 2018-11-05T23:26:04+08:00 ] 127.0.0.1 GET /api/protocol/lists?order=-published_time&token=3ac1ce70e5938283761f9bc9543934bacaa82888a605698a397c7347ff953865
[ info ] signonline.net/api/protocol/lists?order=-published_time&token=3ac1ce70e5938283761f9bc9543934bacaa82888a605698a397c7347ff953865 [运行时间：0.014476s][吞吐率：69.08req/s] [内存消耗：889.95kb] [文件加载：71]
[ info ] [ CACHE ] INIT File
[ info ] [ BEHAVIOR ] Run cmf\behavior\InitHookBehavior @app_init [ RunTime:0.000279s ]
[ info ] [ LANG ] /var/www/sign_online/admin/simplewind/thinkphp/lang/zh-cn.php
[ info ] [ ROUTE ] array (
  'type' => 'module',
  'module' => 
  array (
    0 => 'protocol',
    1 => 'lists',
    2 => NULL,
  ),
)
[ info ] [ HEADER ] array (
  'host' => 'signonline.net',
  'connection' => 'keep-alive',
  'pragma' => 'no-cache',
  'cache-control' => 'no-cache',
  'xx-device-type' => 'wxapp',
  'user-agent' => 'Mozilla/5.0 (iPhone; CPU iPhone OS 9_1 like Mac OS X) AppleWebKit/601.1.46 (KHTML, like Gecko) Version/9.0 Mobile/13B143 Safari/601.1 wechatdevtools/1.02.1809110 MicroMessenger/6.5.7 Language/zh_CN webview/ token/003dc6f36ea562785bc0a05e17ce5698',
  'content-type' => 'application/x-www-form-urlencoded',
  'xx-api-version' => '1.1.0',
  'xx-token' => '3ac1ce70e5938283761f9bc9543934bacaa82888a605698a397c7347ff953865',
  'accept' => '*/*',
  'referer' => 'https://servicewechat.com/wx6cc7078c98091722/devtools/page-frame.html',
  'accept-encoding' => 'gzip, deflate',
)
[ info ] [ PARAM ] array (
  'order' => '-published_time',
  'token' => '3ac1ce70e5938283761f9bc9543934bacaa82888a605698a397c7347ff953865',
)
[ info ] [ LANG ] /var/www/sign_online/admin/public/api/../../simplewind/cmf/lang/zh-cn.php
[ info ] [ BEHAVIOR ] Run cmf\behavior\LangBehavior @app_begin [ RunTime:0.000187s ]
[ info ] [ DB ] INIT mysql
[ info ] [ RUN ] api\protocol\controller\ListsController->index[ /var/www/sign_online/admin/api/protocol/controller/ListsController.php ]
[ info ] [ LOG ] INIT File
[ sql ] [ DB ] CONNECT:[ UseTime:0.000536s ] mysql:host=127.0.0.1;port=3306;dbname=sign_online;charset=utf8mb4
[ sql ] [ SQL ] SHOW COLUMNS FROM `so_user_token` [ RunTime:0.000716s ]
[ sql ] [ SQL ] SELECT `b`.* FROM `so_user_token` `a` INNER JOIN `so_user` `b` ON `a`.`user_id`=`b`.`id` WHERE  `token` = '3ac1ce70e5938283761f9bc9543934bacaa82888a605698a397c7347ff953865'  AND `device_type` = 'wxapp' LIMIT 1 [ RunTime:0.001269s ]
[ sql ] [ SQL ] SHOW COLUMNS FROM `so_protocol_post` [ RunTime:0.001220s ]
[ sql ] [ SQL ] SELECT * FROM `so_protocol_post` WHERE  ( `delete_time` = 0 AND `delete_time` = 0 AND `delete_time` = 0 AND `delete_time` = 0 )  AND ( `post_status` = 1 AND `post_status` = 1 AND `post_status` = 1 AND `post_status` = 1 )  AND ( `published_time` BETWEEN 1 AND 1541431564 AND `published_time` BETWEEN 1 AND 1541431564 AND `published_time` BETWEEN 1 AND 1541431564 AND `published_time` BETWEEN 1 AND 1541431564 )  AND `post_type` = 1 ORDER BY `published_time` DESC LIMIT 10 [ RunTime:0.000693s ]
[ sql ] [ SQL ] SHOW COLUMNS FROM `so_option` [ RunTime:0.000799s ]
[ sql ] [ SQL ] SELECT `option_value` FROM `so_option` WHERE  `option_name` = 'storage' LIMIT 1 [ RunTime:0.000350s ]
---------------------------------------------------------------
[ 2018-11-05T23:42:45+08:00 ] 127.0.0.1 GET /api/protocol/lists?order=-published_time&token=3ac1ce70e5938283761f9bc9543934bacaa82888a605698a397c7347ff953865
[ info ] signonline.net/api/protocol/lists?order=-published_time&token=3ac1ce70e5938283761f9bc9543934bacaa82888a605698a397c7347ff953865 [运行时间：0.006469s][吞吐率：154.58req/s] [内存消耗：742.79kb] [文件加载：64]
[ info ] [ CACHE ] INIT File
[ info ] [ BEHAVIOR ] Run cmf\behavior\InitHookBehavior @app_init [ RunTime:0.000487s ]
[ info ] [ LANG ] /var/www/sign_online/admin/simplewind/thinkphp/lang/zh-cn.php
[ info ] [ ROUTE ] array (
  'type' => 'module',
  'module' => 
  array (
    0 => 'protocol',
    1 => 'lists',
    2 => NULL,
  ),
)
[ info ] [ HEADER ] array (
  'host' => 'signonline.net',
  'connection' => 'keep-alive',
  'pragma' => 'no-cache',
  'cache-control' => 'no-cache',
  'xx-device-type' => 'wxapp',
  'user-agent' => 'Mozilla/5.0 (iPhone; CPU iPhone OS 9_1 like Mac OS X) AppleWebKit/601.1.46 (KHTML, like Gecko) Version/9.0 Mobile/13B143 Safari/601.1 wechatdevtools/1.02.1809110 MicroMessenger/6.5.7 Language/zh_CN webview/ token/003dc6f36ea562785bc0a05e17ce5698',
  'content-type' => 'application/x-www-form-urlencoded',
  'xx-api-version' => '1.1.0',
  'xx-token' => '3ac1ce70e5938283761f9bc9543934bacaa82888a605698a397c7347ff953865',
  'accept' => '*/*',
  'referer' => 'https://servicewechat.com/wx6cc7078c98091722/devtools/page-frame.html',
  'accept-encoding' => 'gzip, deflate',
)
[ info ] [ PARAM ] array (
  'order' => '-published_time',
  'token' => '3ac1ce70e5938283761f9bc9543934bacaa82888a605698a397c7347ff953865',
)
[ info ] [ LANG ] /var/www/sign_online/admin/public/api/../../simplewind/cmf/lang/zh-cn.php
[ info ] [ BEHAVIOR ] Run cmf\behavior\LangBehavior @app_begin [ RunTime:0.000185s ]
[ info ] [ DB ] INIT mysql
[ info ] [ RUN ] api\protocol\controller\ListsController->index[ /var/www/sign_online/admin/api/protocol/controller/ListsController.php ]
[ info ] [ LOG ] INIT File
[ sql ] [ DB ] CONNECT:[ UseTime:0.000465s ] mysql:host=127.0.0.1;port=3306;dbname=sign_online;charset=utf8mb4
[ sql ] [ SQL ] SHOW COLUMNS FROM `so_user_token` [ RunTime:0.000528s ]
[ sql ] [ SQL ] SELECT `b`.* FROM `so_user_token` `a` INNER JOIN `so_user` `b` ON `a`.`user_id`=`b`.`id` WHERE  `token` = '3ac1ce70e5938283761f9bc9543934bacaa82888a605698a397c7347ff953865'  AND `device_type` = 'wxapp' LIMIT 1 [ RunTime:0.000409s ]
[ error ] [0]类型错误: Too few arguments to function think\db\Query::where(), 0 passed in /var/www/sign_online/admin/api/protocol/controller/ListsController.php on line 35 and at least 1 expected[/var/www/sign_online/admin/simplewind/thinkphp/library/think/db/Query.php:995]
---------------------------------------------------------------
[ 2018-11-05T23:45:25+08:00 ] 127.0.0.1 GET /api/protocol/lists?order=-published_time&token=3ac1ce70e5938283761f9bc9543934bacaa82888a605698a397c7347ff953865
[ info ] signonline.net/api/protocol/lists?order=-published_time&token=3ac1ce70e5938283761f9bc9543934bacaa82888a605698a397c7347ff953865 [运行时间：0.009519s][吞吐率：105.05req/s] [内存消耗：741.70kb] [文件加载：64]
[ info ] [ CACHE ] INIT File
[ info ] [ BEHAVIOR ] Run cmf\behavior\InitHookBehavior @app_init [ RunTime:0.000540s ]
[ info ] [ LANG ] /var/www/sign_online/admin/simplewind/thinkphp/lang/zh-cn.php
[ info ] [ ROUTE ] array (
  'type' => 'module',
  'module' => 
  array (
    0 => 'protocol',
    1 => 'lists',
    2 => NULL,
  ),
)
[ info ] [ HEADER ] array (
  'host' => 'signonline.net',
  'connection' => 'keep-alive',
  'pragma' => 'no-cache',
  'cache-control' => 'no-cache',
  'xx-device-type' => 'wxapp',
  'user-agent' => 'Mozilla/5.0 (iPhone; CPU iPhone OS 9_1 like Mac OS X) AppleWebKit/601.1.46 (KHTML, like Gecko) Version/9.0 Mobile/13B143 Safari/601.1 wechatdevtools/1.02.1809110 MicroMessenger/6.5.7 Language/zh_CN webview/ token/003dc6f36ea562785bc0a05e17ce5698',
  'content-type' => 'application/x-www-form-urlencoded',
  'xx-api-version' => '1.1.0',
  'xx-token' => '3ac1ce70e5938283761f9bc9543934bacaa82888a605698a397c7347ff953865',
  'accept' => '*/*',
  'referer' => 'https://servicewechat.com/wx6cc7078c98091722/devtools/page-frame.html',
  'accept-encoding' => 'gzip, deflate',
)
[ info ] [ PARAM ] array (
  'order' => '-published_time',
  'token' => '3ac1ce70e5938283761f9bc9543934bacaa82888a605698a397c7347ff953865',
)
[ info ] [ LANG ] /var/www/sign_online/admin/public/api/../../simplewind/cmf/lang/zh-cn.php
[ info ] [ BEHAVIOR ] Run cmf\behavior\LangBehavior @app_begin [ RunTime:0.000226s ]
[ info ] [ DB ] INIT mysql
[ info ] [ RUN ] api\protocol\controller\ListsController->index[ /var/www/sign_online/admin/api/protocol/controller/ListsController.php ]
[ info ] [ LOG ] INIT File
[ sql ] [ DB ] CONNECT:[ UseTime:0.000662s ] mysql:host=127.0.0.1;port=3306;dbname=sign_online;charset=utf8mb4
[ sql ] [ SQL ] SHOW COLUMNS FROM `so_user_token` [ RunTime:0.001097s ]
[ sql ] [ SQL ] SELECT `b`.* FROM `so_user_token` `a` INNER JOIN `so_user` `b` ON `a`.`user_id`=`b`.`id` WHERE  `token` = '3ac1ce70e5938283761f9bc9543934bacaa82888a605698a397c7347ff953865'  AND `device_type` = 'wxapp' LIMIT 1 [ RunTime:0.000802s ]
[ error ] [0]类型错误: Too few arguments to function think\db\Query::where(), 0 passed in /var/www/sign_online/admin/api/protocol/controller/ListsController.php on line 35 and at least 1 expected[/var/www/sign_online/admin/simplewind/thinkphp/library/think/db/Query.php:995]
---------------------------------------------------------------
[ 2018-11-05T23:46:32+08:00 ] 127.0.0.1 GET /api/protocol/lists?order=-published_time&token=3ac1ce70e5938283761f9bc9543934bacaa82888a605698a397c7347ff953865
[ info ] signonline.net/api/protocol/lists?order=-published_time&token=3ac1ce70e5938283761f9bc9543934bacaa82888a605698a397c7347ff953865 [运行时间：0.022231s][吞吐率：44.98req/s] [内存消耗：919.38kb] [文件加载：71]
[ info ] [ CACHE ] INIT File
[ info ] [ BEHAVIOR ] Run cmf\behavior\InitHookBehavior @app_init [ RunTime:0.000432s ]
[ info ] [ LANG ] /var/www/sign_online/admin/simplewind/thinkphp/lang/zh-cn.php
[ info ] [ ROUTE ] array (
  'type' => 'module',
  'module' => 
  array (
    0 => 'protocol',
    1 => 'lists',
    2 => NULL,
  ),
)
[ info ] [ HEADER ] array (
  'host' => 'signonline.net',
  'connection' => 'keep-alive',
  'pragma' => 'no-cache',
  'cache-control' => 'no-cache',
  'xx-device-type' => 'wxapp',
  'user-agent' => 'Mozilla/5.0 (iPhone; CPU iPhone OS 9_1 like Mac OS X) AppleWebKit/601.1.46 (KHTML, like Gecko) Version/9.0 Mobile/13B143 Safari/601.1 wechatdevtools/1.02.1809110 MicroMessenger/6.5.7 Language/zh_CN webview/ token/003dc6f36ea562785bc0a05e17ce5698',
  'content-type' => 'application/x-www-form-urlencoded',
  'xx-api-version' => '1.1.0',
  'xx-token' => '3ac1ce70e5938283761f9bc9543934bacaa82888a605698a397c7347ff953865',
  'accept' => '*/*',
  'referer' => 'https://servicewechat.com/wx6cc7078c98091722/devtools/page-frame.html',
  'accept-encoding' => 'gzip, deflate',
)
[ info ] [ PARAM ] array (
  'order' => '-published_time',
  'token' => '3ac1ce70e5938283761f9bc9543934bacaa82888a605698a397c7347ff953865',
)
[ info ] [ LANG ] /var/www/sign_online/admin/public/api/../../simplewind/cmf/lang/zh-cn.php
[ info ] [ BEHAVIOR ] Run cmf\behavior\LangBehavior @app_begin [ RunTime:0.000143s ]
[ info ] [ DB ] INIT mysql
[ info ] [ RUN ] api\protocol\controller\ListsController->index[ /var/www/sign_online/admin/api/protocol/controller/ListsController.php ]
[ info ] [ LOG ] INIT File
[ sql ] [ DB ] CONNECT:[ UseTime:0.000448s ] mysql:host=127.0.0.1;port=3306;dbname=sign_online;charset=utf8mb4
[ sql ] [ SQL ] SHOW COLUMNS FROM `so_user_token` [ RunTime:0.000705s ]
[ sql ] [ SQL ] SELECT `b`.* FROM `so_user_token` `a` INNER JOIN `so_user` `b` ON `a`.`user_id`=`b`.`id` WHERE  `token` = '3ac1ce70e5938283761f9bc9543934bacaa82888a605698a397c7347ff953865'  AND `device_type` = 'wxapp' LIMIT 1 [ RunTime:0.001521s ]
[ sql ] [ SQL ] SHOW COLUMNS FROM `so_protocol_post` [ RunTime:0.001193s ]
[ sql ] [ SQL ] SELECT * FROM `so_protocol_post` `a` INNER JOIN `so_protocol_category_user_post` `tp` ON `a`.`id`=`tp`.`post_id` WHERE  ( `delete_time` = 0 AND `delete_time` = 0 AND `delete_time` = 0 AND `delete_time` = 0 )  AND ( `post_status` = 1 AND `post_status` = 1 AND `post_status` = 1 AND `post_status` = 1 AND `post_status` = 1 )  AND ( `published_time` BETWEEN 1 AND 1541432792 AND `published_time` BETWEEN 1 AND 1541432792 AND `published_time` BETWEEN 1 AND 1541432792 AND `published_time` BETWEEN 1 AND 1541432792 )  AND `post_type` = 1 ORDER BY `published_time` DESC LIMIT 10 [ RunTime:0.001354s ]
[ sql ] [ SQL ] SHOW COLUMNS FROM `so_option` [ RunTime:0.000677s ]
[ sql ] [ SQL ] SELECT `option_value` FROM `so_option` WHERE  `option_name` = 'storage' LIMIT 1 [ RunTime:0.000257s ]
---------------------------------------------------------------
[ 2018-11-05T23:47:16+08:00 ] 127.0.0.1 GET /api/protocol/lists?order=-published_time&token=3ac1ce70e5938283761f9bc9543934bacaa82888a605698a397c7347ff953865
[ info ] signonline.net/api/protocol/lists?order=-published_time&token=3ac1ce70e5938283761f9bc9543934bacaa82888a605698a397c7347ff953865 [运行时间：0.018791s][吞吐率：53.22req/s] [内存消耗：925.48kb] [文件加载：71]
[ info ] [ CACHE ] INIT File
[ info ] [ BEHAVIOR ] Run cmf\behavior\InitHookBehavior @app_init [ RunTime:0.000195s ]
[ info ] [ LANG ] /var/www/sign_online/admin/simplewind/thinkphp/lang/zh-cn.php
[ info ] [ ROUTE ] array (
  'type' => 'module',
  'module' => 
  array (
    0 => 'protocol',
    1 => 'lists',
    2 => NULL,
  ),
)
[ info ] [ HEADER ] array (
  'host' => 'signonline.net',
  'connection' => 'keep-alive',
  'pragma' => 'no-cache',
  'cache-control' => 'no-cache',
  'xx-device-type' => 'wxapp',
  'user-agent' => 'Mozilla/5.0 (iPhone; CPU iPhone OS 9_1 like Mac OS X) AppleWebKit/601.1.46 (KHTML, like Gecko) Version/9.0 Mobile/13B143 Safari/601.1 wechatdevtools/1.02.1809110 MicroMessenger/6.5.7 Language/zh_CN webview/ token/003dc6f36ea562785bc0a05e17ce5698',
  'content-type' => 'application/x-www-form-urlencoded',
  'xx-api-version' => '1.1.0',
  'xx-token' => '3ac1ce70e5938283761f9bc9543934bacaa82888a605698a397c7347ff953865',
  'accept' => '*/*',
  'referer' => 'https://servicewechat.com/wx6cc7078c98091722/devtools/page-frame.html',
  'accept-encoding' => 'gzip, deflate',
)
[ info ] [ PARAM ] array (
  'order' => '-published_time',
  'token' => '3ac1ce70e5938283761f9bc9543934bacaa82888a605698a397c7347ff953865',
)
[ info ] [ LANG ] /var/www/sign_online/admin/public/api/../../simplewind/cmf/lang/zh-cn.php
[ info ] [ BEHAVIOR ] Run cmf\behavior\LangBehavior @app_begin [ RunTime:0.000124s ]
[ info ] [ DB ] INIT mysql
[ info ] [ RUN ] api\protocol\controller\ListsController->index[ /var/www/sign_online/admin/api/protocol/controller/ListsController.php ]
[ info ] [ LOG ] INIT File
[ sql ] [ DB ] CONNECT:[ UseTime:0.000407s ] mysql:host=127.0.0.1;port=3306;dbname=sign_online;charset=utf8mb4
[ sql ] [ SQL ] SHOW COLUMNS FROM `so_user_token` [ RunTime:0.000679s ]
[ sql ] [ SQL ] SELECT `b`.* FROM `so_user_token` `a` INNER JOIN `so_user` `b` ON `a`.`user_id`=`b`.`id` WHERE  `token` = '3ac1ce70e5938283761f9bc9543934bacaa82888a605698a397c7347ff953865'  AND `device_type` = 'wxapp' LIMIT 1 [ RunTime:0.000997s ]
[ sql ] [ SQL ] SHOW COLUMNS FROM `so_protocol_post` [ RunTime:0.001337s ]
[ sql ] [ SQL ] SELECT * FROM `so_protocol_post` `a` INNER JOIN `so_protocol_category_user_post` `tp` ON `a`.`id`=`tp`.`post_id` WHERE  ( `delete_time` = 0 AND `delete_time` = 0 AND `delete_time` = 0 AND `delete_time` = 0 )  AND ( `post_status` = 1 AND `post_status` = 1 AND `post_status` = 1 AND `post_status` = 1 AND `post_status` = 1 )  AND ( `published_time` BETWEEN 1 AND 1541432836 AND `published_time` BETWEEN 1 AND 1541432836 AND `published_time` BETWEEN 1 AND 1541432836 AND `published_time` BETWEEN 1 AND 1541432836 )  AND `post_type` = 1 ORDER BY `published_time` DESC LIMIT 10 [ RunTime:0.001522s ]
[ sql ] [ SQL ] SHOW COLUMNS FROM `so_option` [ RunTime:0.000570s ]
[ sql ] [ SQL ] SELECT `option_value` FROM `so_option` WHERE  `option_name` = 'storage' LIMIT 1 [ RunTime:0.000203s ]
---------------------------------------------------------------
[ 2018-11-05T23:47:17+08:00 ] 127.0.0.1 GET /api/protocol/lists?order=-published_time&token=3ac1ce70e5938283761f9bc9543934bacaa82888a605698a397c7347ff953865
[ info ] signonline.net/api/protocol/lists?order=-published_time&token=3ac1ce70e5938283761f9bc9543934bacaa82888a605698a397c7347ff953865 [运行时间：0.019825s][吞吐率：50.44req/s] [内存消耗：914.93kb] [文件加载：71]
[ info ] [ CACHE ] INIT File
[ info ] [ BEHAVIOR ] Run cmf\behavior\InitHookBehavior @app_init [ RunTime:0.000217s ]
[ info ] [ LANG ] /var/www/sign_online/admin/simplewind/thinkphp/lang/zh-cn.php
[ info ] [ ROUTE ] array (
  'type' => 'module',
  'module' => 
  array (
    0 => 'protocol',
    1 => 'lists',
    2 => NULL,
  ),
)
[ info ] [ HEADER ] array (
  'host' => 'signonline.net',
  'connection' => 'keep-alive',
  'pragma' => 'no-cache',
  'cache-control' => 'no-cache',
  'xx-device-type' => 'wxapp',
  'user-agent' => 'Mozilla/5.0 (iPhone; CPU iPhone OS 9_1 like Mac OS X) AppleWebKit/601.1.46 (KHTML, like Gecko) Version/9.0 Mobile/13B143 Safari/601.1 wechatdevtools/1.02.1809110 MicroMessenger/6.5.7 Language/zh_CN webview/ token/003dc6f36ea562785bc0a05e17ce5698',
  'content-type' => 'application/x-www-form-urlencoded',
  'xx-api-version' => '1.1.0',
  'xx-token' => '3ac1ce70e5938283761f9bc9543934bacaa82888a605698a397c7347ff953865',
  'accept' => '*/*',
  'referer' => 'https://servicewechat.com/wx6cc7078c98091722/devtools/page-frame.html',
  'accept-encoding' => 'gzip, deflate',
)
[ info ] [ PARAM ] array (
  'order' => '-published_time',
  'token' => '3ac1ce70e5938283761f9bc9543934bacaa82888a605698a397c7347ff953865',
)
[ info ] [ LANG ] /var/www/sign_online/admin/public/api/../../simplewind/cmf/lang/zh-cn.php
[ info ] [ BEHAVIOR ] Run cmf\behavior\LangBehavior @app_begin [ RunTime:0.000287s ]
[ info ] [ DB ] INIT mysql
[ info ] [ RUN ] api\protocol\controller\ListsController->index[ /var/www/sign_online/admin/api/protocol/controller/ListsController.php ]
[ info ] [ LOG ] INIT File
[ sql ] [ DB ] CONNECT:[ UseTime:0.000436s ] mysql:host=127.0.0.1;port=3306;dbname=sign_online;charset=utf8mb4
[ sql ] [ SQL ] SHOW COLUMNS FROM `so_user_token` [ RunTime:0.000697s ]
[ sql ] [ SQL ] SELECT `b`.* FROM `so_user_token` `a` INNER JOIN `so_user` `b` ON `a`.`user_id`=`b`.`id` WHERE  `token` = '3ac1ce70e5938283761f9bc9543934bacaa82888a605698a397c7347ff953865'  AND `device_type` = 'wxapp' LIMIT 1 [ RunTime:0.000636s ]
[ sql ] [ SQL ] SHOW COLUMNS FROM `so_protocol_post` [ RunTime:0.000865s ]
[ sql ] [ SQL ] SELECT * FROM `so_protocol_post` `a` INNER JOIN `so_protocol_category_user_post` `tp` ON `a`.`id`=`tp`.`post_id` WHERE  ( `delete_time` = 0 AND `delete_time` = 0 AND `delete_time` = 0 AND `delete_time` = 0 )  AND ( `post_status` = 1 AND `post_status` = 1 AND `post_status` = 1 AND `post_status` = 1 AND `post_status` = 1 )  AND ( `published_time` BETWEEN 1 AND 1541432837 AND `published_time` BETWEEN 1 AND 1541432837 AND `published_time` BETWEEN 1 AND 1541432837 AND `published_time` BETWEEN 1 AND 1541432837 )  AND `post_type` = 1 ORDER BY `published_time` DESC LIMIT 10 [ RunTime:0.001149s ]
[ sql ] [ SQL ] SHOW COLUMNS FROM `so_option` [ RunTime:0.001150s ]
[ sql ] [ SQL ] SELECT `option_value` FROM `so_option` WHERE  `option_name` = 'storage' LIMIT 1 [ RunTime:0.000759s ]
---------------------------------------------------------------
[ 2018-11-05T23:47:18+08:00 ] 127.0.0.1 GET /api/protocol/lists?order=-published_time&token=3ac1ce70e5938283761f9bc9543934bacaa82888a605698a397c7347ff953865
[ info ] signonline.net/api/protocol/lists?order=-published_time&token=3ac1ce70e5938283761f9bc9543934bacaa82888a605698a397c7347ff953865 [运行时间：0.019418s][吞吐率：51.50req/s] [内存消耗：913.84kb] [文件加载：71]
[ info ] [ CACHE ] INIT File
[ info ] [ BEHAVIOR ] Run cmf\behavior\InitHookBehavior @app_init [ RunTime:0.000210s ]
[ info ] [ LANG ] /var/www/sign_online/admin/simplewind/thinkphp/lang/zh-cn.php
[ info ] [ ROUTE ] array (
  'type' => 'module',
  'module' => 
  array (
    0 => 'protocol',
    1 => 'lists',
    2 => NULL,
  ),
)
[ info ] [ HEADER ] array (
  'host' => 'signonline.net',
  'connection' => 'keep-alive',
  'pragma' => 'no-cache',
  'cache-control' => 'no-cache',
  'xx-device-type' => 'wxapp',
  'user-agent' => 'Mozilla/5.0 (iPhone; CPU iPhone OS 9_1 like Mac OS X) AppleWebKit/601.1.46 (KHTML, like Gecko) Version/9.0 Mobile/13B143 Safari/601.1 wechatdevtools/1.02.1809110 MicroMessenger/6.5.7 Language/zh_CN webview/ token/003dc6f36ea562785bc0a05e17ce5698',
  'content-type' => 'application/x-www-form-urlencoded',
  'xx-api-version' => '1.1.0',
  'xx-token' => '3ac1ce70e5938283761f9bc9543934bacaa82888a605698a397c7347ff953865',
  'accept' => '*/*',
  'referer' => 'https://servicewechat.com/wx6cc7078c98091722/devtools/page-frame.html',
  'accept-encoding' => 'gzip, deflate',
)
[ info ] [ PARAM ] array (
  'order' => '-published_time',
  'token' => '3ac1ce70e5938283761f9bc9543934bacaa82888a605698a397c7347ff953865',
)
[ info ] [ LANG ] /var/www/sign_online/admin/public/api/../../simplewind/cmf/lang/zh-cn.php
[ info ] [ BEHAVIOR ] Run cmf\behavior\LangBehavior @app_begin [ RunTime:0.000169s ]
[ info ] [ DB ] INIT mysql
[ info ] [ RUN ] api\protocol\controller\ListsController->index[ /var/www/sign_online/admin/api/protocol/controller/ListsController.php ]
[ info ] [ LOG ] INIT File
[ sql ] [ DB ] CONNECT:[ UseTime:0.000547s ] mysql:host=127.0.0.1;port=3306;dbname=sign_online;charset=utf8mb4
[ sql ] [ SQL ] SHOW COLUMNS FROM `so_user_token` [ RunTime:0.001655s ]
[ sql ] [ SQL ] SELECT `b`.* FROM `so_user_token` `a` INNER JOIN `so_user` `b` ON `a`.`user_id`=`b`.`id` WHERE  `token` = '3ac1ce70e5938283761f9bc9543934bacaa82888a605698a397c7347ff953865'  AND `device_type` = 'wxapp' LIMIT 1 [ RunTime:0.000766s ]
[ sql ] [ SQL ] SHOW COLUMNS FROM `so_protocol_post` [ RunTime:0.001058s ]
[ sql ] [ SQL ] SELECT * FROM `so_protocol_post` `a` INNER JOIN `so_protocol_category_user_post` `tp` ON `a`.`id`=`tp`.`post_id` WHERE  ( `delete_time` = 0 AND `delete_time` = 0 AND `delete_time` = 0 AND `delete_time` = 0 )  AND ( `post_status` = 1 AND `post_status` = 1 AND `post_status` = 1 AND `post_status` = 1 AND `post_status` = 1 )  AND ( `published_time` BETWEEN 1 AND 1541432838 AND `published_time` BETWEEN 1 AND 1541432838 AND `published_time` BETWEEN 1 AND 1541432838 AND `published_time` BETWEEN 1 AND 1541432838 )  AND `post_type` = 1 ORDER BY `published_time` DESC LIMIT 10 [ RunTime:0.001541s ]
[ sql ] [ SQL ] SHOW COLUMNS FROM `so_option` [ RunTime:0.000793s ]
[ sql ] [ SQL ] SELECT `option_value` FROM `so_option` WHERE  `option_name` = 'storage' LIMIT 1 [ RunTime:0.000330s ]
---------------------------------------------------------------
[ 2018-11-05T23:47:19+08:00 ] 127.0.0.1 GET /api/protocol/lists?order=-published_time&token=3ac1ce70e5938283761f9bc9543934bacaa82888a605698a397c7347ff953865
[ info ] signonline.net/api/protocol/lists?order=-published_time&token=3ac1ce70e5938283761f9bc9543934bacaa82888a605698a397c7347ff953865 [运行时间：0.018087s][吞吐率：55.29req/s] [内存消耗：913.84kb] [文件加载：71]
[ info ] [ CACHE ] INIT File
[ info ] [ BEHAVIOR ] Run cmf\behavior\InitHookBehavior @app_init [ RunTime:0.000164s ]
[ info ] [ LANG ] /var/www/sign_online/admin/simplewind/thinkphp/lang/zh-cn.php
[ info ] [ ROUTE ] array (
  'type' => 'module',
  'module' => 
  array (
    0 => 'protocol',
    1 => 'lists',
    2 => NULL,
  ),
)
[ info ] [ HEADER ] array (
  'host' => 'signonline.net',
  'connection' => 'keep-alive',
  'pragma' => 'no-cache',
  'cache-control' => 'no-cache',
  'xx-device-type' => 'wxapp',
  'user-agent' => 'Mozilla/5.0 (iPhone; CPU iPhone OS 9_1 like Mac OS X) AppleWebKit/601.1.46 (KHTML, like Gecko) Version/9.0 Mobile/13B143 Safari/601.1 wechatdevtools/1.02.1809110 MicroMessenger/6.5.7 Language/zh_CN webview/ token/003dc6f36ea562785bc0a05e17ce5698',
  'content-type' => 'application/x-www-form-urlencoded',
  'xx-api-version' => '1.1.0',
  'xx-token' => '3ac1ce70e5938283761f9bc9543934bacaa82888a605698a397c7347ff953865',
  'accept' => '*/*',
  'referer' => 'https://servicewechat.com/wx6cc7078c98091722/devtools/page-frame.html',
  'accept-encoding' => 'gzip, deflate',
)
[ info ] [ PARAM ] array (
  'order' => '-published_time',
  'token' => '3ac1ce70e5938283761f9bc9543934bacaa82888a605698a397c7347ff953865',
)
[ info ] [ LANG ] /var/www/sign_online/admin/public/api/../../simplewind/cmf/lang/zh-cn.php
[ info ] [ BEHAVIOR ] Run cmf\behavior\LangBehavior @app_begin [ RunTime:0.000117s ]
[ info ] [ DB ] INIT mysql
[ info ] [ RUN ] api\protocol\controller\ListsController->index[ /var/www/sign_online/admin/api/protocol/controller/ListsController.php ]
[ info ] [ LOG ] INIT File
[ sql ] [ DB ] CONNECT:[ UseTime:0.000386s ] mysql:host=127.0.0.1;port=3306;dbname=sign_online;charset=utf8mb4
[ sql ] [ SQL ] SHOW COLUMNS FROM `so_user_token` [ RunTime:0.000560s ]
[ sql ] [ SQL ] SELECT `b`.* FROM `so_user_token` `a` INNER JOIN `so_user` `b` ON `a`.`user_id`=`b`.`id` WHERE  `token` = '3ac1ce70e5938283761f9bc9543934bacaa82888a605698a397c7347ff953865'  AND `device_type` = 'wxapp' LIMIT 1 [ RunTime:0.000489s ]
[ sql ] [ SQL ] SHOW COLUMNS FROM `so_protocol_post` [ RunTime:0.000778s ]
[ sql ] [ SQL ] SELECT * FROM `so_protocol_post` `a` INNER JOIN `so_protocol_category_user_post` `tp` ON `a`.`id`=`tp`.`post_id` WHERE  ( `delete_time` = 0 AND `delete_time` = 0 AND `delete_time` = 0 AND `delete_time` = 0 )  AND ( `post_status` = 1 AND `post_status` = 1 AND `post_status` = 1 AND `post_status` = 1 AND `post_status` = 1 )  AND ( `published_time` BETWEEN 1 AND 1541432839 AND `published_time` BETWEEN 1 AND 1541432839 AND `published_time` BETWEEN 1 AND 1541432839 AND `published_time` BETWEEN 1 AND 1541432839 )  AND `post_type` = 1 ORDER BY `published_time` DESC LIMIT 10 [ RunTime:0.002162s ]
[ sql ] [ SQL ] SHOW COLUMNS FROM `so_option` [ RunTime:0.000944s ]
[ sql ] [ SQL ] SELECT `option_value` FROM `so_option` WHERE  `option_name` = 'storage' LIMIT 1 [ RunTime:0.000389s ]
---------------------------------------------------------------
[ 2018-11-05T23:47:20+08:00 ] 127.0.0.1 GET /api/protocol/lists?order=-published_time&token=3ac1ce70e5938283761f9bc9543934bacaa82888a605698a397c7347ff953865
[ info ] signonline.net/api/protocol/lists?order=-published_time&token=3ac1ce70e5938283761f9bc9543934bacaa82888a605698a397c7347ff953865 [运行时间：0.018138s][吞吐率：55.13req/s] [内存消耗：913.84kb] [文件加载：71]
[ info ] [ CACHE ] INIT File
[ info ] [ BEHAVIOR ] Run cmf\behavior\InitHookBehavior @app_init [ RunTime:0.000150s ]
[ info ] [ LANG ] /var/www/sign_online/admin/simplewind/thinkphp/lang/zh-cn.php
[ info ] [ ROUTE ] array (
  'type' => 'module',
  'module' => 
  array (
    0 => 'protocol',
    1 => 'lists',
    2 => NULL,
  ),
)
[ info ] [ HEADER ] array (
  'host' => 'signonline.net',
  'connection' => 'keep-alive',
  'pragma' => 'no-cache',
  'cache-control' => 'no-cache',
  'xx-device-type' => 'wxapp',
  'user-agent' => 'Mozilla/5.0 (iPhone; CPU iPhone OS 9_1 like Mac OS X) AppleWebKit/601.1.46 (KHTML, like Gecko) Version/9.0 Mobile/13B143 Safari/601.1 wechatdevtools/1.02.1809110 MicroMessenger/6.5.7 Language/zh_CN webview/ token/003dc6f36ea562785bc0a05e17ce5698',
  'content-type' => 'application/x-www-form-urlencoded',
  'xx-api-version' => '1.1.0',
  'xx-token' => '3ac1ce70e5938283761f9bc9543934bacaa82888a605698a397c7347ff953865',
  'accept' => '*/*',
  'referer' => 'https://servicewechat.com/wx6cc7078c98091722/devtools/page-frame.html',
  'accept-encoding' => 'gzip, deflate',
)
[ info ] [ PARAM ] array (
  'order' => '-published_time',
  'token' => '3ac1ce70e5938283761f9bc9543934bacaa82888a605698a397c7347ff953865',
)
[ info ] [ LANG ] /var/www/sign_online/admin/public/api/../../simplewind/cmf/lang/zh-cn.php
[ info ] [ BEHAVIOR ] Run cmf\behavior\LangBehavior @app_begin [ RunTime:0.000116s ]
[ info ] [ DB ] INIT mysql
[ info ] [ RUN ] api\protocol\controller\ListsController->index[ /var/www/sign_online/admin/api/protocol/controller/ListsController.php ]
[ info ] [ LOG ] INIT File
[ sql ] [ DB ] CONNECT:[ UseTime:0.000644s ] mysql:host=127.0.0.1;port=3306;dbname=sign_online;charset=utf8mb4
[ sql ] [ SQL ] SHOW COLUMNS FROM `so_user_token` [ RunTime:0.001334s ]
[ sql ] [ SQL ] SELECT `b`.* FROM `so_user_token` `a` INNER JOIN `so_user` `b` ON `a`.`user_id`=`b`.`id` WHERE  `token` = '3ac1ce70e5938283761f9bc9543934bacaa82888a605698a397c7347ff953865'  AND `device_type` = 'wxapp' LIMIT 1 [ RunTime:0.000829s ]
[ sql ] [ SQL ] SHOW COLUMNS FROM `so_protocol_post` [ RunTime:0.001292s ]
[ sql ] [ SQL ] SELECT * FROM `so_protocol_post` `a` INNER JOIN `so_protocol_category_user_post` `tp` ON `a`.`id`=`tp`.`post_id` WHERE  ( `delete_time` = 0 AND `delete_time` = 0 AND `delete_time` = 0 AND `delete_time` = 0 )  AND ( `post_status` = 1 AND `post_status` = 1 AND `post_status` = 1 AND `post_status` = 1 AND `post_status` = 1 )  AND ( `published_time` BETWEEN 1 AND 1541432840 AND `published_time` BETWEEN 1 AND 1541432840 AND `published_time` BETWEEN 1 AND 1541432840 AND `published_time` BETWEEN 1 AND 1541432840 )  AND `post_type` = 1 ORDER BY `published_time` DESC LIMIT 10 [ RunTime:0.001370s ]
[ sql ] [ SQL ] SHOW COLUMNS FROM `so_option` [ RunTime:0.000744s ]
[ sql ] [ SQL ] SELECT `option_value` FROM `so_option` WHERE  `option_name` = 'storage' LIMIT 1 [ RunTime:0.000382s ]
---------------------------------------------------------------
[ 2018-11-05T23:47:39+08:00 ] 127.0.0.1 GET /api/protocol/lists?order=-published_time&token=3ac1ce70e5938283761f9bc9543934bacaa82888a605698a397c7347ff953865
[ info ] signonline.net/api/protocol/lists?order=-published_time&token=3ac1ce70e5938283761f9bc9543934bacaa82888a605698a397c7347ff953865 [运行时间：0.019846s][吞吐率：50.39req/s] [内存消耗：913.84kb] [文件加载：71]
[ info ] [ CACHE ] INIT File
[ info ] [ BEHAVIOR ] Run cmf\behavior\InitHookBehavior @app_init [ RunTime:0.000281s ]
[ info ] [ LANG ] /var/www/sign_online/admin/simplewind/thinkphp/lang/zh-cn.php
[ info ] [ ROUTE ] array (
  'type' => 'module',
  'module' => 
  array (
    0 => 'protocol',
    1 => 'lists',
    2 => NULL,
  ),
)
[ info ] [ HEADER ] array (
  'host' => 'signonline.net',
  'connection' => 'keep-alive',
  'pragma' => 'no-cache',
  'cache-control' => 'no-cache',
  'xx-device-type' => 'wxapp',
  'user-agent' => 'Mozilla/5.0 (iPhone; CPU iPhone OS 9_1 like Mac OS X) AppleWebKit/601.1.46 (KHTML, like Gecko) Version/9.0 Mobile/13B143 Safari/601.1 wechatdevtools/1.02.1809110 MicroMessenger/6.5.7 Language/zh_CN webview/ token/003dc6f36ea562785bc0a05e17ce5698',
  'content-type' => 'application/x-www-form-urlencoded',
  'xx-api-version' => '1.1.0',
  'xx-token' => '3ac1ce70e5938283761f9bc9543934bacaa82888a605698a397c7347ff953865',
  'accept' => '*/*',
  'referer' => 'https://servicewechat.com/wx6cc7078c98091722/devtools/page-frame.html',
  'accept-encoding' => 'gzip, deflate',
)
[ info ] [ PARAM ] array (
  'order' => '-published_time',
  'token' => '3ac1ce70e5938283761f9bc9543934bacaa82888a605698a397c7347ff953865',
)
[ info ] [ LANG ] /var/www/sign_online/admin/public/api/../../simplewind/cmf/lang/zh-cn.php
[ info ] [ BEHAVIOR ] Run cmf\behavior\LangBehavior @app_begin [ RunTime:0.000183s ]
[ info ] [ DB ] INIT mysql
[ info ] [ RUN ] api\protocol\controller\ListsController->index[ /var/www/sign_online/admin/api/protocol/controller/ListsController.php ]
[ info ] [ LOG ] INIT File
[ sql ] [ DB ] CONNECT:[ UseTime:0.000473s ] mysql:host=127.0.0.1;port=3306;dbname=sign_online;charset=utf8mb4
[ sql ] [ SQL ] SHOW COLUMNS FROM `so_user_token` [ RunTime:0.000574s ]
[ sql ] [ SQL ] SELECT `b`.* FROM `so_user_token` `a` INNER JOIN `so_user` `b` ON `a`.`user_id`=`b`.`id` WHERE  `token` = '3ac1ce70e5938283761f9bc9543934bacaa82888a605698a397c7347ff953865'  AND `device_type` = 'wxapp' LIMIT 1 [ RunTime:0.000597s ]
[ sql ] [ SQL ] SHOW COLUMNS FROM `so_protocol_post` [ RunTime:0.000692s ]
[ sql ] [ SQL ] SELECT * FROM `so_protocol_post` `a` INNER JOIN `so_protocol_category_user_post` `tp` ON `a`.`id`=`tp`.`post_id` WHERE  ( `delete_time` = 0 AND `delete_time` = 0 AND `delete_time` = 0 AND `delete_time` = 0 )  AND ( `post_status` = 1 AND `post_status` = 1 AND `post_status` = 1 AND `post_status` = 1 AND `post_status` = 1 )  AND ( `published_time` BETWEEN 1 AND 1541432859 AND `published_time` BETWEEN 1 AND 1541432859 AND `published_time` BETWEEN 1 AND 1541432859 AND `published_time` BETWEEN 1 AND 1541432859 )  AND `post_type` = 1 ORDER BY `published_time` DESC LIMIT 10 [ RunTime:0.001150s ]
[ sql ] [ SQL ] SHOW COLUMNS FROM `so_option` [ RunTime:0.000718s ]
[ sql ] [ SQL ] SELECT `option_value` FROM `so_option` WHERE  `option_name` = 'storage' LIMIT 1 [ RunTime:0.000304s ]
---------------------------------------------------------------
[ 2018-11-05T23:47:40+08:00 ] 127.0.0.1 GET /api/protocol/lists?order=-published_time&token=3ac1ce70e5938283761f9bc9543934bacaa82888a605698a397c7347ff953865
[ info ] signonline.net/api/protocol/lists?order=-published_time&token=3ac1ce70e5938283761f9bc9543934bacaa82888a605698a397c7347ff953865 [运行时间：0.018713s][吞吐率：53.44req/s] [内存消耗：913.84kb] [文件加载：71]
[ info ] [ CACHE ] INIT File
[ info ] [ BEHAVIOR ] Run cmf\behavior\InitHookBehavior @app_init [ RunTime:0.000221s ]
[ info ] [ LANG ] /var/www/sign_online/admin/simplewind/thinkphp/lang/zh-cn.php
[ info ] [ ROUTE ] array (
  'type' => 'module',
  'module' => 
  array (
    0 => 'protocol',
    1 => 'lists',
    2 => NULL,
  ),
)
[ info ] [ HEADER ] array (
  'host' => 'signonline.net',
  'connection' => 'keep-alive',
  'pragma' => 'no-cache',
  'cache-control' => 'no-cache',
  'xx-device-type' => 'wxapp',
  'user-agent' => 'Mozilla/5.0 (iPhone; CPU iPhone OS 9_1 like Mac OS X) AppleWebKit/601.1.46 (KHTML, like Gecko) Version/9.0 Mobile/13B143 Safari/601.1 wechatdevtools/1.02.1809110 MicroMessenger/6.5.7 Language/zh_CN webview/ token/003dc6f36ea562785bc0a05e17ce5698',
  'content-type' => 'application/x-www-form-urlencoded',
  'xx-api-version' => '1.1.0',
  'xx-token' => '3ac1ce70e5938283761f9bc9543934bacaa82888a605698a397c7347ff953865',
  'accept' => '*/*',
  'referer' => 'https://servicewechat.com/wx6cc7078c98091722/devtools/page-frame.html',
  'accept-encoding' => 'gzip, deflate',
)
[ info ] [ PARAM ] array (
  'order' => '-published_time',
  'token' => '3ac1ce70e5938283761f9bc9543934bacaa82888a605698a397c7347ff953865',
)
[ info ] [ LANG ] /var/www/sign_online/admin/public/api/../../simplewind/cmf/lang/zh-cn.php
[ info ] [ BEHAVIOR ] Run cmf\behavior\LangBehavior @app_begin [ RunTime:0.000166s ]
[ info ] [ DB ] INIT mysql
[ info ] [ RUN ] api\protocol\controller\ListsController->index[ /var/www/sign_online/admin/api/protocol/controller/ListsController.php ]
[ info ] [ LOG ] INIT File
[ sql ] [ DB ] CONNECT:[ UseTime:0.000400s ] mysql:host=127.0.0.1;port=3306;dbname=sign_online;charset=utf8mb4
[ sql ] [ SQL ] SHOW COLUMNS FROM `so_user_token` [ RunTime:0.000544s ]
[ sql ] [ SQL ] SELECT `b`.* FROM `so_user_token` `a` INNER JOIN `so_user` `b` ON `a`.`user_id`=`b`.`id` WHERE  `token` = '3ac1ce70e5938283761f9bc9543934bacaa82888a605698a397c7347ff953865'  AND `device_type` = 'wxapp' LIMIT 1 [ RunTime:0.000502s ]
[ sql ] [ SQL ] SHOW COLUMNS FROM `so_protocol_post` [ RunTime:0.000739s ]
[ sql ] [ SQL ] SELECT * FROM `so_protocol_post` `a` INNER JOIN `so_protocol_category_user_post` `tp` ON `a`.`id`=`tp`.`post_id` WHERE  ( `delete_time` = 0 AND `delete_time` = 0 AND `delete_time` = 0 AND `delete_time` = 0 )  AND ( `post_status` = 1 AND `post_status` = 1 AND `post_status` = 1 AND `post_status` = 1 AND `post_status` = 1 )  AND ( `published_time` BETWEEN 1 AND 1541432860 AND `published_time` BETWEEN 1 AND 1541432860 AND `published_time` BETWEEN 1 AND 1541432860 AND `published_time` BETWEEN 1 AND 1541432860 )  AND `post_type` = 1 ORDER BY `published_time` DESC LIMIT 10 [ RunTime:0.001861s ]
[ sql ] [ SQL ] SHOW COLUMNS FROM `so_option` [ RunTime:0.001197s ]
[ sql ] [ SQL ] SELECT `option_value` FROM `so_option` WHERE  `option_name` = 'storage' LIMIT 1 [ RunTime:0.000409s ]
---------------------------------------------------------------
[ 2018-11-05T23:57:25+08:00 ] 127.0.0.1 GET /api/protocol/lists?order=-published_time&token=3ac1ce70e5938283761f9bc9543934bacaa82888a605698a397c7347ff953865
[ info ] signonline.net/api/protocol/lists?order=-published_time&token=3ac1ce70e5938283761f9bc9543934bacaa82888a605698a397c7347ff953865 [运行时间：0.016617s][吞吐率：60.18req/s] [内存消耗：886.68kb] [文件加载：71]
[ info ] [ CACHE ] INIT File
[ info ] [ BEHAVIOR ] Run cmf\behavior\InitHookBehavior @app_init [ RunTime:0.000270s ]
[ info ] [ LANG ] /var/www/sign_online/admin/simplewind/thinkphp/lang/zh-cn.php
[ info ] [ ROUTE ] array (
  'type' => 'module',
  'module' => 
  array (
    0 => 'protocol',
    1 => 'lists',
    2 => NULL,
  ),
)
[ info ] [ HEADER ] array (
  'host' => 'signonline.net',
  'connection' => 'keep-alive',
  'pragma' => 'no-cache',
  'cache-control' => 'no-cache',
  'xx-device-type' => 'wxapp',
  'user-agent' => 'Mozilla/5.0 (iPhone; CPU iPhone OS 9_1 like Mac OS X) AppleWebKit/601.1.46 (KHTML, like Gecko) Version/9.0 Mobile/13B143 Safari/601.1 wechatdevtools/1.02.1809110 MicroMessenger/6.5.7 Language/zh_CN webview/ token/003dc6f36ea562785bc0a05e17ce5698',
  'content-type' => 'application/x-www-form-urlencoded',
  'xx-api-version' => '1.1.0',
  'xx-token' => '3ac1ce70e5938283761f9bc9543934bacaa82888a605698a397c7347ff953865',
  'accept' => '*/*',
  'referer' => 'https://servicewechat.com/wx6cc7078c98091722/devtools/page-frame.html',
  'accept-encoding' => 'gzip, deflate',
)
[ info ] [ PARAM ] array (
  'order' => '-published_time',
  'token' => '3ac1ce70e5938283761f9bc9543934bacaa82888a605698a397c7347ff953865',
)
[ info ] [ LANG ] /var/www/sign_online/admin/public/api/../../simplewind/cmf/lang/zh-cn.php
[ info ] [ BEHAVIOR ] Run cmf\behavior\LangBehavior @app_begin [ RunTime:0.000196s ]
[ info ] [ DB ] INIT mysql
[ info ] [ RUN ] api\protocol\controller\ListsController->index[ /var/www/sign_online/admin/api/protocol/controller/ListsController.php ]
[ info ] [ LOG ] INIT File
[ sql ] [ DB ] CONNECT:[ UseTime:0.000612s ] mysql:host=127.0.0.1;port=3306;dbname=sign_online;charset=utf8mb4
[ sql ] [ SQL ] SHOW COLUMNS FROM `so_user_token` [ RunTime:0.000922s ]
[ sql ] [ SQL ] SELECT `b`.* FROM `so_user_token` `a` INNER JOIN `so_user` `b` ON `a`.`user_id`=`b`.`id` WHERE  `token` = '3ac1ce70e5938283761f9bc9543934bacaa82888a605698a397c7347ff953865'  AND `device_type` = 'wxapp' LIMIT 1 [ RunTime:0.001181s ]
[ sql ] [ SQL ] SHOW COLUMNS FROM `so_protocol_post` [ RunTime:0.000965s ]
[ sql ] [ SQL ] SELECT * FROM `so_protocol_post` `a` INNER JOIN `so_protocol_category_user_post` `tp` ON `a`.`id`=`tp`.`post_id` WHERE  ( `delete_time` = 0 AND `delete_time` = 0 AND `delete_time` = 0 )  AND ( `post_status` = 1 AND `post_status` = 1 AND `post_status` = 1 AND `post_status` = 1 )  AND ( `published_time` BETWEEN 1 AND 1541433445 AND `published_time` BETWEEN 1 AND 1541433445 AND `published_time` BETWEEN 1 AND 1541433445 )  AND `tp`.`category_id` = 2 ORDER BY `published_time` DESC LIMIT 10 [ RunTime:0.001307s ]
[ sql ] [ SQL ] SHOW COLUMNS FROM `so_option` [ RunTime:0.000749s ]
[ sql ] [ SQL ] SELECT `option_value` FROM `so_option` WHERE  `option_name` = 'storage' LIMIT 1 [ RunTime:0.000428s ]
