---------------------------------------------------------------
[ 2018-11-08T22:40:35+08:00 ] 192.168.0.107 GET /sign_online/admin/public/api/protocol/lists?page=1&order=-published_time&token=87d760147f9ff0845ff72cc19878a572d3fac4427e965a5a2c720b31b5c26263
[ info ] 192.168.0.107/sign_online/admin/public/api/protocol/lists?page=1&order=-published_time&token=87d760147f9ff0845ff72cc19878a572d3fac4427e965a5a2c720b31b5c26263 [运行时间：0.127165s][吞吐率：7.86req/s] [内存消耗：1,212.09kb] [文件加载：71]
[ info ] [ CACHE ] INIT File
[ info ] [ BEHAVIOR ] Run cmf\behavior\InitHookBehavior @app_init [ RunTime:0.003274s ]
[ info ] [ LANG ] /var/www/sign_online/admin/simplewind/thinkphp/lang/zh-cn.php
[ info ] [ ROUTE ] array (
  'type' => 'module',
  'module' => 
  array (
    0 => 'protocol',
    1 => 'lists',
    2 => NULL,
  ),
)
[ info ] [ HEADER ] array (
  'host' => '192.168.0.107',
  'connection' => 'keep-alive',
  'pragma' => 'no-cache',
  'cache-control' => 'no-cache',
  'xx-device-type' => 'wxapp',
  'user-agent' => 'Mozilla/5.0 (iPhone; CPU iPhone OS 9_1 like Mac OS X) AppleWebKit/601.1.46 (KHTML, like Gecko) Version/9.0 Mobile/13B143 Safari/601.1 wechatdevtools/1.02.1809110 MicroMessenger/6.5.7 Language/zh_CN webview/ token/e3602b39c081fae43020db7e28fdf701',
  'content-type' => 'application/x-www-form-urlencoded',
  'xx-api-version' => '1.1.0',
  'xx-token' => '87d760147f9ff0845ff72cc19878a572d3fac4427e965a5a2c720b31b5c26263',
  'accept' => '*/*',
  'referer' => 'https://servicewechat.com/wx6cc7078c98091722/devtools/page-frame.html',
  'accept-encoding' => 'gzip, deflate',
)
[ info ] [ PARAM ] array (
  'page' => '1',
  'order' => '-published_time',
  'token' => '87d760147f9ff0845ff72cc19878a572d3fac4427e965a5a2c720b31b5c26263',
)
[ info ] [ LANG ] /var/www/sign_online/admin/public/api/../../simplewind/cmf/lang/zh-cn.php
[ info ] [ BEHAVIOR ] Run cmf\behavior\LangBehavior @app_begin [ RunTime:0.000861s ]
[ info ] [ DB ] INIT mysql
[ info ] [ RUN ] api\protocol\controller\ListsController->index[ /var/www/sign_online/admin/api/protocol/controller/ListsController.php ]
[ info ] [ LOG ] INIT File
[ sql ] [ DB ] CONNECT:[ UseTime:0.000600s ] mysql:host=127.0.0.1;port=3306;dbname=sign_online;charset=utf8mb4
[ sql ] [ SQL ] SHOW COLUMNS FROM `so_user_token` [ RunTime:0.000709s ]
[ sql ] [ SQL ] SELECT `b`.* FROM `so_user_token` `a` INNER JOIN `so_user` `b` ON `a`.`user_id`=`b`.`id` WHERE  `token` = '87d760147f9ff0845ff72cc19878a572d3fac4427e965a5a2c720b31b5c26263'  AND `device_type` = 'wxapp' LIMIT 1 [ RunTime:0.000823s ]
[ sql ] [ SQL ] SHOW COLUMNS FROM `so_protocol_post` [ RunTime:0.001183s ]
[ sql ] [ SQL ] SELECT `a`.* FROM `so_protocol_post` `a` INNER JOIN `so_protocol_category_user_post` `tp` ON `a`.`id`=`tp`.`post_id` WHERE  ( `delete_time` = 0 AND `delete_time` = 0 AND `delete_time` = 0 )  AND ( `post_status` = 1 AND `post_status` = 1 AND `post_status` = 1 AND `post_status` = 1 )  AND ( `published_time` BETWEEN 1 AND 1541688035 AND `published_time` BETWEEN 1 AND 1541688035 AND `published_time` BETWEEN 1 AND 1541688035 )  AND `tp`.`category_id` = 2 ORDER BY `published_time` DESC LIMIT 0,20 [ RunTime:0.001704s ]
[ sql ] [ SQL ] SHOW COLUMNS FROM `so_option` [ RunTime:0.000698s ]
[ sql ] [ SQL ] SELECT `option_value` FROM `so_option` WHERE  `option_name` = 'storage' LIMIT 1 [ RunTime:0.000367s ]
---------------------------------------------------------------
[ 2018-11-08T22:40:40+08:00 ] 192.168.0.107 GET /sign_online/admin/public/api/protocol/articles/1
[ info ] 192.168.0.107/sign_online/admin/public/api/protocol/articles/1 [运行时间：0.058164s][吞吐率：17.19req/s] [内存消耗：876.05kb] [文件加载：70]
[ info ] [ CACHE ] INIT File
[ info ] [ BEHAVIOR ] Run cmf\behavior\InitHookBehavior @app_init [ RunTime:0.000275s ]
[ info ] [ LANG ] /var/www/sign_online/admin/simplewind/thinkphp/lang/zh-cn.php
[ info ] [ ROUTE ] array (
  'type' => 'module',
  'module' => 
  array (
    0 => 'protocol',
    1 => 'Articles',
    2 => 'read',
  ),
  'convert' => false,
)
[ info ] [ HEADER ] array (
  'host' => '192.168.0.107',
  'connection' => 'keep-alive',
  'pragma' => 'no-cache',
  'cache-control' => 'no-cache',
  'xx-device-type' => 'wxapp',
  'user-agent' => 'Mozilla/5.0 (iPhone; CPU iPhone OS 9_1 like Mac OS X) AppleWebKit/601.1.46 (KHTML, like Gecko) Version/9.0 Mobile/13B143 Safari/601.1 wechatdevtools/1.02.1809110 MicroMessenger/6.5.7 Language/zh_CN webview/ token/e3602b39c081fae43020db7e28fdf701',
  'content-type' => 'application/x-www-form-urlencoded',
  'xx-api-version' => '1.1.0',
  'xx-token' => '87d760147f9ff0845ff72cc19878a572d3fac4427e965a5a2c720b31b5c26263',
  'accept' => '*/*',
  'referer' => 'https://servicewechat.com/wx6cc7078c98091722/devtools/page-frame.html',
  'accept-encoding' => 'gzip, deflate',
)
[ info ] [ PARAM ] array (
  'id' => '1',
)
[ info ] [ LANG ] /var/www/sign_online/admin/public/api/../../simplewind/cmf/lang/zh-cn.php
[ info ] [ BEHAVIOR ] Run cmf\behavior\LangBehavior @app_begin [ RunTime:0.000147s ]
[ info ] [ DB ] INIT mysql
[ info ] [ RUN ] api\protocol\controller\ArticlesController->read[ /var/www/sign_online/admin/api/protocol/controller/ArticlesController.php ]
[ info ] [ LOG ] INIT File
[ sql ] [ DB ] CONNECT:[ UseTime:0.000634s ] mysql:host=127.0.0.1;port=3306;dbname=sign_online;charset=utf8mb4
[ sql ] [ SQL ] SHOW COLUMNS FROM `so_user_token` [ RunTime:0.000770s ]
[ sql ] [ SQL ] SELECT `b`.* FROM `so_user_token` `a` INNER JOIN `so_user` `b` ON `a`.`user_id`=`b`.`id` WHERE  `token` = '87d760147f9ff0845ff72cc19878a572d3fac4427e965a5a2c720b31b5c26263'  AND `device_type` = 'wxapp' LIMIT 1 [ RunTime:0.001346s ]
[ sql ] [ SQL ] SHOW COLUMNS FROM `so_protocol_post` [ RunTime:0.000732s ]
[ sql ] [ SQL ] SELECT * FROM `so_protocol_post` WHERE  ( `delete_time` = 0 AND `delete_time` = 0 )  AND ( `post_status` = 1 AND `post_status` = 1 )  AND ( `published_time` BETWEEN 1 AND 1541688040 AND `published_time` BETWEEN 1 AND 1541688040 )  AND `id` = 1 LIMIT 1 [ RunTime:0.000462s ]
[ sql ] [ SQL ] UPDATE `so_protocol_post`  SET `post_hits`=`post_hits`+1  WHERE  `delete_time` = 0  AND `post_status` = 1  AND `published_time` BETWEEN 1 AND 1541688040  AND `id` = 1 [ RunTime:0.041175s ]
[ sql ] [ SQL ] SHOW COLUMNS FROM `so_option` [ RunTime:0.001412s ]
[ sql ] [ SQL ] SELECT `option_value` FROM `so_option` WHERE  `option_name` = 'storage' LIMIT 1 [ RunTime:0.000465s ]
---------------------------------------------------------------
[ 2018-11-08T22:42:05+08:00 ] 192.168.0.107 GET /sign_online/admin/public/api/protocol/lists?page=2&order=-published_time&token=87d760147f9ff0845ff72cc19878a572d3fac4427e965a5a2c720b31b5c26263
[ info ] 192.168.0.107/sign_online/admin/public/api/protocol/lists?page=2&order=-published_time&token=87d760147f9ff0845ff72cc19878a572d3fac4427e965a5a2c720b31b5c26263 [运行时间：0.010163s][吞吐率：98.40req/s] [内存消耗：702.36kb] [文件加载：62]
[ info ] [ CACHE ] INIT File
[ info ] [ BEHAVIOR ] Run cmf\behavior\InitHookBehavior @app_init [ RunTime:0.000337s ]
[ info ] [ LANG ] /var/www/sign_online/admin/simplewind/thinkphp/lang/zh-cn.php
[ info ] [ ROUTE ] array (
  'type' => 'module',
  'module' => 
  array (
    0 => 'protocol',
    1 => 'lists',
    2 => NULL,
  ),
)
[ info ] [ HEADER ] array (
  'host' => '192.168.0.107',
  'connection' => 'keep-alive',
  'pragma' => 'no-cache',
  'cache-control' => 'no-cache',
  'xx-device-type' => 'wxapp',
  'user-agent' => 'Mozilla/5.0 (iPhone; CPU iPhone OS 9_1 like Mac OS X) AppleWebKit/601.1.46 (KHTML, like Gecko) Version/9.0 Mobile/13B143 Safari/601.1 wechatdevtools/1.02.1809110 MicroMessenger/6.5.7 Language/zh_CN webview/ token/e3602b39c081fae43020db7e28fdf701',
  'content-type' => 'application/x-www-form-urlencoded',
  'xx-api-version' => '1.1.0',
  'xx-token' => '87d760147f9ff0845ff72cc19878a572d3fac4427e965a5a2c720b31b5c26263',
  'accept' => '*/*',
  'referer' => 'https://servicewechat.com/wx6cc7078c98091722/devtools/page-frame.html',
  'accept-encoding' => 'gzip, deflate',
)
[ info ] [ PARAM ] array (
  'page' => '2',
  'order' => '-published_time',
  'token' => '87d760147f9ff0845ff72cc19878a572d3fac4427e965a5a2c720b31b5c26263',
)
[ info ] [ LANG ] /var/www/sign_online/admin/public/api/../../simplewind/cmf/lang/zh-cn.php
[ info ] [ BEHAVIOR ] Run cmf\behavior\LangBehavior @app_begin [ RunTime:0.000125s ]
[ info ] [ DB ] INIT mysql
[ info ] [ RUN ] api\protocol\controller\ListsController->index[ /var/www/sign_online/admin/api/protocol/controller/ListsController.php ]
[ info ] [ LOG ] INIT File
[ sql ] [ DB ] CONNECT:[ UseTime:0.000537s ] mysql:host=127.0.0.1;port=3306;dbname=sign_online;charset=utf8mb4
[ sql ] [ SQL ] SHOW COLUMNS FROM `so_user_token` [ RunTime:0.000605s ]
[ sql ] [ SQL ] SELECT `b`.* FROM `so_user_token` `a` INNER JOIN `so_user` `b` ON `a`.`user_id`=`b`.`id` WHERE  `token` = '87d760147f9ff0845ff72cc19878a572d3fac4427e965a5a2c720b31b5c26263'  AND `device_type` = 'wxapp' LIMIT 1 [ RunTime:0.000550s ]
[ sql ] [ SQL ] SHOW COLUMNS FROM `so_protocol_post` [ RunTime:0.000734s ]
[ sql ] [ SQL ] SELECT `a`.* FROM `so_protocol_post` `a` INNER JOIN `so_protocol_category_user_post` `tp` ON `a`.`id`=`tp`.`post_id` WHERE  ( `delete_time` = 0 AND `delete_time` = 0 AND `delete_time` = 0 )  AND ( `post_status` = 1 AND `post_status` = 1 AND `post_status` = 1 AND `post_status` = 1 )  AND ( `published_time` BETWEEN 1 AND 1541688125 AND `published_time` BETWEEN 1 AND 1541688125 AND `published_time` BETWEEN 1 AND 1541688125 )  AND `tp`.`category_id` = 2 ORDER BY `published_time` DESC LIMIT 20,20 [ RunTime:0.000879s ]
---------------------------------------------------------------
[ 2018-11-08T22:53:57+08:00 ] 192.168.0.107 GET /sign_online/admin/public/api/protocol/articles/3
[ info ] 192.168.0.107/sign_online/admin/public/api/protocol/articles/3 [运行时间：0.058236s][吞吐率：17.17req/s] [内存消耗：854.89kb] [文件加载：70]
[ info ] [ CACHE ] INIT File
[ info ] [ BEHAVIOR ] Run cmf\behavior\InitHookBehavior @app_init [ RunTime:0.000248s ]
[ info ] [ LANG ] /var/www/sign_online/admin/simplewind/thinkphp/lang/zh-cn.php
[ info ] [ ROUTE ] array (
  'type' => 'module',
  'module' => 
  array (
    0 => 'protocol',
    1 => 'Articles',
    2 => 'read',
  ),
  'convert' => false,
)
[ info ] [ HEADER ] array (
  'host' => '192.168.0.107',
  'connection' => 'keep-alive',
  'pragma' => 'no-cache',
  'cache-control' => 'no-cache',
  'xx-device-type' => 'wxapp',
  'user-agent' => 'Mozilla/5.0 (iPhone; CPU iPhone OS 9_1 like Mac OS X) AppleWebKit/601.1.46 (KHTML, like Gecko) Version/9.0 Mobile/13B143 Safari/601.1 wechatdevtools/1.02.1809110 MicroMessenger/6.5.7 Language/zh_CN webview/ token/e3602b39c081fae43020db7e28fdf701',
  'content-type' => 'application/x-www-form-urlencoded',
  'xx-api-version' => '1.1.0',
  'xx-token' => '87d760147f9ff0845ff72cc19878a572d3fac4427e965a5a2c720b31b5c26263',
  'accept' => '*/*',
  'referer' => 'https://servicewechat.com/wx6cc7078c98091722/devtools/page-frame.html',
  'accept-encoding' => 'gzip, deflate',
)
[ info ] [ PARAM ] array (
  'id' => '3',
)
[ info ] [ LANG ] /var/www/sign_online/admin/public/api/../../simplewind/cmf/lang/zh-cn.php
[ info ] [ BEHAVIOR ] Run cmf\behavior\LangBehavior @app_begin [ RunTime:0.000224s ]
[ info ] [ DB ] INIT mysql
[ info ] [ RUN ] api\protocol\controller\ArticlesController->read[ /var/www/sign_online/admin/api/protocol/controller/ArticlesController.php ]
[ info ] [ LOG ] INIT File
[ sql ] [ DB ] CONNECT:[ UseTime:0.000504s ] mysql:host=127.0.0.1;port=3306;dbname=sign_online;charset=utf8mb4
[ sql ] [ SQL ] SHOW COLUMNS FROM `so_user_token` [ RunTime:0.000783s ]
[ sql ] [ SQL ] SELECT `b`.* FROM `so_user_token` `a` INNER JOIN `so_user` `b` ON `a`.`user_id`=`b`.`id` WHERE  `token` = '87d760147f9ff0845ff72cc19878a572d3fac4427e965a5a2c720b31b5c26263'  AND `device_type` = 'wxapp' LIMIT 1 [ RunTime:0.000715s ]
[ sql ] [ SQL ] SHOW COLUMNS FROM `so_protocol_post` [ RunTime:0.001124s ]
[ sql ] [ SQL ] SELECT * FROM `so_protocol_post` WHERE  ( `delete_time` = 0 AND `delete_time` = 0 )  AND ( `post_status` = 1 AND `post_status` = 1 )  AND ( `published_time` BETWEEN 1 AND 1541688837 AND `published_time` BETWEEN 1 AND 1541688837 )  AND `id` = 3 LIMIT 1 [ RunTime:0.001176s ]
[ sql ] [ SQL ] UPDATE `so_protocol_post`  SET `post_hits`=`post_hits`+1  WHERE  `delete_time` = 0  AND `post_status` = 1  AND `published_time` BETWEEN 1 AND 1541688837  AND `id` = 3 [ RunTime:0.044613s ]
[ sql ] [ SQL ] SHOW COLUMNS FROM `so_option` [ RunTime:0.001190s ]
[ sql ] [ SQL ] SELECT `option_value` FROM `so_option` WHERE  `option_name` = 'storage' LIMIT 1 [ RunTime:0.000338s ]
---------------------------------------------------------------
[ 2018-11-08T22:54:06+08:00 ] 192.168.0.107 POST /sign_online/admin/public/api/user/upload/one
[ info ] 192.168.0.107/sign_online/admin/public/api/user/upload/one [运行时间：0.140847s][吞吐率：7.10req/s] [内存消耗：610.56kb] [文件加载：59]
[ info ] [ CACHE ] INIT File
[ info ] [ BEHAVIOR ] Run cmf\behavior\InitHookBehavior @app_init [ RunTime:0.000396s ]
[ info ] [ LANG ] /var/www/sign_online/admin/simplewind/thinkphp/lang/zh-cn.php
[ info ] [ ROUTE ] array (
  'type' => 'module',
  'module' => 
  array (
    0 => 'user',
    1 => 'upload',
    2 => 'one',
  ),
)
[ info ] [ HEADER ] array (
  'content-type' => 'multipart/form-data; boundary=--------------------------981893037874662007652036',
  'xx-token' => '87d760147f9ff0845ff72cc19878a572d3fac4427e965a5a2c720b31b5c26263',
  'xx-device-type' => 'wxapp',
  'xx-api-version' => '1.1.0',
  'referer' => 'https://servicewechat.com/wx6cc7078c98091722/devtools/page-frame.html',
  'user-agent' => 'Mozilla/5.0 (iPhone; CPU iPhone OS 9_1 like Mac OS X) AppleWebKit/601.1.46 (KHTML, like Gecko) Version/9.0 Mobile/13B143 Safari/601.1 wechatdevtools/1.02.1809110 MicroMessenger/6.5.7 Language/zh_CN webview/',
  'host' => '192.168.0.107',
  'content-length' => '9565',
  'connection' => 'close',
)
[ info ] [ PARAM ] array (
  'protocol_id' => '3',
)
[ info ] [ LANG ] /var/www/sign_online/admin/public/api/../../simplewind/cmf/lang/zh-cn.php
[ info ] [ BEHAVIOR ] Run cmf\behavior\LangBehavior @app_begin [ RunTime:0.000194s ]
[ info ] [ DB ] INIT mysql
[ info ] [ RUN ] api\user\controller\UploadController->one[ /var/www/sign_online/admin/api/user/controller/UploadController.php ]
[ info ] [ LOG ] INIT File
[ sql ] [ DB ] CONNECT:[ UseTime:0.000774s ] mysql:host=127.0.0.1;port=3306;dbname=sign_online;charset=utf8mb4
[ sql ] [ SQL ] SHOW COLUMNS FROM `so_user_token` [ RunTime:0.001009s ]
[ sql ] [ SQL ] SELECT `b`.* FROM `so_user_token` `a` INNER JOIN `so_user` `b` ON `a`.`user_id`=`b`.`id` WHERE  `token` = '87d760147f9ff0845ff72cc19878a572d3fac4427e965a5a2c720b31b5c26263'  AND `device_type` = 'wxapp' LIMIT 1 [ RunTime:0.000864s ]
[ sql ] [ SQL ] SHOW COLUMNS FROM `so_protocol_category_user_post` [ RunTime:0.000972s ]
[ sql ] [ SQL ] SELECT * FROM `so_protocol_category_user_post` WHERE  `post_id` = 3  AND `category_id` = 2 LIMIT 1 [ RunTime:0.000695s ]
[ sql ] [ SQL ] SHOW COLUMNS FROM `so_asset` [ RunTime:0.000978s ]
[ sql ] [ SQL ] INSERT INTO `so_asset` (`user_id` , `file_key` , `filename` , `file_size` , `file_path` , `file_md5` , `file_sha1` , `create_time` , `suffix`) VALUES (2 , 'ff26ac4c434d05223e0bf81f299e30041299ec9957990dd6ee69a0dbb6a579bf' , 'wx6cc7078c98091722.o6zAJs4kI3fcaKXURof0-lSRVgEE.xEsBKeM1RnDW324e9a66c4c1341e25d9ac36103da118.png' , 9161 , '20181108/f906f54a69e6c2285876023571be6298.png' , 'ff26ac4c434d05223e0bf81f299e3004' , '2c82c9925a36f8845ba0785f13ee95c45cd74353' , 1541688846 , 'png') [ RunTime:0.093687s ]
[ sql ] [ SQL ] UPDATE `so_protocol_category_user_post`  SET `sign_status`=1,`sign_url`='20181108/f906f54a69e6c2285876023571be6298.png'  WHERE  `post_id` = 3  AND `category_id` = 2 [ RunTime:0.032775s ]
---------------------------------------------------------------
[ 2018-11-08T22:54:07+08:00 ] 192.168.0.107 GET /sign_online/admin/public/api/protocol/lists?page=1&order=-published_time&token=87d760147f9ff0845ff72cc19878a572d3fac4427e965a5a2c720b31b5c26263
[ info ] 192.168.0.107/sign_online/admin/public/api/protocol/lists?page=1&order=-published_time&token=87d760147f9ff0845ff72cc19878a572d3fac4427e965a5a2c720b31b5c26263 [运行时间：0.018874s][吞吐率：52.98req/s] [内存消耗：877.70kb] [文件加载：71]
[ info ] [ CACHE ] INIT File
[ info ] [ BEHAVIOR ] Run cmf\behavior\InitHookBehavior @app_init [ RunTime:0.000375s ]
[ info ] [ LANG ] /var/www/sign_online/admin/simplewind/thinkphp/lang/zh-cn.php
[ info ] [ ROUTE ] array (
  'type' => 'module',
  'module' => 
  array (
    0 => 'protocol',
    1 => 'lists',
    2 => NULL,
  ),
)
[ info ] [ HEADER ] array (
  'host' => '192.168.0.107',
  'connection' => 'keep-alive',
  'pragma' => 'no-cache',
  'cache-control' => 'no-cache',
  'xx-device-type' => 'wxapp',
  'user-agent' => 'Mozilla/5.0 (iPhone; CPU iPhone OS 9_1 like Mac OS X) AppleWebKit/601.1.46 (KHTML, like Gecko) Version/9.0 Mobile/13B143 Safari/601.1 wechatdevtools/1.02.1809110 MicroMessenger/6.5.7 Language/zh_CN webview/ token/e3602b39c081fae43020db7e28fdf701',
  'content-type' => 'application/x-www-form-urlencoded',
  'xx-api-version' => '1.1.0',
  'xx-token' => '87d760147f9ff0845ff72cc19878a572d3fac4427e965a5a2c720b31b5c26263',
  'accept' => '*/*',
  'referer' => 'https://servicewechat.com/wx6cc7078c98091722/devtools/page-frame.html',
  'accept-encoding' => 'gzip, deflate',
)
[ info ] [ PARAM ] array (
  'page' => '1',
  'order' => '-published_time',
  'token' => '87d760147f9ff0845ff72cc19878a572d3fac4427e965a5a2c720b31b5c26263',
)
[ info ] [ LANG ] /var/www/sign_online/admin/public/api/../../simplewind/cmf/lang/zh-cn.php
[ info ] [ BEHAVIOR ] Run cmf\behavior\LangBehavior @app_begin [ RunTime:0.000218s ]
[ info ] [ DB ] INIT mysql
[ info ] [ RUN ] api\protocol\controller\ListsController->index[ /var/www/sign_online/admin/api/protocol/controller/ListsController.php ]
[ info ] [ LOG ] INIT File
[ sql ] [ DB ] CONNECT:[ UseTime:0.000616s ] mysql:host=127.0.0.1;port=3306;dbname=sign_online;charset=utf8mb4
[ sql ] [ SQL ] SHOW COLUMNS FROM `so_user_token` [ RunTime:0.001010s ]
[ sql ] [ SQL ] SELECT `b`.* FROM `so_user_token` `a` INNER JOIN `so_user` `b` ON `a`.`user_id`=`b`.`id` WHERE  `token` = '87d760147f9ff0845ff72cc19878a572d3fac4427e965a5a2c720b31b5c26263'  AND `device_type` = 'wxapp' LIMIT 1 [ RunTime:0.000856s ]
[ sql ] [ SQL ] SHOW COLUMNS FROM `so_protocol_post` [ RunTime:0.001364s ]
[ sql ] [ SQL ] SELECT `a`.* FROM `so_protocol_post` `a` INNER JOIN `so_protocol_category_user_post` `tp` ON `a`.`id`=`tp`.`post_id` WHERE  ( `delete_time` = 0 AND `delete_time` = 0 AND `delete_time` = 0 )  AND ( `post_status` = 1 AND `post_status` = 1 AND `post_status` = 1 AND `post_status` = 1 )  AND ( `published_time` BETWEEN 1 AND 1541688847 AND `published_time` BETWEEN 1 AND 1541688847 AND `published_time` BETWEEN 1 AND 1541688847 )  AND `tp`.`category_id` = 2 ORDER BY `published_time` DESC LIMIT 0,20 [ RunTime:0.001399s ]
[ sql ] [ SQL ] SHOW COLUMNS FROM `so_option` [ RunTime:0.000818s ]
[ sql ] [ SQL ] SELECT `option_value` FROM `so_option` WHERE  `option_name` = 'storage' LIMIT 1 [ RunTime:0.000396s ]
