---------------------------------------------------------------
[ 2018-11-13T00:07:19+08:00 ] 192.168.0.107 GET /sign_online/admin/public/api/protocol/lists?order=-published_time&token=e50f4cb82f988477e3018d7aa7f7d1dca6d14af2a810e8d07d48bec72002e62b
[ info ] 192.168.0.107/sign_online/admin/public/api/protocol/lists?order=-published_time&token=e50f4cb82f988477e3018d7aa7f7d1dca6d14af2a810e8d07d48bec72002e62b [运行时间：0.006302s][吞吐率：158.68req/s] [内存消耗：752.55kb] [文件加载：62]
[ info ] [ CACHE ] INIT File
[ info ] [ BEHAVIOR ] Run cmf\behavior\InitHookBehavior @app_init [ RunTime:0.000275s ]
[ info ] [ LANG ] /var/www/sign_online/admin/simplewind/thinkphp/lang/zh-cn.php
[ info ] [ ROUTE ] array (
  'type' => 'module',
  'module' => 
  array (
    0 => 'protocol',
    1 => 'lists',
    2 => NULL,
  ),
)
[ info ] [ HEADER ] array (
  'host' => '192.168.0.107',
  'connection' => 'keep-alive',
  'pragma' => 'no-cache',
  'cache-control' => 'no-cache',
  'xx-device-type' => 'wxapp',
  'user-agent' => 'Mozilla/5.0 (iPhone; CPU iPhone OS 9_1 like Mac OS X) AppleWebKit/601.1.46 (KHTML, like Gecko) Version/9.0 Mobile/13B143 Safari/601.1 wechatdevtools/1.02.1809110 MicroMessenger/6.5.7 Language/zh_CN webview/ token/d41149ef9637e6247783abd58e66f7f1',
  'content-type' => 'application/x-www-form-urlencoded',
  'xx-api-version' => '1.1.0',
  'xx-token' => 'e50f4cb82f988477e3018d7aa7f7d1dca6d14af2a810e8d07d48bec72002e62b',
  'accept' => '*/*',
  'referer' => 'https://servicewechat.com/wx873594d3b167fae5/devtools/page-frame.html',
  'accept-encoding' => 'gzip, deflate',
)
[ info ] [ PARAM ] array (
  'order' => '-published_time',
  'token' => 'e50f4cb82f988477e3018d7aa7f7d1dca6d14af2a810e8d07d48bec72002e62b',
)
[ info ] [ LANG ] /var/www/sign_online/admin/public/api/../../simplewind/cmf/lang/zh-cn.php
[ info ] [ BEHAVIOR ] Run cmf\behavior\LangBehavior @app_begin [ RunTime:0.000150s ]
[ info ] [ DB ] INIT mysql
[ info ] [ RUN ] api\protocol\controller\ListsController->index[ /var/www/sign_online/admin/api/protocol/controller/ListsController.php ]
[ info ] [ LOG ] INIT File
[ sql ] [ DB ] CONNECT:[ UseTime:0.000412s ] mysql:host=127.0.0.1;port=3306;dbname=sign_online;charset=utf8mb4
[ sql ] [ SQL ] SHOW COLUMNS FROM `so_user_token` [ RunTime:0.000587s ]
[ sql ] [ SQL ] SELECT `b`.* FROM `so_user_token` `a` INNER JOIN `so_user` `b` ON `a`.`user_id`=`b`.`id` WHERE  `token` = 'e50f4cb82f988477e3018d7aa7f7d1dca6d14af2a810e8d07d48bec72002e62b'  AND `device_type` = 'wxapp' LIMIT 1 [ RunTime:0.000509s ]
[ sql ] [ SQL ] SHOW COLUMNS FROM `so_protocol_post` [ RunTime:0.000556s ]
[ sql ] [ SQL ] SELECT `a`.`id`,`a`.`post_title`,`tp`.`sign_status`,`tp`.`notes` FROM `so_protocol_post` `a` INNER JOIN `so_protocol_category_user_post` `tp` ON `a`.`id`=`tp`.`post_id` WHERE  ( `delete_time` = 0 AND `delete_time` = 0 AND `delete_time` = 0 )  AND ( `post_status` = 1 AND `post_status` = 1 AND `post_status` = 1 )  AND ( `published_time` BETWEEN 1 AND 1542038839 AND `published_time` BETWEEN 1 AND 1542038839 AND `published_time` BETWEEN 1 AND 1542038839 )  AND `a`.`post_status` = 1  AND `tp`.`category_id` = 2 ORDER BY `published_time` DESC LIMIT 10 [ RunTime:0.000502s ]
---------------------------------------------------------------
[ 2018-11-13T00:07:21+08:00 ] 192.168.0.107 GET /sign_online/admin/public/api/protocol/articles/2
[ info ] 192.168.0.107/sign_online/admin/public/api/protocol/articles/2 [运行时间：0.065953s][吞吐率：15.16req/s] [内存消耗：859.14kb] [文件加载：70]
[ info ] [ CACHE ] INIT File
[ info ] [ BEHAVIOR ] Run cmf\behavior\InitHookBehavior @app_init [ RunTime:0.000271s ]
[ info ] [ LANG ] /var/www/sign_online/admin/simplewind/thinkphp/lang/zh-cn.php
[ info ] [ ROUTE ] array (
  'type' => 'module',
  'module' => 
  array (
    0 => 'protocol',
    1 => 'Articles',
    2 => 'read',
  ),
  'convert' => false,
)
[ info ] [ HEADER ] array (
  'host' => '192.168.0.107',
  'connection' => 'keep-alive',
  'pragma' => 'no-cache',
  'cache-control' => 'no-cache',
  'xx-device-type' => 'wxapp',
  'user-agent' => 'Mozilla/5.0 (iPhone; CPU iPhone OS 9_1 like Mac OS X) AppleWebKit/601.1.46 (KHTML, like Gecko) Version/9.0 Mobile/13B143 Safari/601.1 wechatdevtools/1.02.1809110 MicroMessenger/6.5.7 Language/zh_CN webview/ token/d41149ef9637e6247783abd58e66f7f1',
  'content-type' => 'application/x-www-form-urlencoded',
  'xx-api-version' => '1.1.0',
  'xx-token' => 'e50f4cb82f988477e3018d7aa7f7d1dca6d14af2a810e8d07d48bec72002e62b',
  'accept' => '*/*',
  'referer' => 'https://servicewechat.com/wx873594d3b167fae5/devtools/page-frame.html',
  'accept-encoding' => 'gzip, deflate',
)
[ info ] [ PARAM ] array (
  'id' => '2',
)
[ info ] [ LANG ] /var/www/sign_online/admin/public/api/../../simplewind/cmf/lang/zh-cn.php
[ info ] [ BEHAVIOR ] Run cmf\behavior\LangBehavior @app_begin [ RunTime:0.000225s ]
[ info ] [ DB ] INIT mysql
[ info ] [ RUN ] api\protocol\controller\ArticlesController->read[ /var/www/sign_online/admin/api/protocol/controller/ArticlesController.php ]
[ info ] [ LOG ] INIT File
[ sql ] [ DB ] CONNECT:[ UseTime:0.000553s ] mysql:host=127.0.0.1;port=3306;dbname=sign_online;charset=utf8mb4
[ sql ] [ SQL ] SHOW COLUMNS FROM `so_user_token` [ RunTime:0.000963s ]
[ sql ] [ SQL ] SELECT `b`.* FROM `so_user_token` `a` INNER JOIN `so_user` `b` ON `a`.`user_id`=`b`.`id` WHERE  `token` = 'e50f4cb82f988477e3018d7aa7f7d1dca6d14af2a810e8d07d48bec72002e62b'  AND `device_type` = 'wxapp' LIMIT 1 [ RunTime:0.000785s ]
[ sql ] [ SQL ] SHOW COLUMNS FROM `so_protocol_post` [ RunTime:0.001009s ]
[ sql ] [ SQL ] SELECT `a`.`id`,`a`.`post_title`,`a`.`post_content`,`tp`.`sign_status`,`tp`.`notes` FROM `so_protocol_post` `a` INNER JOIN `so_protocol_category_user_post` `tp` ON `a`.`id`=`tp`.`post_id` WHERE  `delete_time` = 0  AND `post_status` = 1  AND `published_time` BETWEEN 1 AND 1542038841  AND `a`.`post_status` = 1  AND `tp`.`post_id` = '2'  AND `tp`.`category_id` = 2 LIMIT 1 [ RunTime:0.000847s ]
[ sql ] [ SQL ] UPDATE `so_protocol_post`  SET `post_hits`=`post_hits`+1  WHERE  `delete_time` = 0  AND `post_status` = 1  AND `published_time` BETWEEN 1 AND 1542038841  AND `id` = 2 [ RunTime:0.047746s ]
[ sql ] [ SQL ] SHOW COLUMNS FROM `so_option` [ RunTime:0.004028s ]
[ sql ] [ SQL ] SELECT `option_value` FROM `so_option` WHERE  `option_name` = 'storage' LIMIT 1 [ RunTime:0.000413s ]
