---------------------------------------------------------------
[ 2018-11-14T22:03:28+08:00 ] 192.168.0.107 GET /sign_online/admin/public/api/protocol/lists?page=1&order=-published_time&token=e50f4cb82f988477e3018d7aa7f7d1dca6d14af2a810e8d07d48bec72002e62b
[ info ] 192.168.0.107/sign_online/admin/public/api/protocol/lists?page=1&order=-published_time&token=e50f4cb82f988477e3018d7aa7f7d1dca6d14af2a810e8d07d48bec72002e62b [运行时间：0.016385s][吞吐率：61.03req/s] [内存消耗：754.45kb] [文件加载：62]
[ info ] [ CACHE ] INIT File
[ info ] [ BEHAVIOR ] Run cmf\behavior\InitHookBehavior @app_init [ RunTime:0.000440s ]
[ info ] [ LANG ] /var/www/sign_online/admin/simplewind/thinkphp/lang/zh-cn.php
[ info ] [ ROUTE ] array (
  'type' => 'module',
  'module' => 
  array (
    0 => 'protocol',
    1 => 'lists',
    2 => NULL,
  ),
)
[ info ] [ HEADER ] array (
  'host' => '192.168.0.107',
  'connection' => 'keep-alive',
  'pragma' => 'no-cache',
  'cache-control' => 'no-cache',
  'xx-device-type' => 'wxapp',
  'user-agent' => 'Mozilla/5.0 (iPhone; CPU iPhone OS 9_1 like Mac OS X) AppleWebKit/601.1.46 (KHTML, like Gecko) Version/9.0 Mobile/13B143 Safari/601.1 wechatdevtools/1.02.1809110 MicroMessenger/6.5.7 Language/zh_CN webview/ token/546376299fbae960d95aab4b79fc4ee4',
  'content-type' => 'application/x-www-form-urlencoded',
  'xx-api-version' => '1.1.0',
  'xx-token' => 'e50f4cb82f988477e3018d7aa7f7d1dca6d14af2a810e8d07d48bec72002e62b',
  'accept' => '*/*',
  'referer' => 'https://servicewechat.com/wx873594d3b167fae5/devtools/page-frame.html',
  'accept-encoding' => 'gzip, deflate',
)
[ info ] [ PARAM ] array (
  'page' => '1',
  'order' => '-published_time',
  'token' => 'e50f4cb82f988477e3018d7aa7f7d1dca6d14af2a810e8d07d48bec72002e62b',
)
[ info ] [ LANG ] /var/www/sign_online/admin/public/api/../../simplewind/cmf/lang/zh-cn.php
[ info ] [ BEHAVIOR ] Run cmf\behavior\LangBehavior @app_begin [ RunTime:0.000386s ]
[ info ] [ DB ] INIT mysql
[ info ] [ RUN ] api\protocol\controller\ListsController->index[ /var/www/sign_online/admin/api/protocol/controller/ListsController.php ]
[ info ] [ LOG ] INIT File
[ sql ] [ DB ] CONNECT:[ UseTime:0.000574s ] mysql:host=127.0.0.1;port=3306;dbname=sign_online;charset=utf8mb4
[ sql ] [ SQL ] SHOW COLUMNS FROM `so_user_token` [ RunTime:0.000949s ]
[ sql ] [ SQL ] SELECT `b`.* FROM `so_user_token` `a` INNER JOIN `so_user` `b` ON `a`.`user_id`=`b`.`id` WHERE  `token` = 'e50f4cb82f988477e3018d7aa7f7d1dca6d14af2a810e8d07d48bec72002e62b'  AND `device_type` = 'wxapp' LIMIT 1 [ RunTime:0.000798s ]
[ sql ] [ SQL ] SHOW COLUMNS FROM `so_protocol_post` [ RunTime:0.001101s ]
[ sql ] [ SQL ] SELECT `a`.`id`,`a`.`post_title`,`tp`.`sign_status`,`tp`.`notes` FROM `so_protocol_post` `a` INNER JOIN `so_protocol_category_user_post` `tp` ON `a`.`id`=`tp`.`post_id` WHERE  ( `delete_time` = 0 AND `delete_time` = 0 AND `delete_time` = 0 )  AND ( `post_status` = 1 AND `post_status` = 1 AND `post_status` = 1 )  AND ( `published_time` BETWEEN 1 AND 1542204208 AND `published_time` BETWEEN 1 AND 1542204208 AND `published_time` BETWEEN 1 AND 1542204208 )  AND `a`.`post_status` = 1  AND `tp`.`category_id` = 2 ORDER BY `published_time` DESC LIMIT 0,20 [ RunTime:0.000845s ]
---------------------------------------------------------------
[ 2018-11-14T22:03:32+08:00 ] 192.168.0.107 GET /sign_online/admin/public/api/protocol/lists?order=-published_time&token=e50f4cb82f988477e3018d7aa7f7d1dca6d14af2a810e8d07d48bec72002e62b
[ info ] 192.168.0.107/sign_online/admin/public/api/protocol/lists?order=-published_time&token=e50f4cb82f988477e3018d7aa7f7d1dca6d14af2a810e8d07d48bec72002e62b [运行时间：0.005698s][吞吐率：175.50req/s] [内存消耗：752.55kb] [文件加载：62]
[ info ] [ CACHE ] INIT File
[ info ] [ BEHAVIOR ] Run cmf\behavior\InitHookBehavior @app_init [ RunTime:0.000152s ]
[ info ] [ LANG ] /var/www/sign_online/admin/simplewind/thinkphp/lang/zh-cn.php
[ info ] [ ROUTE ] array (
  'type' => 'module',
  'module' => 
  array (
    0 => 'protocol',
    1 => 'lists',
    2 => NULL,
  ),
)
[ info ] [ HEADER ] array (
  'host' => '192.168.0.107',
  'connection' => 'keep-alive',
  'pragma' => 'no-cache',
  'cache-control' => 'no-cache',
  'xx-device-type' => 'wxapp',
  'user-agent' => 'Mozilla/5.0 (iPhone; CPU iPhone OS 9_1 like Mac OS X) AppleWebKit/601.1.46 (KHTML, like Gecko) Version/9.0 Mobile/13B143 Safari/601.1 wechatdevtools/1.02.1809110 MicroMessenger/6.5.7 Language/zh_CN webview/ token/546376299fbae960d95aab4b79fc4ee4',
  'content-type' => 'application/x-www-form-urlencoded',
  'xx-api-version' => '1.1.0',
  'xx-token' => 'e50f4cb82f988477e3018d7aa7f7d1dca6d14af2a810e8d07d48bec72002e62b',
  'accept' => '*/*',
  'referer' => 'https://servicewechat.com/wx873594d3b167fae5/devtools/page-frame.html',
  'accept-encoding' => 'gzip, deflate',
)
[ info ] [ PARAM ] array (
  'order' => '-published_time',
  'token' => 'e50f4cb82f988477e3018d7aa7f7d1dca6d14af2a810e8d07d48bec72002e62b',
)
[ info ] [ LANG ] /var/www/sign_online/admin/public/api/../../simplewind/cmf/lang/zh-cn.php
[ info ] [ BEHAVIOR ] Run cmf\behavior\LangBehavior @app_begin [ RunTime:0.000097s ]
[ info ] [ DB ] INIT mysql
[ info ] [ RUN ] api\protocol\controller\ListsController->index[ /var/www/sign_online/admin/api/protocol/controller/ListsController.php ]
[ info ] [ LOG ] INIT File
[ sql ] [ DB ] CONNECT:[ UseTime:0.000537s ] mysql:host=127.0.0.1;port=3306;dbname=sign_online;charset=utf8mb4
[ sql ] [ SQL ] SHOW COLUMNS FROM `so_user_token` [ RunTime:0.000694s ]
[ sql ] [ SQL ] SELECT `b`.* FROM `so_user_token` `a` INNER JOIN `so_user` `b` ON `a`.`user_id`=`b`.`id` WHERE  `token` = 'e50f4cb82f988477e3018d7aa7f7d1dca6d14af2a810e8d07d48bec72002e62b'  AND `device_type` = 'wxapp' LIMIT 1 [ RunTime:0.000588s ]
[ sql ] [ SQL ] SHOW COLUMNS FROM `so_protocol_post` [ RunTime:0.000599s ]
[ sql ] [ SQL ] SELECT `a`.`id`,`a`.`post_title`,`tp`.`sign_status`,`tp`.`notes` FROM `so_protocol_post` `a` INNER JOIN `so_protocol_category_user_post` `tp` ON `a`.`id`=`tp`.`post_id` WHERE  ( `delete_time` = 0 AND `delete_time` = 0 AND `delete_time` = 0 )  AND ( `post_status` = 1 AND `post_status` = 1 AND `post_status` = 1 )  AND ( `published_time` BETWEEN 1 AND 1542204212 AND `published_time` BETWEEN 1 AND 1542204212 AND `published_time` BETWEEN 1 AND 1542204212 )  AND `a`.`post_status` = 1  AND `tp`.`category_id` = 2 ORDER BY `published_time` DESC LIMIT 10 [ RunTime:0.000512s ]
