---------------------------------------------------------------
[ 2018-11-16T02:03:51+08:00 ] 127.0.0.1 GET signonline.net/api/
[运行时间：0.062123s] [吞吐率：16.10req/s] [内存消耗：409.19kb] [文件加载：51]
[ info ] [ CACHE ] INIT File
[ info ] [ BEHAVIOR ] Run cmf\behavior\InitHookBehavior @app_init [ RunTime:0.023702s ]
[ info ] [ LANG ] /var/www/sign_online/admin/simplewind/thinkphp/lang/zh-cn.php
[ info ] [ ROUTE ] array (
  'type' => 'module',
  'module' => 
  array (
    0 => '',
    1 => NULL,
    2 => NULL,
  ),
)
[ info ] [ HEADER ] array (
  'host' => 'signonline.net',
  'connection' => 'keep-alive',
  'upgrade-insecure-requests' => '1',
  'user-agent' => 'Mozilla/5.0 (X11; Linux x86_64) AppleWebKit/537.36 (KHTML, like Gecko) snap Chromium/70.0.3538.77 Chrome/70.0.3538.77 Safari/537.36',
  'accept' => 'text/html,application/xhtml+xml,application/xml;q=0.9,image/webp,image/apng,*/*;q=0.8',
  'accept-encoding' => 'gzip, deflate',
  'accept-language' => 'zh-CN,zh;q=0.9,en;q=0.8,en-US;q=0.7',
  'cookie' => 'admin_username=admin; PHPSESSID=vqm9igb4sfe43kqlsioupn6r4f',
)
[ info ] [ PARAM ] array (
)
[ info ] [ LANG ] /var/www/sign_online/admin/public/api/../../simplewind/cmf/lang/zh-cn.php
[ info ] [ BEHAVIOR ] Run cmf\behavior\LangBehavior @app_begin [ RunTime:0.000152s ]
[ info ] [ RUN ] api\home\controller\IndexController->index[ /var/www/sign_online/admin/api/home/controller/IndexController.php ]
[ info ] [ LOG ] INIT File
---------------------------------------------------------------
[ 2018-11-16T02:04:11+08:00 ] 192.168.0.107 GET 192.168.0.107/sign_online/admin/public/api/protocol/articles/3
[运行时间：0.011634s] [吞吐率：85.96req/s] [内存消耗：686.34kb] [文件加载：61]
[ info ] [ CACHE ] INIT File
[ info ] [ BEHAVIOR ] Run cmf\behavior\InitHookBehavior @app_init [ RunTime:0.000281s ]
[ info ] [ LANG ] /var/www/sign_online/admin/simplewind/thinkphp/lang/zh-cn.php
[ info ] [ ROUTE ] array (
  'type' => 'module',
  'module' => 
  array (
    0 => 'protocol',
    1 => 'Articles',
    2 => 'read',
  ),
  'convert' => false,
)
[ info ] [ HEADER ] array (
  'host' => '192.168.0.107',
  'connection' => 'keep-alive',
  'pragma' => 'no-cache',
  'cache-control' => 'no-cache',
  'xx-device-type' => 'wxapp',
  'user-agent' => 'Mozilla/5.0 (iPhone; CPU iPhone OS 9_1 like Mac OS X) AppleWebKit/601.1.46 (KHTML, like Gecko) Version/9.0 Mobile/13B143 Safari/601.1 wechatdevtools/1.02.1809110 MicroMessenger/6.5.7 Language/zh_CN webview/ token/04d149fe359e84c6c4da579827196a1c',
  'content-type' => 'application/x-www-form-urlencoded',
  'xx-api-version' => '1.1.0',
  'xx-token' => '0d1362950611c41e18e317e53b8503e241aa846c3e2c7cc770c9d0b1ee891a12',
  'accept' => '*/*',
  'referer' => 'https://servicewechat.com/wx873594d3b167fae5/devtools/page-frame.html',
  'accept-encoding' => 'gzip, deflate',
)
[ info ] [ PARAM ] array (
  'id' => '3',
)
[ info ] [ LANG ] /var/www/sign_online/admin/public/api/../../simplewind/cmf/lang/zh-cn.php
[ info ] [ BEHAVIOR ] Run cmf\behavior\LangBehavior @app_begin [ RunTime:0.000201s ]
[ info ] [ DB ] INIT mysql
[ info ] [ LOG ] INIT File
[ sql ] [ DB ] CONNECT:[ UseTime:0.001488s ] mysql:host=127.0.0.1;port=3306;dbname=sign_online;charset=utf8mb4
[ sql ] [ SQL ] SHOW COLUMNS FROM `so_user_token` [ RunTime:0.000865s ]
[ sql ] [ SQL ] SELECT `b`.* FROM `so_user_token` `a` INNER JOIN `so_user` `b` ON `a`.`user_id`=`b`.`id` WHERE  `token` = '0d1362950611c41e18e317e53b8503e241aa846c3e2c7cc770c9d0b1ee891a12'  AND `device_type` = 'wxapp' LIMIT 1 [ RunTime:0.000736s ]
---------------------------------------------------------------
[ 2018-11-16T02:04:19+08:00 ] 192.168.0.107 POST 192.168.0.107/sign_online/admin/public/api/user/public/login
[运行时间：0.035418s] [吞吐率：28.23req/s] [内存消耗：541.06kb] [文件加载：57]
[ info ] [ CACHE ] INIT File
[ info ] [ BEHAVIOR ] Run cmf\behavior\InitHookBehavior @app_init [ RunTime:0.000179s ]
[ info ] [ LANG ] /var/www/sign_online/admin/simplewind/thinkphp/lang/zh-cn.php
[ info ] [ ROUTE ] array (
  'type' => 'module',
  'module' => 
  array (
    0 => 'user',
    1 => 'public',
    2 => 'login',
  ),
)
[ info ] [ HEADER ] array (
  'host' => '192.168.0.107',
  'connection' => 'keep-alive',
  'content-length' => '48',
  'pragma' => 'no-cache',
  'cache-control' => 'no-cache',
  'origin' => 'http://127.0.0.1:40709',
  'xx-device-type' => 'wxapp',
  'user-agent' => 'Mozilla/5.0 (iPhone; CPU iPhone OS 9_1 like Mac OS X) AppleWebKit/601.1.46 (KHTML, like Gecko) Version/9.0 Mobile/13B143 Safari/601.1 wechatdevtools/1.02.1809110 MicroMessenger/6.5.7 Language/zh_CN webview/ token/04d149fe359e84c6c4da579827196a1c',
  'content-type' => 'application/x-www-form-urlencoded',
  'xx-api-version' => '1.1.0',
  'xx-token' => '0d1362950611c41e18e317e53b8503e241aa846c3e2c7cc770c9d0b1ee891a12',
  'accept' => '*/*',
  'referer' => 'https://servicewechat.com/wx873594d3b167fae5/devtools/page-frame.html',
  'accept-encoding' => 'gzip, deflate',
)
[ info ] [ PARAM ] array (
  'username' => 'test5',
  'password' => '123456',
  'device_type' => 'wxapp',
)
[ info ] [ LANG ] /var/www/sign_online/admin/public/api/../../simplewind/cmf/lang/zh-cn.php
[ info ] [ BEHAVIOR ] Run cmf\behavior\LangBehavior @app_begin [ RunTime:0.000103s ]
[ info ] [ DB ] INIT mysql
[ info ] [ RUN ] api\user\controller\PublicController->login[ /var/www/sign_online/admin/api/user/controller/PublicController.php ]
[ info ] [ LOG ] INIT File
[ sql ] [ DB ] CONNECT:[ UseTime:0.000549s ] mysql:host=127.0.0.1;port=3306;dbname=sign_online;charset=utf8mb4
[ sql ] [ SQL ] SHOW COLUMNS FROM `so_user_token` [ RunTime:0.001321s ]
[ sql ] [ SQL ] SELECT `b`.* FROM `so_user_token` `a` INNER JOIN `so_user` `b` ON `a`.`user_id`=`b`.`id` WHERE  `token` = '0d1362950611c41e18e317e53b8503e241aa846c3e2c7cc770c9d0b1ee891a12'  AND `device_type` = 'wxapp' LIMIT 1 [ RunTime:0.000552s ]
[ sql ] [ SQL ] SHOW COLUMNS FROM `so_user` [ RunTime:0.000683s ]
[ sql ] [ SQL ] SELECT * FROM `so_user` WHERE  `user_login` = 'test5' LIMIT 1 [ RunTime:0.000441s ]
[ sql ] [ SQL ] SELECT * FROM `so_user_token` WHERE  `user_id` = 2  AND `device_type` = 'wxapp' LIMIT 1 [ RunTime:0.000291s ]
[ sql ] [ SQL ] UPDATE `so_user_token`  SET `token`='5d815c7ae62b8bf2ff256363b178c0bad3aa1f0ce4460cad5c17f2b85b691fc8',`expire_time`=1557857059,`create_time`=1542305059  WHERE  `user_id` = 2  AND `device_type` = 'wxapp' [ RunTime:0.027116s ]
---------------------------------------------------------------
[ 2018-11-16T02:04:20+08:00 ] 192.168.0.107 GET 192.168.0.107/sign_online/admin/public/api/protocol/lists?page=1&order=-published_time&token=5d815c7ae62b8bf2ff256363b178c0bad3aa1f0ce4460cad5c17f2b85b691fc8
[运行时间：0.009355s] [吞吐率：106.89req/s] [内存消耗：758.55kb] [文件加载：62]
[ info ] [ CACHE ] INIT File
[ info ] [ BEHAVIOR ] Run cmf\behavior\InitHookBehavior @app_init [ RunTime:0.000160s ]
[ info ] [ LANG ] /var/www/sign_online/admin/simplewind/thinkphp/lang/zh-cn.php
[ info ] [ ROUTE ] array (
  'type' => 'module',
  'module' => 
  array (
    0 => 'protocol',
    1 => 'lists',
    2 => NULL,
  ),
)
[ info ] [ HEADER ] array (
  'host' => '192.168.0.107',
  'connection' => 'keep-alive',
  'pragma' => 'no-cache',
  'cache-control' => 'no-cache',
  'xx-device-type' => 'wxapp',
  'user-agent' => 'Mozilla/5.0 (iPhone; CPU iPhone OS 9_1 like Mac OS X) AppleWebKit/601.1.46 (KHTML, like Gecko) Version/9.0 Mobile/13B143 Safari/601.1 wechatdevtools/1.02.1809110 MicroMessenger/6.5.7 Language/zh_CN webview/ token/04d149fe359e84c6c4da579827196a1c',
  'content-type' => 'application/x-www-form-urlencoded',
  'xx-api-version' => '1.1.0',
  'xx-token' => '5d815c7ae62b8bf2ff256363b178c0bad3aa1f0ce4460cad5c17f2b85b691fc8',
  'accept' => '*/*',
  'referer' => 'https://servicewechat.com/wx873594d3b167fae5/devtools/page-frame.html',
  'accept-encoding' => 'gzip, deflate',
)
[ info ] [ PARAM ] array (
  'page' => '1',
  'order' => '-published_time',
  'token' => '5d815c7ae62b8bf2ff256363b178c0bad3aa1f0ce4460cad5c17f2b85b691fc8',
)
[ info ] [ LANG ] /var/www/sign_online/admin/public/api/../../simplewind/cmf/lang/zh-cn.php
[ info ] [ BEHAVIOR ] Run cmf\behavior\LangBehavior @app_begin [ RunTime:0.000117s ]
[ info ] [ DB ] INIT mysql
[ info ] [ RUN ] api\protocol\controller\ListsController->index[ /var/www/sign_online/admin/api/protocol/controller/ListsController.php ]
[ info ] [ LOG ] INIT File
[ sql ] [ DB ] CONNECT:[ UseTime:0.000577s ] mysql:host=127.0.0.1;port=3306;dbname=sign_online;charset=utf8mb4
[ sql ] [ SQL ] SHOW COLUMNS FROM `so_user_token` [ RunTime:0.001044s ]
[ sql ] [ SQL ] SELECT `b`.* FROM `so_user_token` `a` INNER JOIN `so_user` `b` ON `a`.`user_id`=`b`.`id` WHERE  `token` = '5d815c7ae62b8bf2ff256363b178c0bad3aa1f0ce4460cad5c17f2b85b691fc8'  AND `device_type` = 'wxapp' LIMIT 1 [ RunTime:0.000724s ]
[ sql ] [ SQL ] SHOW COLUMNS FROM `so_protocol_post` [ RunTime:0.001250s ]
[ sql ] [ SQL ] SELECT `a`.`id`,`a`.`post_title`,`tp`.`sign_status`,`tp`.`notes` FROM `so_protocol_post` `a` INNER JOIN `so_protocol_category_user_post` `tp` ON `a`.`id`=`tp`.`post_id` WHERE  ( `delete_time` = 0 AND `delete_time` = 0 AND `delete_time` = 0 )  AND ( `post_status` = 1 AND `post_status` = 1 AND `post_status` = 1 )  AND ( `published_time` BETWEEN 1 AND 1542305059 AND `published_time` BETWEEN 1 AND 1542305059 AND `published_time` BETWEEN 1 AND 1542305059 )  AND `a`.`post_status` = 1  AND `tp`.`category_id` = 2 ORDER BY `published_time` DESC LIMIT 0,20 [ RunTime:0.000859s ]
---------------------------------------------------------------
[ 2018-11-16T02:04:22+08:00 ] 192.168.0.107 GET 192.168.0.107/sign_online/admin/public/api/protocol/articles/1
[运行时间：0.046744s] [吞吐率：21.39req/s] [内存消耗：880.34kb] [文件加载：70]
[ info ] [ CACHE ] INIT File
[ info ] [ BEHAVIOR ] Run cmf\behavior\InitHookBehavior @app_init [ RunTime:0.000242s ]
[ info ] [ LANG ] /var/www/sign_online/admin/simplewind/thinkphp/lang/zh-cn.php
[ info ] [ ROUTE ] array (
  'type' => 'module',
  'module' => 
  array (
    0 => 'protocol',
    1 => 'Articles',
    2 => 'read',
  ),
  'convert' => false,
)
[ info ] [ HEADER ] array (
  'host' => '192.168.0.107',
  'connection' => 'keep-alive',
  'pragma' => 'no-cache',
  'cache-control' => 'no-cache',
  'xx-device-type' => 'wxapp',
  'user-agent' => 'Mozilla/5.0 (iPhone; CPU iPhone OS 9_1 like Mac OS X) AppleWebKit/601.1.46 (KHTML, like Gecko) Version/9.0 Mobile/13B143 Safari/601.1 wechatdevtools/1.02.1809110 MicroMessenger/6.5.7 Language/zh_CN webview/ token/04d149fe359e84c6c4da579827196a1c',
  'content-type' => 'application/x-www-form-urlencoded',
  'xx-api-version' => '1.1.0',
  'xx-token' => '5d815c7ae62b8bf2ff256363b178c0bad3aa1f0ce4460cad5c17f2b85b691fc8',
  'accept' => '*/*',
  'referer' => 'https://servicewechat.com/wx873594d3b167fae5/devtools/page-frame.html',
  'accept-encoding' => 'gzip, deflate',
)
[ info ] [ PARAM ] array (
  'id' => '1',
)
[ info ] [ LANG ] /var/www/sign_online/admin/public/api/../../simplewind/cmf/lang/zh-cn.php
[ info ] [ BEHAVIOR ] Run cmf\behavior\LangBehavior @app_begin [ RunTime:0.000216s ]
[ info ] [ DB ] INIT mysql
[ info ] [ RUN ] api\protocol\controller\ArticlesController->read[ /var/www/sign_online/admin/api/protocol/controller/ArticlesController.php ]
[ info ] [ LOG ] INIT File
[ sql ] [ DB ] CONNECT:[ UseTime:0.000850s ] mysql:host=127.0.0.1;port=3306;dbname=sign_online;charset=utf8mb4
[ sql ] [ SQL ] SHOW COLUMNS FROM `so_user_token` [ RunTime:0.000978s ]
[ sql ] [ SQL ] SELECT `b`.* FROM `so_user_token` `a` INNER JOIN `so_user` `b` ON `a`.`user_id`=`b`.`id` WHERE  `token` = '5d815c7ae62b8bf2ff256363b178c0bad3aa1f0ce4460cad5c17f2b85b691fc8'  AND `device_type` = 'wxapp' LIMIT 1 [ RunTime:0.000654s ]
[ sql ] [ SQL ] SHOW COLUMNS FROM `so_protocol_post` [ RunTime:0.000906s ]
[ sql ] [ SQL ] SELECT `a`.`id`,`a`.`post_title`,`a`.`post_content`,`tp`.`sign_status`,`tp`.`notes` FROM `so_protocol_post` `a` INNER JOIN `so_protocol_category_user_post` `tp` ON `a`.`id`=`tp`.`post_id` WHERE  `delete_time` = 0  AND `post_status` = 1  AND `published_time` BETWEEN 1 AND 1542305062  AND `a`.`post_status` = 1  AND `tp`.`post_id` = '1'  AND `tp`.`category_id` = 2 LIMIT 1 [ RunTime:0.000600s ]
[ sql ] [ SQL ] UPDATE `so_protocol_post`  SET `post_hits`=`post_hits`+1  WHERE  `delete_time` = 0  AND `post_status` = 1  AND `published_time` BETWEEN 1 AND 1542305062  AND `id` = 1 [ RunTime:0.031574s ]
[ sql ] [ SQL ] SHOW COLUMNS FROM `so_option` [ RunTime:0.001181s ]
[ sql ] [ SQL ] SELECT `option_value` FROM `so_option` WHERE  `option_name` = 'storage' LIMIT 1 [ RunTime:0.000603s ]
---------------------------------------------------------------
[ 2018-11-16T02:05:10+08:00 ] 192.168.0.107 POST 192.168.0.107/sign_online/admin/public/api/user/upload/one
[运行时间：0.052399s] [吞吐率：19.08req/s] [内存消耗：642.70kb] [文件加载：64]
[ info ] [ CACHE ] INIT File
[ info ] [ BEHAVIOR ] Run cmf\behavior\InitHookBehavior @app_init [ RunTime:0.000206s ]
[ info ] [ LANG ] /var/www/sign_online/admin/simplewind/thinkphp/lang/zh-cn.php
[ info ] [ ROUTE ] array (
  'type' => 'module',
  'module' => 
  array (
    0 => 'user',
    1 => 'upload',
    2 => 'one',
  ),
)
[ info ] [ HEADER ] array (
  'content-type' => 'multipart/form-data; boundary=--------------------------296277147231668556363937',
  'xx-token' => '5d815c7ae62b8bf2ff256363b178c0bad3aa1f0ce4460cad5c17f2b85b691fc8',
  'xx-device-type' => 'wxapp',
  'xx-api-version' => '1.1.0',
  'referer' => 'https://servicewechat.com/wx873594d3b167fae5/devtools/page-frame.html',
  'user-agent' => 'Mozilla/5.0 (iPhone; CPU iPhone OS 9_1 like Mac OS X) AppleWebKit/601.1.46 (KHTML, like Gecko) Version/9.0 Mobile/13B143 Safari/601.1 wechatdevtools/1.02.1809110 MicroMessenger/6.5.7 Language/zh_CN webview/',
  'host' => '192.168.0.107',
  'content-length' => '16416',
  'connection' => 'close',
)
[ info ] [ PARAM ] array (
  'protocol_id' => '1',
)
[ info ] [ LANG ] /var/www/sign_online/admin/public/api/../../simplewind/cmf/lang/zh-cn.php
[ info ] [ BEHAVIOR ] Run cmf\behavior\LangBehavior @app_begin [ RunTime:0.000239s ]
[ info ] [ DB ] INIT mysql
[ info ] [ RUN ] api\user\controller\UploadController->one[ /var/www/sign_online/admin/api/user/controller/UploadController.php ]
[ info ] [ LOG ] INIT File
[ sql ] [ DB ] CONNECT:[ UseTime:0.000611s ] mysql:host=127.0.0.1;port=3306;dbname=sign_online;charset=utf8mb4
[ sql ] [ SQL ] SHOW COLUMNS FROM `so_user_token` [ RunTime:0.000812s ]
[ sql ] [ SQL ] SELECT `b`.* FROM `so_user_token` `a` INNER JOIN `so_user` `b` ON `a`.`user_id`=`b`.`id` WHERE  `token` = '5d815c7ae62b8bf2ff256363b178c0bad3aa1f0ce4460cad5c17f2b85b691fc8'  AND `device_type` = 'wxapp' LIMIT 1 [ RunTime:0.000831s ]
[ error ] [8]未定义变量: request[/var/www/sign_online/admin/api/user/controller/UploadController.php:38]
---------------------------------------------------------------
[ 2018-11-16T02:05:59+08:00 ] 192.168.0.107 POST 192.168.0.107/sign_online/admin/public/api/user/upload/one
[运行时间：0.039615s] [吞吐率：25.24req/s] [内存消耗：642.72kb] [文件加载：64]
[ info ] [ CACHE ] INIT File
[ info ] [ BEHAVIOR ] Run cmf\behavior\InitHookBehavior @app_init [ RunTime:0.000262s ]
[ info ] [ LANG ] /var/www/sign_online/admin/simplewind/thinkphp/lang/zh-cn.php
[ info ] [ ROUTE ] array (
  'type' => 'module',
  'module' => 
  array (
    0 => 'user',
    1 => 'upload',
    2 => 'one',
  ),
)
[ info ] [ HEADER ] array (
  'content-type' => 'multipart/form-data; boundary=--------------------------673339992198589264859785',
  'xx-token' => '5d815c7ae62b8bf2ff256363b178c0bad3aa1f0ce4460cad5c17f2b85b691fc8',
  'xx-device-type' => 'wxapp',
  'xx-api-version' => '1.1.0',
  'referer' => 'https://servicewechat.com/wx873594d3b167fae5/devtools/page-frame.html',
  'user-agent' => 'Mozilla/5.0 (iPhone; CPU iPhone OS 9_1 like Mac OS X) AppleWebKit/601.1.46 (KHTML, like Gecko) Version/9.0 Mobile/13B143 Safari/601.1 wechatdevtools/1.02.1809110 MicroMessenger/6.5.7 Language/zh_CN webview/',
  'host' => '192.168.0.107',
  'content-length' => '16416',
  'connection' => 'close',
)
[ info ] [ PARAM ] array (
  'protocol_id' => '1',
)
[ info ] [ LANG ] /var/www/sign_online/admin/public/api/../../simplewind/cmf/lang/zh-cn.php
[ info ] [ BEHAVIOR ] Run cmf\behavior\LangBehavior @app_begin [ RunTime:0.000189s ]
[ info ] [ DB ] INIT mysql
[ info ] [ RUN ] api\user\controller\UploadController->one[ /var/www/sign_online/admin/api/user/controller/UploadController.php ]
[ info ] [ LOG ] INIT File
[ sql ] [ DB ] CONNECT:[ UseTime:0.000604s ] mysql:host=127.0.0.1;port=3306;dbname=sign_online;charset=utf8mb4
[ sql ] [ SQL ] SHOW COLUMNS FROM `so_user_token` [ RunTime:0.000970s ]
[ sql ] [ SQL ] SELECT `b`.* FROM `so_user_token` `a` INNER JOIN `so_user` `b` ON `a`.`user_id`=`b`.`id` WHERE  `token` = '5d815c7ae62b8bf2ff256363b178c0bad3aa1f0ce4460cad5c17f2b85b691fc8'  AND `device_type` = 'wxapp' LIMIT 1 [ RunTime:0.000744s ]
[ error ] [2]imagepng(/var/www/sign_online/admin/public/uploads/1542305159.png): failed to open stream: No such file or directory[/var/www/sign_online/admin/simplewind/vendor/topthink/think-image/src/Image.php:134]
---------------------------------------------------------------
[ 2018-11-16T02:06:36+08:00 ] 192.168.0.107 POST 192.168.0.107/sign_online/admin/public/api/user/upload/one
[运行时间：0.069884s] [吞吐率：14.31req/s] [内存消耗：651.90kb] [文件加载：60]
[ info ] [ CACHE ] INIT File
[ info ] [ BEHAVIOR ] Run cmf\behavior\InitHookBehavior @app_init [ RunTime:0.000278s ]
[ info ] [ LANG ] /var/www/sign_online/admin/simplewind/thinkphp/lang/zh-cn.php
[ info ] [ ROUTE ] array (
  'type' => 'module',
  'module' => 
  array (
    0 => 'user',
    1 => 'upload',
    2 => 'one',
  ),
)
[ info ] [ HEADER ] array (
  'content-type' => 'multipart/form-data; boundary=--------------------------456216315070884134737108',
  'xx-token' => '5d815c7ae62b8bf2ff256363b178c0bad3aa1f0ce4460cad5c17f2b85b691fc8',
  'xx-device-type' => 'wxapp',
  'xx-api-version' => '1.1.0',
  'referer' => 'https://servicewechat.com/wx873594d3b167fae5/devtools/page-frame.html',
  'user-agent' => 'Mozilla/5.0 (iPhone; CPU iPhone OS 9_1 like Mac OS X) AppleWebKit/601.1.46 (KHTML, like Gecko) Version/9.0 Mobile/13B143 Safari/601.1 wechatdevtools/1.02.1809110 MicroMessenger/6.5.7 Language/zh_CN webview/',
  'host' => '192.168.0.107',
  'content-length' => '16416',
  'connection' => 'close',
)
[ info ] [ PARAM ] array (
  'protocol_id' => '1',
)
[ info ] [ LANG ] /var/www/sign_online/admin/public/api/../../simplewind/cmf/lang/zh-cn.php
[ info ] [ BEHAVIOR ] Run cmf\behavior\LangBehavior @app_begin [ RunTime:0.000174s ]
[ info ] [ DB ] INIT mysql
[ info ] [ RUN ] api\user\controller\UploadController->one[ /var/www/sign_online/admin/api/user/controller/UploadController.php ]
[ info ] [ LOG ] INIT File
[ sql ] [ DB ] CONNECT:[ UseTime:0.000543s ] mysql:host=127.0.0.1;port=3306;dbname=sign_online;charset=utf8mb4
[ sql ] [ SQL ] SHOW COLUMNS FROM `so_user_token` [ RunTime:0.000802s ]
[ sql ] [ SQL ] SELECT `b`.* FROM `so_user_token` `a` INNER JOIN `so_user` `b` ON `a`.`user_id`=`b`.`id` WHERE  `token` = '5d815c7ae62b8bf2ff256363b178c0bad3aa1f0ce4460cad5c17f2b85b691fc8'  AND `device_type` = 'wxapp' LIMIT 1 [ RunTime:0.000662s ]
[ sql ] [ SQL ] SHOW COLUMNS FROM `so_protocol_category_user_post` [ RunTime:0.000699s ]
[ sql ] [ SQL ] SELECT * FROM `so_protocol_category_user_post` WHERE  `post_id` = 1  AND `category_id` = 2 LIMIT 1 [ RunTime:0.000378s ]
---------------------------------------------------------------
[ 2018-11-16T02:06:38+08:00 ] 192.168.0.107 GET 192.168.0.107/sign_online/admin/public/api/protocol/lists?page=1&order=-published_time&token=5d815c7ae62b8bf2ff256363b178c0bad3aa1f0ce4460cad5c17f2b85b691fc8
[运行时间：0.007730s] [吞吐率：129.37req/s] [内存消耗：757.45kb] [文件加载：62]
[ info ] [ CACHE ] INIT File
[ info ] [ BEHAVIOR ] Run cmf\behavior\InitHookBehavior @app_init [ RunTime:0.000249s ]
[ info ] [ LANG ] /var/www/sign_online/admin/simplewind/thinkphp/lang/zh-cn.php
[ info ] [ ROUTE ] array (
  'type' => 'module',
  'module' => 
  array (
    0 => 'protocol',
    1 => 'lists',
    2 => NULL,
  ),
)
[ info ] [ HEADER ] array (
  'host' => '192.168.0.107',
  'connection' => 'keep-alive',
  'pragma' => 'no-cache',
  'cache-control' => 'no-cache',
  'xx-device-type' => 'wxapp',
  'user-agent' => 'Mozilla/5.0 (iPhone; CPU iPhone OS 9_1 like Mac OS X) AppleWebKit/601.1.46 (KHTML, like Gecko) Version/9.0 Mobile/13B143 Safari/601.1 wechatdevtools/1.02.1809110 MicroMessenger/6.5.7 Language/zh_CN webview/ token/04d149fe359e84c6c4da579827196a1c',
  'content-type' => 'application/x-www-form-urlencoded',
  'xx-api-version' => '1.1.0',
  'xx-token' => '5d815c7ae62b8bf2ff256363b178c0bad3aa1f0ce4460cad5c17f2b85b691fc8',
  'accept' => '*/*',
  'referer' => 'https://servicewechat.com/wx873594d3b167fae5/devtools/page-frame.html',
  'accept-encoding' => 'gzip, deflate',
)
[ info ] [ PARAM ] array (
  'page' => '1',
  'order' => '-published_time',
  'token' => '5d815c7ae62b8bf2ff256363b178c0bad3aa1f0ce4460cad5c17f2b85b691fc8',
)
[ info ] [ LANG ] /var/www/sign_online/admin/public/api/../../simplewind/cmf/lang/zh-cn.php
[ info ] [ BEHAVIOR ] Run cmf\behavior\LangBehavior @app_begin [ RunTime:0.000114s ]
[ info ] [ DB ] INIT mysql
[ info ] [ RUN ] api\protocol\controller\ListsController->index[ /var/www/sign_online/admin/api/protocol/controller/ListsController.php ]
[ info ] [ LOG ] INIT File
[ sql ] [ DB ] CONNECT:[ UseTime:0.000497s ] mysql:host=127.0.0.1;port=3306;dbname=sign_online;charset=utf8mb4
[ sql ] [ SQL ] SHOW COLUMNS FROM `so_user_token` [ RunTime:0.000803s ]
[ sql ] [ SQL ] SELECT `b`.* FROM `so_user_token` `a` INNER JOIN `so_user` `b` ON `a`.`user_id`=`b`.`id` WHERE  `token` = '5d815c7ae62b8bf2ff256363b178c0bad3aa1f0ce4460cad5c17f2b85b691fc8'  AND `device_type` = 'wxapp' LIMIT 1 [ RunTime:0.000654s ]
[ sql ] [ SQL ] SHOW COLUMNS FROM `so_protocol_post` [ RunTime:0.000916s ]
[ sql ] [ SQL ] SELECT `a`.`id`,`a`.`post_title`,`tp`.`sign_status`,`tp`.`notes` FROM `so_protocol_post` `a` INNER JOIN `so_protocol_category_user_post` `tp` ON `a`.`id`=`tp`.`post_id` WHERE  ( `delete_time` = 0 AND `delete_time` = 0 AND `delete_time` = 0 )  AND ( `post_status` = 1 AND `post_status` = 1 AND `post_status` = 1 )  AND ( `published_time` BETWEEN 1 AND 1542305198 AND `published_time` BETWEEN 1 AND 1542305198 AND `published_time` BETWEEN 1 AND 1542305198 )  AND `a`.`post_status` = 1  AND `tp`.`category_id` = 2 ORDER BY `published_time` DESC LIMIT 0,20 [ RunTime:0.000700s ]
---------------------------------------------------------------
[ 2018-11-16T02:07:30+08:00 ] 192.168.0.107 GET 192.168.0.107/sign_online/admin/public/api/protocol/articles/1
[运行时间：0.063556s] [吞吐率：15.73req/s] [内存消耗：880.34kb] [文件加载：70]
[ info ] [ CACHE ] INIT File
[ info ] [ BEHAVIOR ] Run cmf\behavior\InitHookBehavior @app_init [ RunTime:0.000357s ]
[ info ] [ LANG ] /var/www/sign_online/admin/simplewind/thinkphp/lang/zh-cn.php
[ info ] [ ROUTE ] array (
  'type' => 'module',
  'module' => 
  array (
    0 => 'protocol',
    1 => 'Articles',
    2 => 'read',
  ),
  'convert' => false,
)
[ info ] [ HEADER ] array (
  'host' => '192.168.0.107',
  'connection' => 'keep-alive',
  'pragma' => 'no-cache',
  'cache-control' => 'no-cache',
  'xx-device-type' => 'wxapp',
  'user-agent' => 'Mozilla/5.0 (iPhone; CPU iPhone OS 9_1 like Mac OS X) AppleWebKit/601.1.46 (KHTML, like Gecko) Version/9.0 Mobile/13B143 Safari/601.1 wechatdevtools/1.02.1809110 MicroMessenger/6.5.7 Language/zh_CN webview/ token/04d149fe359e84c6c4da579827196a1c',
  'content-type' => 'application/x-www-form-urlencoded',
  'xx-api-version' => '1.1.0',
  'xx-token' => '5d815c7ae62b8bf2ff256363b178c0bad3aa1f0ce4460cad5c17f2b85b691fc8',
  'accept' => '*/*',
  'referer' => 'https://servicewechat.com/wx873594d3b167fae5/devtools/page-frame.html',
  'accept-encoding' => 'gzip, deflate',
)
[ info ] [ PARAM ] array (
  'id' => '1',
)
[ info ] [ LANG ] /var/www/sign_online/admin/public/api/../../simplewind/cmf/lang/zh-cn.php
[ info ] [ BEHAVIOR ] Run cmf\behavior\LangBehavior @app_begin [ RunTime:0.000230s ]
[ info ] [ DB ] INIT mysql
[ info ] [ RUN ] api\protocol\controller\ArticlesController->read[ /var/www/sign_online/admin/api/protocol/controller/ArticlesController.php ]
[ info ] [ LOG ] INIT File
[ sql ] [ DB ] CONNECT:[ UseTime:0.000527s ] mysql:host=127.0.0.1;port=3306;dbname=sign_online;charset=utf8mb4
[ sql ] [ SQL ] SHOW COLUMNS FROM `so_user_token` [ RunTime:0.000898s ]
[ sql ] [ SQL ] SELECT `b`.* FROM `so_user_token` `a` INNER JOIN `so_user` `b` ON `a`.`user_id`=`b`.`id` WHERE  `token` = '5d815c7ae62b8bf2ff256363b178c0bad3aa1f0ce4460cad5c17f2b85b691fc8'  AND `device_type` = 'wxapp' LIMIT 1 [ RunTime:0.004178s ]
[ sql ] [ SQL ] SHOW COLUMNS FROM `so_protocol_post` [ RunTime:0.001107s ]
[ sql ] [ SQL ] SELECT `a`.`id`,`a`.`post_title`,`a`.`post_content`,`tp`.`sign_status`,`tp`.`notes` FROM `so_protocol_post` `a` INNER JOIN `so_protocol_category_user_post` `tp` ON `a`.`id`=`tp`.`post_id` WHERE  `delete_time` = 0  AND `post_status` = 1  AND `published_time` BETWEEN 1 AND 1542305250  AND `a`.`post_status` = 1  AND `tp`.`post_id` = '1'  AND `tp`.`category_id` = 2 LIMIT 1 [ RunTime:0.000773s ]
[ sql ] [ SQL ] UPDATE `so_protocol_post`  SET `post_hits`=`post_hits`+1  WHERE  `delete_time` = 0  AND `post_status` = 1  AND `published_time` BETWEEN 1 AND 1542305250  AND `id` = 1 [ RunTime:0.044388s ]
[ sql ] [ SQL ] SHOW COLUMNS FROM `so_option` [ RunTime:0.000674s ]
[ sql ] [ SQL ] SELECT `option_value` FROM `so_option` WHERE  `option_name` = 'storage' LIMIT 1 [ RunTime:0.000421s ]
---------------------------------------------------------------
[ 2018-11-16T02:08:06+08:00 ] 192.168.0.107 POST 192.168.0.107/sign_online/admin/public/api/user/upload/one
[运行时间：0.033777s] [吞吐率：29.61req/s] [内存消耗：651.90kb] [文件加载：60]
[ info ] [ CACHE ] INIT File
[ info ] [ BEHAVIOR ] Run cmf\behavior\InitHookBehavior @app_init [ RunTime:0.000401s ]
[ info ] [ LANG ] /var/www/sign_online/admin/simplewind/thinkphp/lang/zh-cn.php
[ info ] [ ROUTE ] array (
  'type' => 'module',
  'module' => 
  array (
    0 => 'user',
    1 => 'upload',
    2 => 'one',
  ),
)
[ info ] [ HEADER ] array (
  'content-type' => 'multipart/form-data; boundary=--------------------------888416328933432736315990',
  'xx-token' => '5d815c7ae62b8bf2ff256363b178c0bad3aa1f0ce4460cad5c17f2b85b691fc8',
  'xx-device-type' => 'wxapp',
  'xx-api-version' => '1.1.0',
  'referer' => 'https://servicewechat.com/wx873594d3b167fae5/devtools/page-frame.html',
  'user-agent' => 'Mozilla/5.0 (iPhone; CPU iPhone OS 9_1 like Mac OS X) AppleWebKit/601.1.46 (KHTML, like Gecko) Version/9.0 Mobile/13B143 Safari/601.1 wechatdevtools/1.02.1809110 MicroMessenger/6.5.7 Language/zh_CN webview/',
  'host' => '192.168.0.107',
  'content-length' => '14792',
  'connection' => 'close',
)
[ info ] [ PARAM ] array (
  'protocol_id' => '1',
)
[ info ] [ LANG ] /var/www/sign_online/admin/public/api/../../simplewind/cmf/lang/zh-cn.php
[ info ] [ BEHAVIOR ] Run cmf\behavior\LangBehavior @app_begin [ RunTime:0.000256s ]
[ info ] [ DB ] INIT mysql
[ info ] [ RUN ] api\user\controller\UploadController->one[ /var/www/sign_online/admin/api/user/controller/UploadController.php ]
[ info ] [ LOG ] INIT File
[ sql ] [ DB ] CONNECT:[ UseTime:0.000564s ] mysql:host=127.0.0.1;port=3306;dbname=sign_online;charset=utf8mb4
[ sql ] [ SQL ] SHOW COLUMNS FROM `so_user_token` [ RunTime:0.000701s ]
[ sql ] [ SQL ] SELECT `b`.* FROM `so_user_token` `a` INNER JOIN `so_user` `b` ON `a`.`user_id`=`b`.`id` WHERE  `token` = '5d815c7ae62b8bf2ff256363b178c0bad3aa1f0ce4460cad5c17f2b85b691fc8'  AND `device_type` = 'wxapp' LIMIT 1 [ RunTime:0.000500s ]
[ sql ] [ SQL ] SHOW COLUMNS FROM `so_protocol_category_user_post` [ RunTime:0.000956s ]
[ sql ] [ SQL ] SELECT * FROM `so_protocol_category_user_post` WHERE  `post_id` = 1  AND `category_id` = 2 LIMIT 1 [ RunTime:0.001083s ]
---------------------------------------------------------------
[ 2018-11-16T02:08:08+08:00 ] 192.168.0.107 GET 192.168.0.107/sign_online/admin/public/api/protocol/lists?page=1&order=-published_time&token=5d815c7ae62b8bf2ff256363b178c0bad3aa1f0ce4460cad5c17f2b85b691fc8
[运行时间：0.013494s] [吞吐率：74.11req/s] [内存消耗：757.45kb] [文件加载：62]
[ info ] [ CACHE ] INIT File
[ info ] [ BEHAVIOR ] Run cmf\behavior\InitHookBehavior @app_init [ RunTime:0.000249s ]
[ info ] [ LANG ] /var/www/sign_online/admin/simplewind/thinkphp/lang/zh-cn.php
[ info ] [ ROUTE ] array (
  'type' => 'module',
  'module' => 
  array (
    0 => 'protocol',
    1 => 'lists',
    2 => NULL,
  ),
)
[ info ] [ HEADER ] array (
  'host' => '192.168.0.107',
  'connection' => 'keep-alive',
  'pragma' => 'no-cache',
  'cache-control' => 'no-cache',
  'xx-device-type' => 'wxapp',
  'user-agent' => 'Mozilla/5.0 (iPhone; CPU iPhone OS 9_1 like Mac OS X) AppleWebKit/601.1.46 (KHTML, like Gecko) Version/9.0 Mobile/13B143 Safari/601.1 wechatdevtools/1.02.1809110 MicroMessenger/6.5.7 Language/zh_CN webview/ token/04d149fe359e84c6c4da579827196a1c',
  'content-type' => 'application/x-www-form-urlencoded',
  'xx-api-version' => '1.1.0',
  'xx-token' => '5d815c7ae62b8bf2ff256363b178c0bad3aa1f0ce4460cad5c17f2b85b691fc8',
  'accept' => '*/*',
  'referer' => 'https://servicewechat.com/wx873594d3b167fae5/devtools/page-frame.html',
  'accept-encoding' => 'gzip, deflate',
)
[ info ] [ PARAM ] array (
  'page' => '1',
  'order' => '-published_time',
  'token' => '5d815c7ae62b8bf2ff256363b178c0bad3aa1f0ce4460cad5c17f2b85b691fc8',
)
[ info ] [ LANG ] /var/www/sign_online/admin/public/api/../../simplewind/cmf/lang/zh-cn.php
[ info ] [ BEHAVIOR ] Run cmf\behavior\LangBehavior @app_begin [ RunTime:0.000158s ]
[ info ] [ DB ] INIT mysql
[ info ] [ RUN ] api\protocol\controller\ListsController->index[ /var/www/sign_online/admin/api/protocol/controller/ListsController.php ]
[ info ] [ LOG ] INIT File
[ sql ] [ DB ] CONNECT:[ UseTime:0.000460s ] mysql:host=127.0.0.1;port=3306;dbname=sign_online;charset=utf8mb4
[ sql ] [ SQL ] SHOW COLUMNS FROM `so_user_token` [ RunTime:0.002852s ]
[ sql ] [ SQL ] SELECT `b`.* FROM `so_user_token` `a` INNER JOIN `so_user` `b` ON `a`.`user_id`=`b`.`id` WHERE  `token` = '5d815c7ae62b8bf2ff256363b178c0bad3aa1f0ce4460cad5c17f2b85b691fc8'  AND `device_type` = 'wxapp' LIMIT 1 [ RunTime:0.002828s ]
[ sql ] [ SQL ] SHOW COLUMNS FROM `so_protocol_post` [ RunTime:0.001566s ]
[ sql ] [ SQL ] SELECT `a`.`id`,`a`.`post_title`,`tp`.`sign_status`,`tp`.`notes` FROM `so_protocol_post` `a` INNER JOIN `so_protocol_category_user_post` `tp` ON `a`.`id`=`tp`.`post_id` WHERE  ( `delete_time` = 0 AND `delete_time` = 0 AND `delete_time` = 0 )  AND ( `post_status` = 1 AND `post_status` = 1 AND `post_status` = 1 )  AND ( `published_time` BETWEEN 1 AND 1542305288 AND `published_time` BETWEEN 1 AND 1542305288 AND `published_time` BETWEEN 1 AND 1542305288 )  AND `a`.`post_status` = 1  AND `tp`.`category_id` = 2 ORDER BY `published_time` DESC LIMIT 0,20 [ RunTime:0.000620s ]
---------------------------------------------------------------
[ 2018-11-16T02:08:59+08:00 ] 192.168.0.107 GET 192.168.0.107/sign_online/admin/public/api/protocol/articles/1
[运行时间：0.077601s] [吞吐率：12.89req/s] [内存消耗：880.34kb] [文件加载：70]
[ info ] [ CACHE ] INIT File
[ info ] [ BEHAVIOR ] Run cmf\behavior\InitHookBehavior @app_init [ RunTime:0.000303s ]
[ info ] [ LANG ] /var/www/sign_online/admin/simplewind/thinkphp/lang/zh-cn.php
[ info ] [ ROUTE ] array (
  'type' => 'module',
  'module' => 
  array (
    0 => 'protocol',
    1 => 'Articles',
    2 => 'read',
  ),
  'convert' => false,
)
[ info ] [ HEADER ] array (
  'host' => '192.168.0.107',
  'connection' => 'keep-alive',
  'pragma' => 'no-cache',
  'cache-control' => 'no-cache',
  'xx-device-type' => 'wxapp',
  'user-agent' => 'Mozilla/5.0 (iPhone; CPU iPhone OS 9_1 like Mac OS X) AppleWebKit/601.1.46 (KHTML, like Gecko) Version/9.0 Mobile/13B143 Safari/601.1 wechatdevtools/1.02.1809110 MicroMessenger/6.5.7 Language/zh_CN webview/ token/04d149fe359e84c6c4da579827196a1c',
  'content-type' => 'application/x-www-form-urlencoded',
  'xx-api-version' => '1.1.0',
  'xx-token' => '5d815c7ae62b8bf2ff256363b178c0bad3aa1f0ce4460cad5c17f2b85b691fc8',
  'accept' => '*/*',
  'referer' => 'https://servicewechat.com/wx873594d3b167fae5/devtools/page-frame.html',
  'accept-encoding' => 'gzip, deflate',
)
[ info ] [ PARAM ] array (
  'id' => '1',
)
[ info ] [ LANG ] /var/www/sign_online/admin/public/api/../../simplewind/cmf/lang/zh-cn.php
[ info ] [ BEHAVIOR ] Run cmf\behavior\LangBehavior @app_begin [ RunTime:0.000208s ]
[ info ] [ DB ] INIT mysql
[ info ] [ RUN ] api\protocol\controller\ArticlesController->read[ /var/www/sign_online/admin/api/protocol/controller/ArticlesController.php ]
[ info ] [ LOG ] INIT File
[ sql ] [ DB ] CONNECT:[ UseTime:0.000548s ] mysql:host=127.0.0.1;port=3306;dbname=sign_online;charset=utf8mb4
[ sql ] [ SQL ] SHOW COLUMNS FROM `so_user_token` [ RunTime:0.002091s ]
[ sql ] [ SQL ] SELECT `b`.* FROM `so_user_token` `a` INNER JOIN `so_user` `b` ON `a`.`user_id`=`b`.`id` WHERE  `token` = '5d815c7ae62b8bf2ff256363b178c0bad3aa1f0ce4460cad5c17f2b85b691fc8'  AND `device_type` = 'wxapp' LIMIT 1 [ RunTime:0.000784s ]
[ sql ] [ SQL ] SHOW COLUMNS FROM `so_protocol_post` [ RunTime:0.001086s ]
[ sql ] [ SQL ] SELECT `a`.`id`,`a`.`post_title`,`a`.`post_content`,`tp`.`sign_status`,`tp`.`notes` FROM `so_protocol_post` `a` INNER JOIN `so_protocol_category_user_post` `tp` ON `a`.`id`=`tp`.`post_id` WHERE  `delete_time` = 0  AND `post_status` = 1  AND `published_time` BETWEEN 1 AND 1542305339  AND `a`.`post_status` = 1  AND `tp`.`post_id` = '1'  AND `tp`.`category_id` = 2 LIMIT 1 [ RunTime:0.001179s ]
[ sql ] [ SQL ] UPDATE `so_protocol_post`  SET `post_hits`=`post_hits`+1  WHERE  `delete_time` = 0  AND `post_status` = 1  AND `published_time` BETWEEN 1 AND 1542305339  AND `id` = 1 [ RunTime:0.060358s ]
[ sql ] [ SQL ] SHOW COLUMNS FROM `so_option` [ RunTime:0.001278s ]
[ sql ] [ SQL ] SELECT `option_value` FROM `so_option` WHERE  `option_name` = 'storage' LIMIT 1 [ RunTime:0.000452s ]
---------------------------------------------------------------
[ 2018-11-16T02:09:48+08:00 ] 192.168.0.107 POST 192.168.0.107/sign_online/admin/public/api/user/upload/one
[运行时间：0.012327s] [吞吐率：81.12req/s] [内存消耗：642.72kb] [文件加载：64]
[ info ] [ CACHE ] INIT File
[ info ] [ BEHAVIOR ] Run cmf\behavior\InitHookBehavior @app_init [ RunTime:0.000211s ]
[ info ] [ LANG ] /var/www/sign_online/admin/simplewind/thinkphp/lang/zh-cn.php
[ info ] [ ROUTE ] array (
  'type' => 'module',
  'module' => 
  array (
    0 => 'user',
    1 => 'upload',
    2 => 'one',
  ),
)
[ info ] [ HEADER ] array (
  'content-type' => 'multipart/form-data; boundary=--------------------------763312951721321894048676',
  'xx-token' => '5d815c7ae62b8bf2ff256363b178c0bad3aa1f0ce4460cad5c17f2b85b691fc8',
  'xx-device-type' => 'wxapp',
  'xx-api-version' => '1.1.0',
  'referer' => 'https://servicewechat.com/wx873594d3b167fae5/devtools/page-frame.html',
  'user-agent' => 'Mozilla/5.0 (iPhone; CPU iPhone OS 9_1 like Mac OS X) AppleWebKit/601.1.46 (KHTML, like Gecko) Version/9.0 Mobile/13B143 Safari/601.1 wechatdevtools/1.02.1809110 MicroMessenger/6.5.7 Language/zh_CN webview/',
  'host' => '192.168.0.107',
  'content-length' => '14102',
  'connection' => 'close',
)
[ info ] [ PARAM ] array (
  'protocol_id' => '1',
)
[ info ] [ LANG ] /var/www/sign_online/admin/public/api/../../simplewind/cmf/lang/zh-cn.php
[ info ] [ BEHAVIOR ] Run cmf\behavior\LangBehavior @app_begin [ RunTime:0.000131s ]
[ info ] [ DB ] INIT mysql
[ info ] [ RUN ] api\user\controller\UploadController->one[ /var/www/sign_online/admin/api/user/controller/UploadController.php ]
[ info ] [ LOG ] INIT File
[ sql ] [ DB ] CONNECT:[ UseTime:0.000594s ] mysql:host=127.0.0.1;port=3306;dbname=sign_online;charset=utf8mb4
[ sql ] [ SQL ] SHOW COLUMNS FROM `so_user_token` [ RunTime:0.000980s ]
[ sql ] [ SQL ] SELECT `b`.* FROM `so_user_token` `a` INNER JOIN `so_user` `b` ON `a`.`user_id`=`b`.`id` WHERE  `token` = '5d815c7ae62b8bf2ff256363b178c0bad3aa1f0ce4460cad5c17f2b85b691fc8'  AND `device_type` = 'wxapp' LIMIT 1 [ RunTime:0.000676s ]
[ error ] [2]imagepng(/var/www/sign_online/admin/public/upload/123/1542305388.png): failed to open stream: No such file or directory[/var/www/sign_online/admin/simplewind/vendor/topthink/think-image/src/Image.php:134]
